--------------- Build Started: 07/17/2015 15:06:44 Project: Interface_driver, Configuration: ARM GCC 4.8.4 Debug ---------------
The code generation step is up to date.
arm-none-eabi-gcc.exe -mcpu=cortex-m0 -mthumb -Wno-main -I. -IGenerated_Source\PSoC4 -Wa,-alh=.\CortexM0\ARM_GCC_484\Debug/main.lst -g -D DEBUG -Wall -ffunction-sections -Og -c .\main.c -o .\CortexM0\ARM_GCC_484\Debug\main.o
.\main.c:132:13: warning: 'BaudRate' defined but not used [-Wunused-function]
 static void BaudRate(char baudios)
             ^
.\main.c:20:13: warning: 'send' declared 'static' but never defined [-Wunused-function]
 static void send(char8 bytes[], float tr);
             ^
.\main.c:21:12: warning: 'read_datablock' declared 'static' but never defined [-Wunused-function]
 static int read_datablock(char8* data);
            ^
.\main.c:22:13: warning: 'readlineCR' declared 'static' but never defined [-Wunused-function]
 static void readlineCR(char8* line, int select);
             ^
.\main.c:23:13: warning: 'substr' declared 'static' but never defined [-Wunused-function]
 static void substr(char8* substring, char8* string, int start, int end);
             ^
arm-none-eabi-ar.exe -rs .\CortexM0\ARM_GCC_484\Debug\Interface_driver.a .\CortexM0\ARM_GCC_484\Debug\cyfitter_cfg.o .\CortexM0\ARM_GCC_484\Debug\UART_1.o .\CortexM0\ARM_GCC_484\Debug\UART_1_I2C_INT.o .\CortexM0\ARM_GCC_484\Debug\UART_1_I2C.o .\CortexM0\ARM_GCC_484\Debug\UART_1_I2C_BOOT.o .\CortexM0\ARM_GCC_484\Debug\UART_1_SPI_UART.o .\CortexM0\ARM_GCC_484\Debug\UART_1_SPI_UART_INT.o .\CortexM0\ARM_GCC_484\Debug\UART_1_I2C_MASTER.o .\CortexM0\ARM_GCC_484\Debug\UART_1_I2C_SLAVE.o .\CortexM0\ARM_GCC_484\Debug\UART_1_PM.o .\CortexM0\ARM_GCC_484\Debug\UART_1_SPI.o .\CortexM0\ARM_GCC_484\Debug\UART_1_UART.o .\CortexM0\ARM_GCC_484\Debug\UART_1_BOOT.o .\CortexM0\ARM_GCC_484\Debug\UART_1_SPI_BOOT.o .\CortexM0\ARM_GCC_484\Debug\UART_1_UART_BOOT.o .\CortexM0\ARM_GCC_484\Debug\UART_1_EZI2C.o .\CortexM0\ARM_GCC_484\Debug\UART_1_EZI2C_INT.o .\CortexM0\ARM_GCC_484\Debug\UART_1_EZI2C_BOOT.o .\CortexM0\ARM_GCC_484\Debug\UART_2.o .\CortexM0\ARM_GCC_484\Debug\UART_2_SPI_UART.o .\CortexM0\ARM_GCC_484\Debug\UART_2_SPI_UART_INT.o .\CortexM0\ARM_GCC_484\Debug\UART_2_PM.o .\CortexM0\ARM_GCC_484\Debug\UART_2_UART.o .\CortexM0\ARM_GCC_484\Debug\UART_2_BOOT.o .\CortexM0\ARM_GCC_484\Debug\UART_2_UART_BOOT.o .\CortexM0\ARM_GCC_484\Debug\UART_CLK.o .\CortexM0\ARM_GCC_484\Debug\UART_1_uart_rx_i2c_scl_spi_mosi.o .\CortexM0\ARM_GCC_484\Debug\UART_1_uart_tx_i2c_sda_spi_miso.o .\CortexM0\ARM_GCC_484\Debug\UART_1_SCB_IRQ.o .\CortexM0\ARM_GCC_484\Debug\UART_2_SCBCLK.o .\CortexM0\ARM_GCC_484\Debug\UART_2_tx.o .\CortexM0\ARM_GCC_484\Debug\UART_2_rx.o .\CortexM0\ARM_GCC_484\Debug\CyBootAsmGnu.o .\CortexM0\ARM_GCC_484\Debug\CyFlash.o .\CortexM0\ARM_GCC_484\Debug\CyLib.o .\CortexM0\ARM_GCC_484\Debug\cyPm.o .\CortexM0\ARM_GCC_484\Debug\cyutils.o .\CortexM0\ARM_GCC_484\Debug\CyLFClk.o
arm-none-eabi-ar.exe: creating .\CortexM0\ARM_GCC_484\Debug\Interface_driver.a
arm-none-eabi-gcc.exe -Wl,--start-group -o .\CortexM0\ARM_GCC_484\Debug\Interface_driver.elf .\CortexM0\ARM_GCC_484\Debug\main.o .\CortexM0\ARM_GCC_484\Debug\cymetadata.o .\CortexM0\ARM_GCC_484\Debug\Cm0Start.o .\CortexM0\ARM_GCC_484\Debug\Interface_driver.a "C:\Program Files (x86)\Cypress\PSoC Creator\3.2\PSoC Creator\psoc\content\cycomponentlibrary\CyComponentLibrary.cylib\CortexM0\ARM_GCC_484\Debug\CyComponentLibrary.a" -mcpu=cortex-m0 -mthumb -g -ffunction-sections -Og -Wl,-Map,.\CortexM0\ARM_GCC_484\Debug/Interface_driver.map -T Generated_Source\PSoC4\cm0gcc.ld -specs=nano.specs -Wl,--gc-sections -Wl,--end-group
cyelftool.exe -C "C:\Users\Marcelo\Documents\Proyecto_Tesis\tablero_hogar\Psoc_Creator\Data Exchange MT174\Interface_driver.cydsn\CortexM0\ARM_GCC_484\Debug\Interface_driver.elf" --flash_row_size 128 --flash_size 32768
cyelftool.exe -S "C:\Users\Marcelo\Documents\Proyecto_Tesis\tablero_hogar\Psoc_Creator\Data Exchange MT174\Interface_driver.cydsn\CortexM0\ARM_GCC_484\Debug\Interface_driver.elf"
Flash used: 1664 of 32768 bytes (5.1 %).
SRAM used: 1428 of 4096 bytes (34.9 %). Stack: 1024 bytes. Heap: 128 bytes.
--------------- Build Succeeded: 07/17/2015 15:06:45 ---------------
