ARM GAS  C:\Users\marce\AppData\Local\Temp\ccNpYbpQ.s 			page 1


   1              		.cpu cortex-m0
   2              		.fpu softvfp
   3              		.eabi_attribute 20, 1
   4              		.eabi_attribute 21, 1
   5              		.eabi_attribute 23, 3
   6              		.eabi_attribute 24, 1
   7              		.eabi_attribute 25, 1
   8              		.eabi_attribute 26, 1
   9              		.eabi_attribute 30, 1
  10              		.eabi_attribute 34, 0
  11              		.eabi_attribute 18, 4
  12              		.code	16
  13              		.file	"cyfitter_cfg.c"
  14              		.text
  15              	.Ltext0:
  16              		.cfi_sections	.debug_frame
  17              		.section	.text.CYMEMZERO,"ax",%progbits
  18              		.align	2
  19              		.code	16
  20              		.thumb_func
  21              		.type	CYMEMZERO, %function
  22              	CYMEMZERO:
  23              	.LFB0:
  24              		.file 1 ".\\Generated_Source\\PSoC4\\cyfitter_cfg.c"
   1:.\Generated_Source\PSoC4/cyfitter_cfg.c **** /*******************************************************************************
   2:.\Generated_Source\PSoC4/cyfitter_cfg.c **** * FILENAME: cyfitter_cfg.c
   3:.\Generated_Source\PSoC4/cyfitter_cfg.c **** * 
   4:.\Generated_Source\PSoC4/cyfitter_cfg.c **** * PSoC Creator  3.2
   5:.\Generated_Source\PSoC4/cyfitter_cfg.c **** *
   6:.\Generated_Source\PSoC4/cyfitter_cfg.c **** * DESCRIPTION:
   7:.\Generated_Source\PSoC4/cyfitter_cfg.c **** * This file contains device initialization code.
   8:.\Generated_Source\PSoC4/cyfitter_cfg.c **** * Except for the user defined sections in CyClockStartupError(), this file should not be modified.
   9:.\Generated_Source\PSoC4/cyfitter_cfg.c **** * This file is automatically generated by PSoC Creator.
  10:.\Generated_Source\PSoC4/cyfitter_cfg.c **** *
  11:.\Generated_Source\PSoC4/cyfitter_cfg.c **** ********************************************************************************
  12:.\Generated_Source\PSoC4/cyfitter_cfg.c **** * Copyright (c) 2007-2015 Cypress Semiconductor.  All rights reserved.
  13:.\Generated_Source\PSoC4/cyfitter_cfg.c **** * You may use this file only in accordance with the license, terms, conditions, 
  14:.\Generated_Source\PSoC4/cyfitter_cfg.c **** * disclaimers, and limitations in the end user license agreement accompanying 
  15:.\Generated_Source\PSoC4/cyfitter_cfg.c **** * the software package with which this file was provided.
  16:.\Generated_Source\PSoC4/cyfitter_cfg.c **** ********************************************************************************/
  17:.\Generated_Source\PSoC4/cyfitter_cfg.c **** 
  18:.\Generated_Source\PSoC4/cyfitter_cfg.c **** #include <string.h>
  19:.\Generated_Source\PSoC4/cyfitter_cfg.c **** #include "cytypes.h"
  20:.\Generated_Source\PSoC4/cyfitter_cfg.c **** #include "cydevice_trm.h"
  21:.\Generated_Source\PSoC4/cyfitter_cfg.c **** #include "cyfitter.h"
  22:.\Generated_Source\PSoC4/cyfitter_cfg.c **** #include "CyLib.h"
  23:.\Generated_Source\PSoC4/cyfitter_cfg.c **** #include "CyLFClk.h"
  24:.\Generated_Source\PSoC4/cyfitter_cfg.c **** #include "cyfitter_cfg.h"
  25:.\Generated_Source\PSoC4/cyfitter_cfg.c **** 
  26:.\Generated_Source\PSoC4/cyfitter_cfg.c **** 
  27:.\Generated_Source\PSoC4/cyfitter_cfg.c **** #if defined(__GNUC__) || defined(__ARMCC_VERSION)
  28:.\Generated_Source\PSoC4/cyfitter_cfg.c ****     #define CYPACKED 
  29:.\Generated_Source\PSoC4/cyfitter_cfg.c ****     #define CYPACKED_ATTR __attribute__ ((packed))
  30:.\Generated_Source\PSoC4/cyfitter_cfg.c ****     #define CYALIGNED __attribute__ ((aligned))
  31:.\Generated_Source\PSoC4/cyfitter_cfg.c ****     #define CY_CFG_UNUSED __attribute__ ((unused))
  32:.\Generated_Source\PSoC4/cyfitter_cfg.c ****     #define CY_CFG_SECTION __attribute__ ((section(".psocinit")))
  33:.\Generated_Source\PSoC4/cyfitter_cfg.c ****     
ARM GAS  C:\Users\marce\AppData\Local\Temp\ccNpYbpQ.s 			page 2


  34:.\Generated_Source\PSoC4/cyfitter_cfg.c ****     #if defined(__ARMCC_VERSION)
  35:.\Generated_Source\PSoC4/cyfitter_cfg.c ****         #define CY_CFG_MEMORY_BARRIER() __memory_changed()
  36:.\Generated_Source\PSoC4/cyfitter_cfg.c ****     #else
  37:.\Generated_Source\PSoC4/cyfitter_cfg.c ****         #define CY_CFG_MEMORY_BARRIER() __sync_synchronize()
  38:.\Generated_Source\PSoC4/cyfitter_cfg.c ****     #endif
  39:.\Generated_Source\PSoC4/cyfitter_cfg.c ****     
  40:.\Generated_Source\PSoC4/cyfitter_cfg.c **** #elif defined(__ICCARM__)
  41:.\Generated_Source\PSoC4/cyfitter_cfg.c ****     #include <intrinsics.h>
  42:.\Generated_Source\PSoC4/cyfitter_cfg.c **** 
  43:.\Generated_Source\PSoC4/cyfitter_cfg.c ****     #define CYPACKED __packed
  44:.\Generated_Source\PSoC4/cyfitter_cfg.c ****     #define CYPACKED_ATTR 
  45:.\Generated_Source\PSoC4/cyfitter_cfg.c ****     #define CYALIGNED _Pragma("data_alignment=4")
  46:.\Generated_Source\PSoC4/cyfitter_cfg.c ****     #define CY_CFG_UNUSED _Pragma("diag_suppress=Pe177")
  47:.\Generated_Source\PSoC4/cyfitter_cfg.c ****     #define CY_CFG_SECTION _Pragma("location=\".psocinit\"")
  48:.\Generated_Source\PSoC4/cyfitter_cfg.c ****     
  49:.\Generated_Source\PSoC4/cyfitter_cfg.c ****     #define CY_CFG_MEMORY_BARRIER() __DMB()
  50:.\Generated_Source\PSoC4/cyfitter_cfg.c ****     
  51:.\Generated_Source\PSoC4/cyfitter_cfg.c **** #else
  52:.\Generated_Source\PSoC4/cyfitter_cfg.c ****     #error Unsupported toolchain
  53:.\Generated_Source\PSoC4/cyfitter_cfg.c **** #endif
  54:.\Generated_Source\PSoC4/cyfitter_cfg.c **** 
  55:.\Generated_Source\PSoC4/cyfitter_cfg.c **** 
  56:.\Generated_Source\PSoC4/cyfitter_cfg.c **** CY_CFG_UNUSED
  57:.\Generated_Source\PSoC4/cyfitter_cfg.c **** static void CYMEMZERO(void *s, size_t n);
  58:.\Generated_Source\PSoC4/cyfitter_cfg.c **** CY_CFG_UNUSED
  59:.\Generated_Source\PSoC4/cyfitter_cfg.c **** static void CYMEMZERO(void *s, size_t n)
  60:.\Generated_Source\PSoC4/cyfitter_cfg.c **** {
  25              		.loc 1 60 0
  26              		.cfi_startproc
  27              	.LVL0:
  28 0000 08B5     		push	{r3, lr}
  29              		.cfi_def_cfa_offset 8
  30              		.cfi_offset 3, -8
  31              		.cfi_offset 14, -4
  32 0002 0A1C     		mov	r2, r1
  61:.\Generated_Source\PSoC4/cyfitter_cfg.c **** 	(void)memset(s, 0, n);
  33              		.loc 1 61 0
  34 0004 0021     		mov	r1, #0
  35              	.LVL1:
  36 0006 FFF7FEFF 		bl	memset
  37              	.LVL2:
  62:.\Generated_Source\PSoC4/cyfitter_cfg.c **** }
  38              		.loc 1 62 0
  39              		@ sp needed
  40 000a 08BD     		pop	{r3, pc}
  41              		.cfi_endproc
  42              	.LFE0:
  43              		.size	CYMEMZERO, .-CYMEMZERO
  44              		.section	.psocinit,"ax",%progbits
  45              		.align	2
  46              		.code	16
  47              		.thumb_func
  48              		.type	ClockSetup, %function
  49              	ClockSetup:
  50              	.LFB3:
  63:.\Generated_Source\PSoC4/cyfitter_cfg.c **** CY_CFG_UNUSED
  64:.\Generated_Source\PSoC4/cyfitter_cfg.c **** static void CYCONFIGCPY(void *dest, const void *src, size_t n);
ARM GAS  C:\Users\marce\AppData\Local\Temp\ccNpYbpQ.s 			page 3


  65:.\Generated_Source\PSoC4/cyfitter_cfg.c **** CY_CFG_UNUSED
  66:.\Generated_Source\PSoC4/cyfitter_cfg.c **** static void CYCONFIGCPY(void *dest, const void *src, size_t n)
  67:.\Generated_Source\PSoC4/cyfitter_cfg.c **** {
  68:.\Generated_Source\PSoC4/cyfitter_cfg.c **** 	(void)memcpy(dest, src, n);
  69:.\Generated_Source\PSoC4/cyfitter_cfg.c **** }
  70:.\Generated_Source\PSoC4/cyfitter_cfg.c **** CY_CFG_UNUSED
  71:.\Generated_Source\PSoC4/cyfitter_cfg.c **** static void CYCONFIGCPYCODE(void *dest, const void *src, size_t n);
  72:.\Generated_Source\PSoC4/cyfitter_cfg.c **** CY_CFG_UNUSED
  73:.\Generated_Source\PSoC4/cyfitter_cfg.c **** static void CYCONFIGCPYCODE(void *dest, const void *src, size_t n)
  74:.\Generated_Source\PSoC4/cyfitter_cfg.c **** {
  75:.\Generated_Source\PSoC4/cyfitter_cfg.c **** 	(void)memcpy(dest, src, n);
  76:.\Generated_Source\PSoC4/cyfitter_cfg.c **** }
  77:.\Generated_Source\PSoC4/cyfitter_cfg.c **** 
  78:.\Generated_Source\PSoC4/cyfitter_cfg.c **** 
  79:.\Generated_Source\PSoC4/cyfitter_cfg.c **** 
  80:.\Generated_Source\PSoC4/cyfitter_cfg.c **** /* Clock startup error codes                                                   */
  81:.\Generated_Source\PSoC4/cyfitter_cfg.c **** #define CYCLOCKSTART_NO_ERROR    0u
  82:.\Generated_Source\PSoC4/cyfitter_cfg.c **** #define CYCLOCKSTART_XTAL_ERROR  1u
  83:.\Generated_Source\PSoC4/cyfitter_cfg.c **** #define CYCLOCKSTART_32KHZ_ERROR 2u
  84:.\Generated_Source\PSoC4/cyfitter_cfg.c **** #define CYCLOCKSTART_PLL_ERROR   3u
  85:.\Generated_Source\PSoC4/cyfitter_cfg.c **** 
  86:.\Generated_Source\PSoC4/cyfitter_cfg.c **** #ifdef CY_NEED_CYCLOCKSTARTUPERROR
  87:.\Generated_Source\PSoC4/cyfitter_cfg.c **** /*******************************************************************************
  88:.\Generated_Source\PSoC4/cyfitter_cfg.c **** * Function Name: CyClockStartupError
  89:.\Generated_Source\PSoC4/cyfitter_cfg.c **** ********************************************************************************
  90:.\Generated_Source\PSoC4/cyfitter_cfg.c **** * Summary:
  91:.\Generated_Source\PSoC4/cyfitter_cfg.c **** *  If an error is encountered during clock configuration (crystal startup error,
  92:.\Generated_Source\PSoC4/cyfitter_cfg.c **** *  PLL lock error, etc.), the system will end up here.  Unless reimplemented by
  93:.\Generated_Source\PSoC4/cyfitter_cfg.c **** *  the customer, this function will stop in an infinite loop.
  94:.\Generated_Source\PSoC4/cyfitter_cfg.c **** *
  95:.\Generated_Source\PSoC4/cyfitter_cfg.c **** * Parameters:
  96:.\Generated_Source\PSoC4/cyfitter_cfg.c **** *   void
  97:.\Generated_Source\PSoC4/cyfitter_cfg.c **** *
  98:.\Generated_Source\PSoC4/cyfitter_cfg.c **** * Return:
  99:.\Generated_Source\PSoC4/cyfitter_cfg.c **** *   void
 100:.\Generated_Source\PSoC4/cyfitter_cfg.c **** *
 101:.\Generated_Source\PSoC4/cyfitter_cfg.c **** *******************************************************************************/
 102:.\Generated_Source\PSoC4/cyfitter_cfg.c **** CY_CFG_UNUSED
 103:.\Generated_Source\PSoC4/cyfitter_cfg.c **** static void CyClockStartupError(uint8 errorCode);
 104:.\Generated_Source\PSoC4/cyfitter_cfg.c **** CY_CFG_UNUSED
 105:.\Generated_Source\PSoC4/cyfitter_cfg.c **** static void CyClockStartupError(uint8 errorCode)
 106:.\Generated_Source\PSoC4/cyfitter_cfg.c **** {
 107:.\Generated_Source\PSoC4/cyfitter_cfg.c ****     /* To remove the compiler warning if errorCode not used.                */
 108:.\Generated_Source\PSoC4/cyfitter_cfg.c ****     errorCode = errorCode;
 109:.\Generated_Source\PSoC4/cyfitter_cfg.c **** 
 110:.\Generated_Source\PSoC4/cyfitter_cfg.c ****     /* `#START CyClockStartupError` */
 111:.\Generated_Source\PSoC4/cyfitter_cfg.c **** 
 112:.\Generated_Source\PSoC4/cyfitter_cfg.c ****     /* If we have a clock startup error (bad MHz crystal, PLL lock, etc.),  */
 113:.\Generated_Source\PSoC4/cyfitter_cfg.c ****     /* we will end up here to allow the customer to implement something to  */
 114:.\Generated_Source\PSoC4/cyfitter_cfg.c ****     /* deal with the clock condition.                                       */
 115:.\Generated_Source\PSoC4/cyfitter_cfg.c **** 
 116:.\Generated_Source\PSoC4/cyfitter_cfg.c ****     /* `#END` */
 117:.\Generated_Source\PSoC4/cyfitter_cfg.c **** 
 118:.\Generated_Source\PSoC4/cyfitter_cfg.c ****     /* If nothing else, stop here since the clocks have not started         */
 119:.\Generated_Source\PSoC4/cyfitter_cfg.c ****     /* correctly.                                                           */
 120:.\Generated_Source\PSoC4/cyfitter_cfg.c ****     while(1) {}
 121:.\Generated_Source\PSoC4/cyfitter_cfg.c **** }
ARM GAS  C:\Users\marce\AppData\Local\Temp\ccNpYbpQ.s 			page 4


 122:.\Generated_Source\PSoC4/cyfitter_cfg.c **** #endif
 123:.\Generated_Source\PSoC4/cyfitter_cfg.c **** 
 124:.\Generated_Source\PSoC4/cyfitter_cfg.c **** 
 125:.\Generated_Source\PSoC4/cyfitter_cfg.c **** 
 126:.\Generated_Source\PSoC4/cyfitter_cfg.c **** /*******************************************************************************
 127:.\Generated_Source\PSoC4/cyfitter_cfg.c **** * Function Name: ClockSetup
 128:.\Generated_Source\PSoC4/cyfitter_cfg.c **** ********************************************************************************
 129:.\Generated_Source\PSoC4/cyfitter_cfg.c **** *
 130:.\Generated_Source\PSoC4/cyfitter_cfg.c **** * Summary:
 131:.\Generated_Source\PSoC4/cyfitter_cfg.c **** *   Performs the initialization of all of the clocks in the device based on the
 132:.\Generated_Source\PSoC4/cyfitter_cfg.c **** *   settings in the Clock tab of the DWR.  This includes enabling the requested
 133:.\Generated_Source\PSoC4/cyfitter_cfg.c **** *   clocks and setting the necessary dividers to produce the desired frequency. 
 134:.\Generated_Source\PSoC4/cyfitter_cfg.c **** *
 135:.\Generated_Source\PSoC4/cyfitter_cfg.c **** * Parameters:
 136:.\Generated_Source\PSoC4/cyfitter_cfg.c **** *   void
 137:.\Generated_Source\PSoC4/cyfitter_cfg.c **** *
 138:.\Generated_Source\PSoC4/cyfitter_cfg.c **** * Return:
 139:.\Generated_Source\PSoC4/cyfitter_cfg.c **** *   void
 140:.\Generated_Source\PSoC4/cyfitter_cfg.c **** *
 141:.\Generated_Source\PSoC4/cyfitter_cfg.c **** *******************************************************************************/
 142:.\Generated_Source\PSoC4/cyfitter_cfg.c **** static void ClockSetup(void);
 143:.\Generated_Source\PSoC4/cyfitter_cfg.c **** CY_CFG_SECTION
 144:.\Generated_Source\PSoC4/cyfitter_cfg.c **** static void ClockSetup(void)
 145:.\Generated_Source\PSoC4/cyfitter_cfg.c **** {
  51              		.loc 1 145 0
  52              		.cfi_startproc
  53 0000 10B5     		push	{r4, lr}
  54              		.cfi_def_cfa_offset 8
  55              		.cfi_offset 4, -8
  56              		.cfi_offset 14, -4
 146:.\Generated_Source\PSoC4/cyfitter_cfg.c **** 	/* Enable HALF_EN before trimming for the flash accelerator. */
 147:.\Generated_Source\PSoC4/cyfitter_cfg.c **** 	CY_SET_REG32((void CYXDATA *)(CYREG_CLK_SELECT), (CY_GET_REG32((void *)CYREG_CLK_SELECT) | 0x00040
  57              		.loc 1 147 0
  58 0002 154C     		ldr	r4, .L3
  59 0004 2268     		ldr	r2, [r4]
  60 0006 8023     		mov	r3, #128
  61 0008 DB02     		lsl	r3, r3, #11
  62 000a 1343     		orr	r3, r2
  63 000c 2360     		str	r3, [r4]
 148:.\Generated_Source\PSoC4/cyfitter_cfg.c **** 
 149:.\Generated_Source\PSoC4/cyfitter_cfg.c **** 	/* Setup and trim IMO based on desired frequency. */
 150:.\Generated_Source\PSoC4/cyfitter_cfg.c **** 	CySysClkWriteImoFreq(24u);
  64              		.loc 1 150 0
  65 000e 1820     		mov	r0, #24
  66 0010 FFF7FEFF 		bl	CySysClkWriteImoFreq
  67              	.LVL3:
 151:.\Generated_Source\PSoC4/cyfitter_cfg.c **** 
 152:.\Generated_Source\PSoC4/cyfitter_cfg.c **** 	/* Disable HALF_EN since it is not required at this IMO frequency. */
 153:.\Generated_Source\PSoC4/cyfitter_cfg.c **** 	CY_SET_REG32((void CYXDATA *)(CYREG_CLK_SELECT), (CY_GET_REG32((void *)CYREG_CLK_SELECT) & 0xFFFBF
  68              		.loc 1 153 0
  69 0014 2268     		ldr	r2, [r4]
  70 0016 114B     		ldr	r3, .L3+4
  71 0018 1340     		and	r3, r2
  72 001a 2360     		str	r3, [r4]
 154:.\Generated_Source\PSoC4/cyfitter_cfg.c **** 	/* CYDEV_CLK_ILO_CONFIG Starting address: CYDEV_CLK_ILO_CONFIG */
 155:.\Generated_Source\PSoC4/cyfitter_cfg.c **** 	CY_SET_XTND_REG32((void CYFAR *)(CYREG_CLK_ILO_CONFIG), 0x80000006u);
  73              		.loc 1 155 0
ARM GAS  C:\Users\marce\AppData\Local\Temp\ccNpYbpQ.s 			page 5


  74 001c 104A     		ldr	r2, .L3+8
  75 001e 114B     		ldr	r3, .L3+12
  76 0020 1A60     		str	r2, [r3]
 156:.\Generated_Source\PSoC4/cyfitter_cfg.c **** 
 157:.\Generated_Source\PSoC4/cyfitter_cfg.c **** 
 158:.\Generated_Source\PSoC4/cyfitter_cfg.c **** 	/* CYDEV_CLK_SELECT00 Starting address: CYDEV_CLK_SELECT00 */
 159:.\Generated_Source\PSoC4/cyfitter_cfg.c **** 	CY_SET_XTND_REG32((void CYFAR *)(CYREG_CLK_SELECT02), 0x00000020u);
  77              		.loc 1 159 0
  78 0022 2022     		mov	r2, #32
  79 0024 104B     		ldr	r3, .L3+16
  80 0026 1A60     		str	r2, [r3]
 160:.\Generated_Source\PSoC4/cyfitter_cfg.c **** 	CY_SET_XTND_REG32((void CYFAR *)(CYREG_CLK_SELECT03), 0x00000010u);
  81              		.loc 1 160 0
  82 0028 1022     		mov	r2, #16
  83 002a 104B     		ldr	r3, .L3+20
  84 002c 1A60     		str	r2, [r3]
 161:.\Generated_Source\PSoC4/cyfitter_cfg.c **** 
 162:.\Generated_Source\PSoC4/cyfitter_cfg.c **** 	/* CYDEV_CLK_IMO_CONFIG Starting address: CYDEV_CLK_IMO_CONFIG */
 163:.\Generated_Source\PSoC4/cyfitter_cfg.c **** 	CY_SET_XTND_REG32((void CYFAR *)(CYREG_CLK_IMO_CONFIG), 0x80000000u);
  85              		.loc 1 163 0
  86 002e 8023     		mov	r3, #128
  87 0030 1B06     		lsl	r3, r3, #24
  88 0032 0F4A     		ldr	r2, .L3+24
  89 0034 1360     		str	r3, [r2]
 164:.\Generated_Source\PSoC4/cyfitter_cfg.c **** 
 165:.\Generated_Source\PSoC4/cyfitter_cfg.c **** 	/* CYDEV_CLK_DIVIDER_A00 Starting address: CYDEV_CLK_DIVIDER_A00 */
 166:.\Generated_Source\PSoC4/cyfitter_cfg.c **** 	CY_SET_XTND_REG32((void CYFAR *)(CYREG_CLK_DIVIDER_A00), 0x80000000u);
  90              		.loc 1 166 0
  91 0036 0F4A     		ldr	r2, .L3+28
  92 0038 1360     		str	r3, [r2]
 167:.\Generated_Source\PSoC4/cyfitter_cfg.c **** 
 168:.\Generated_Source\PSoC4/cyfitter_cfg.c **** 	/* CYDEV_CLK_DIVIDER_B00 Starting address: CYDEV_CLK_DIVIDER_B00 */
 169:.\Generated_Source\PSoC4/cyfitter_cfg.c **** 	CY_SET_XTND_REG32((void CYFAR *)(CYREG_CLK_DIVIDER_B00), 0x800000CFu);
  93              		.loc 1 169 0
  94 003a 0F4A     		ldr	r2, .L3+32
  95 003c 0F4B     		ldr	r3, .L3+36
  96 003e 1A60     		str	r2, [r3]
 170:.\Generated_Source\PSoC4/cyfitter_cfg.c **** 
 171:.\Generated_Source\PSoC4/cyfitter_cfg.c **** 	(void)CyIntSetVector(9u, &CySysWdtIsr);
  97              		.loc 1 171 0
  98 0040 0920     		mov	r0, #9
  99 0042 0F49     		ldr	r1, .L3+40
 100 0044 FFF7FEFF 		bl	CyIntSetVector
 101              	.LVL4:
 172:.\Generated_Source\PSoC4/cyfitter_cfg.c **** 	CyIntEnable(9u);
 102              		.loc 1 172 0
 103 0048 0920     		mov	r0, #9
 104 004a FFF7FEFF 		bl	CyIntEnable
 105              	.LVL5:
 173:.\Generated_Source\PSoC4/cyfitter_cfg.c **** 	CY_SET_XTND_REG32((void CYFAR *)(CYREG_WDT_CONFIG), 0x00000000u);
 106              		.loc 1 173 0
 107 004e 0022     		mov	r2, #0
 108 0050 0C4B     		ldr	r3, .L3+44
 109 0052 1A60     		str	r2, [r3]
 174:.\Generated_Source\PSoC4/cyfitter_cfg.c **** }
 110              		.loc 1 174 0
 111              		@ sp needed
ARM GAS  C:\Users\marce\AppData\Local\Temp\ccNpYbpQ.s 			page 6


 112 0054 10BD     		pop	{r4, pc}
 113              	.L4:
 114 0056 C046     		.align	2
 115              	.L3:
 116 0058 00010B40 		.word	1074462976
 117 005c FFFFFBFF 		.word	-262145
 118 0060 06000080 		.word	-2147483642
 119 0064 04010B40 		.word	1074462980
 120 0068 08020240 		.word	1073873416
 121 006c 0C020240 		.word	1073873420
 122 0070 08010B40 		.word	1074462984
 123 0074 00000240 		.word	1073872896
 124 0078 CF000080 		.word	-2147483441
 125 007c 40000240 		.word	1073872960
 126 0080 00000000 		.word	CySysWdtIsr
 127 0084 0C020B40 		.word	1074463244
 128              		.cfi_endproc
 129              	.LFE3:
 130              		.size	ClockSetup, .-ClockSetup
 131              		.align	2
 132              		.global	cyfitter_cfg
 133              		.code	16
 134              		.thumb_func
 135              		.type	cyfitter_cfg, %function
 136              	cyfitter_cfg:
 137              	.LFB5:
 175:.\Generated_Source\PSoC4/cyfitter_cfg.c **** 
 176:.\Generated_Source\PSoC4/cyfitter_cfg.c **** 
 177:.\Generated_Source\PSoC4/cyfitter_cfg.c **** /* Analog API Functions */
 178:.\Generated_Source\PSoC4/cyfitter_cfg.c **** 
 179:.\Generated_Source\PSoC4/cyfitter_cfg.c **** 
 180:.\Generated_Source\PSoC4/cyfitter_cfg.c **** /*******************************************************************************
 181:.\Generated_Source\PSoC4/cyfitter_cfg.c **** * Function Name: AnalogSetDefault
 182:.\Generated_Source\PSoC4/cyfitter_cfg.c **** ********************************************************************************
 183:.\Generated_Source\PSoC4/cyfitter_cfg.c **** *
 184:.\Generated_Source\PSoC4/cyfitter_cfg.c **** * Summary:
 185:.\Generated_Source\PSoC4/cyfitter_cfg.c **** *  Sets up the analog portions of the chip to default values based on chip
 186:.\Generated_Source\PSoC4/cyfitter_cfg.c **** *  configuration options from the project.
 187:.\Generated_Source\PSoC4/cyfitter_cfg.c **** *
 188:.\Generated_Source\PSoC4/cyfitter_cfg.c **** * Parameters:
 189:.\Generated_Source\PSoC4/cyfitter_cfg.c **** *  void
 190:.\Generated_Source\PSoC4/cyfitter_cfg.c **** *
 191:.\Generated_Source\PSoC4/cyfitter_cfg.c **** * Return:
 192:.\Generated_Source\PSoC4/cyfitter_cfg.c **** *  void
 193:.\Generated_Source\PSoC4/cyfitter_cfg.c **** *
 194:.\Generated_Source\PSoC4/cyfitter_cfg.c **** *******************************************************************************/
 195:.\Generated_Source\PSoC4/cyfitter_cfg.c **** static void AnalogSetDefault(void);
 196:.\Generated_Source\PSoC4/cyfitter_cfg.c **** static void AnalogSetDefault(void)
 197:.\Generated_Source\PSoC4/cyfitter_cfg.c **** {
 198:.\Generated_Source\PSoC4/cyfitter_cfg.c **** }
 199:.\Generated_Source\PSoC4/cyfitter_cfg.c **** 
 200:.\Generated_Source\PSoC4/cyfitter_cfg.c **** #define CY_AMUX_UNUSED CYREG_CM0_ROM_DWT
 201:.\Generated_Source\PSoC4/cyfitter_cfg.c **** 
 202:.\Generated_Source\PSoC4/cyfitter_cfg.c **** 
 203:.\Generated_Source\PSoC4/cyfitter_cfg.c **** /*******************************************************************************
 204:.\Generated_Source\PSoC4/cyfitter_cfg.c **** * Function Name: cyfitter_cfg
 205:.\Generated_Source\PSoC4/cyfitter_cfg.c **** ********************************************************************************
ARM GAS  C:\Users\marce\AppData\Local\Temp\ccNpYbpQ.s 			page 7


 206:.\Generated_Source\PSoC4/cyfitter_cfg.c **** * Summary:
 207:.\Generated_Source\PSoC4/cyfitter_cfg.c **** *  This function is called by the start-up code for the selected device. It
 208:.\Generated_Source\PSoC4/cyfitter_cfg.c **** *  performs all of the necessary device configuration based on the design
 209:.\Generated_Source\PSoC4/cyfitter_cfg.c **** *  settings.  This includes settings from the Design Wide Resources (DWR) such
 210:.\Generated_Source\PSoC4/cyfitter_cfg.c **** *  as Clocks and Pins as well as any component configuration that is necessary.
 211:.\Generated_Source\PSoC4/cyfitter_cfg.c **** *
 212:.\Generated_Source\PSoC4/cyfitter_cfg.c **** * Parameters:  
 213:.\Generated_Source\PSoC4/cyfitter_cfg.c **** *   void
 214:.\Generated_Source\PSoC4/cyfitter_cfg.c **** *
 215:.\Generated_Source\PSoC4/cyfitter_cfg.c **** * Return:
 216:.\Generated_Source\PSoC4/cyfitter_cfg.c **** *   void
 217:.\Generated_Source\PSoC4/cyfitter_cfg.c **** *
 218:.\Generated_Source\PSoC4/cyfitter_cfg.c **** *******************************************************************************/
 219:.\Generated_Source\PSoC4/cyfitter_cfg.c **** CY_CFG_SECTION
 220:.\Generated_Source\PSoC4/cyfitter_cfg.c **** void cyfitter_cfg(void)
 221:.\Generated_Source\PSoC4/cyfitter_cfg.c **** {
 138              		.loc 1 221 0
 139              		.cfi_startproc
 140 0088 38B5     		push	{r3, r4, r5, lr}
 141              		.cfi_def_cfa_offset 16
 142              		.cfi_offset 3, -16
 143              		.cfi_offset 4, -12
 144              		.cfi_offset 5, -8
 145              		.cfi_offset 14, -4
 222:.\Generated_Source\PSoC4/cyfitter_cfg.c **** 	/* Disable interrupts by default. Let user enable if/when they want. */
 223:.\Generated_Source\PSoC4/cyfitter_cfg.c **** 	CyGlobalIntDisable;
 146              		.loc 1 223 0
 147              	@ 223 ".\Generated_Source\PSoC4\cyfitter_cfg.c" 1
 148 008a 72B6     		CPSID   i
 149              	@ 0 "" 2
 150              	.LVL6:
 151              		.code	16
 152              	.LBB2:
 224:.\Generated_Source\PSoC4/cyfitter_cfg.c **** 
 225:.\Generated_Source\PSoC4/cyfitter_cfg.c **** 	{
 226:.\Generated_Source\PSoC4/cyfitter_cfg.c **** 
 227:.\Generated_Source\PSoC4/cyfitter_cfg.c **** 		CYPACKED typedef struct {
 228:.\Generated_Source\PSoC4/cyfitter_cfg.c **** 			void CYFAR *address;
 229:.\Generated_Source\PSoC4/cyfitter_cfg.c **** 			uint16 size;
 230:.\Generated_Source\PSoC4/cyfitter_cfg.c **** 		} CYPACKED_ATTR cfg_memset_t;
 231:.\Generated_Source\PSoC4/cyfitter_cfg.c **** 
 232:.\Generated_Source\PSoC4/cyfitter_cfg.c **** 		static const cfg_memset_t CYCODE cfg_memset_list [] = {
 233:.\Generated_Source\PSoC4/cyfitter_cfg.c **** 			/* address, size */
 234:.\Generated_Source\PSoC4/cyfitter_cfg.c **** 			{(void CYFAR *)(CYDEV_UDB_P0_U0_BASE), 1024u},
 235:.\Generated_Source\PSoC4/cyfitter_cfg.c **** 			{(void CYFAR *)(CYDEV_UDB_DSI0_BASE), 1024u},
 236:.\Generated_Source\PSoC4/cyfitter_cfg.c **** 		};
 237:.\Generated_Source\PSoC4/cyfitter_cfg.c **** 
 238:.\Generated_Source\PSoC4/cyfitter_cfg.c **** 		uint8 CYDATA i;
 239:.\Generated_Source\PSoC4/cyfitter_cfg.c **** 
 240:.\Generated_Source\PSoC4/cyfitter_cfg.c **** 		/* Zero out critical memory blocks before beginning configuration */
 241:.\Generated_Source\PSoC4/cyfitter_cfg.c **** 		for (i = 0u; i < (sizeof(cfg_memset_list)/sizeof(cfg_memset_list[0])); i++)
 153              		.loc 1 241 0
 154 008c 0024     		mov	r4, #0
 155              	.LBB3:
 242:.\Generated_Source\PSoC4/cyfitter_cfg.c **** 		{
 243:.\Generated_Source\PSoC4/cyfitter_cfg.c **** 			const cfg_memset_t CYCODE * CYDATA ms = &cfg_memset_list[i];
 156              		.loc 1 243 0
ARM GAS  C:\Users\marce\AppData\Local\Temp\ccNpYbpQ.s 			page 8


 157 008e 254D     		ldr	r5, .L8
 158              	.LBE3:
 241:.\Generated_Source\PSoC4/cyfitter_cfg.c **** 		for (i = 0u; i < (sizeof(cfg_memset_list)/sizeof(cfg_memset_list[0])); i++)
 159              		.loc 1 241 0
 160 0090 0CE0     		b	.L6
 161              	.LVL7:
 162              	.L7:
 163              	.LBB4:
 164              		.loc 1 243 0 discriminator 2
 165 0092 6300     		lsl	r3, r4, #1
 166 0094 1B19     		add	r3, r3, r4
 167 0096 5B00     		lsl	r3, r3, #1
 168 0098 EB18     		add	r3, r5, r3
 169              	.LVL8:
 244:.\Generated_Source\PSoC4/cyfitter_cfg.c **** 			CYMEMZERO(ms->address, (size_t)(uint32)(ms->size));
 170              		.loc 1 244 0 discriminator 2
 171 009a 9988     		ldrh	r1, [r3, #4]
 172 009c 1A88     		ldrh	r2, [r3]
 173 009e 5888     		ldrh	r0, [r3, #2]
 174 00a0 0004     		lsl	r0, r0, #16
 175 00a2 1043     		orr	r0, r2
 176 00a4 FFF7FEFF 		bl	CYMEMZERO
 177              	.LVL9:
 178              	.LBE4:
 241:.\Generated_Source\PSoC4/cyfitter_cfg.c **** 		for (i = 0u; i < (sizeof(cfg_memset_list)/sizeof(cfg_memset_list[0])); i++)
 179              		.loc 1 241 0 discriminator 2
 180 00a8 0134     		add	r4, r4, #1
 181              	.LVL10:
 182 00aa E4B2     		uxtb	r4, r4
 183              	.LVL11:
 184              	.L6:
 241:.\Generated_Source\PSoC4/cyfitter_cfg.c **** 		for (i = 0u; i < (sizeof(cfg_memset_list)/sizeof(cfg_memset_list[0])); i++)
 185              		.loc 1 241 0 is_stmt 0 discriminator 1
 186 00ac 012C     		cmp	r4, #1
 187 00ae F0D9     		bls	.L7
 245:.\Generated_Source\PSoC4/cyfitter_cfg.c **** 		}
 246:.\Generated_Source\PSoC4/cyfitter_cfg.c **** 
 247:.\Generated_Source\PSoC4/cyfitter_cfg.c **** 		/* HSIOM Starting address: CYDEV_HSIOM_BASE */
 248:.\Generated_Source\PSoC4/cyfitter_cfg.c **** 		CY_SET_XTND_REG32((void CYFAR *)(CYDEV_HSIOM_BASE), 0x00FF0000u);
 188              		.loc 1 248 0 is_stmt 1
 189 00b0 FF22     		mov	r2, #255
 190 00b2 1204     		lsl	r2, r2, #16
 191 00b4 1C4B     		ldr	r3, .L8+4
 192 00b6 1A60     		str	r2, [r3]
 249:.\Generated_Source\PSoC4/cyfitter_cfg.c **** 		CY_SET_XTND_REG32((void CYFAR *)(CYREG_HSIOM_PORT_SEL3), 0x0000EE00u);
 193              		.loc 1 249 0
 194 00b8 EE22     		mov	r2, #238
 195 00ba 1202     		lsl	r2, r2, #8
 196 00bc 1B4B     		ldr	r3, .L8+8
 197 00be 1A60     		str	r2, [r3]
 250:.\Generated_Source\PSoC4/cyfitter_cfg.c **** 		CY_SET_XTND_REG32((void CYFAR *)(CYREG_HSIOM_PORT_SEL4), 0x00000099u);
 198              		.loc 1 250 0
 199 00c0 9922     		mov	r2, #153
 200 00c2 1B4B     		ldr	r3, .L8+12
 201 00c4 1A60     		str	r2, [r3]
 251:.\Generated_Source\PSoC4/cyfitter_cfg.c **** 
 252:.\Generated_Source\PSoC4/cyfitter_cfg.c **** 		/* UDB_PA_0 Starting address: CYDEV_UDB_PA0_BASE */
ARM GAS  C:\Users\marce\AppData\Local\Temp\ccNpYbpQ.s 			page 9


 253:.\Generated_Source\PSoC4/cyfitter_cfg.c **** 		CY_SET_XTND_REG32((void CYFAR *)(CYDEV_UDB_PA0_BASE), 0x00990000u);
 202              		.loc 1 253 0
 203 00c6 9923     		mov	r3, #153
 204 00c8 1B04     		lsl	r3, r3, #16
 205 00ca 1A4A     		ldr	r2, .L8+16
 206 00cc 1360     		str	r3, [r2]
 254:.\Generated_Source\PSoC4/cyfitter_cfg.c **** 
 255:.\Generated_Source\PSoC4/cyfitter_cfg.c **** 		/* UDB_PA_3 Starting address: CYDEV_UDB_PA3_BASE */
 256:.\Generated_Source\PSoC4/cyfitter_cfg.c **** 		CY_SET_XTND_REG32((void CYFAR *)(CYDEV_UDB_PA3_BASE), 0x00990000u);
 207              		.loc 1 256 0
 208 00ce 1A4A     		ldr	r2, .L8+20
 209 00d0 1360     		str	r3, [r2]
 257:.\Generated_Source\PSoC4/cyfitter_cfg.c **** 
 258:.\Generated_Source\PSoC4/cyfitter_cfg.c **** 		/* Enable digital routing */
 259:.\Generated_Source\PSoC4/cyfitter_cfg.c **** 		CY_SET_XTND_REG8((void *)CYREG_UDB_UDBIF_BANK_CTL, CY_GET_XTND_REG8((void *)CYREG_UDB_UDBIF_BANK_
 210              		.loc 1 259 0
 211 00d2 1A4B     		ldr	r3, .L8+24
 212 00d4 1878     		ldrb	r0, [r3]
 213 00d6 0222     		mov	r2, #2
 214 00d8 0221     		mov	r1, #2
 215 00da 0143     		orr	r1, r0
 216 00dc 1970     		strb	r1, [r3]
 260:.\Generated_Source\PSoC4/cyfitter_cfg.c **** 
 261:.\Generated_Source\PSoC4/cyfitter_cfg.c **** 		/* Enable UDB array */
 262:.\Generated_Source\PSoC4/cyfitter_cfg.c **** 		CY_SET_XTND_REG8((void *)CYREG_UDB_UDBIF_WAIT_CFG, (uint8)((CY_GET_XTND_REG8((void *)CYREG_UDB_UD
 217              		.loc 1 262 0
 218 00de 1849     		ldr	r1, .L8+28
 219 00e0 0878     		ldrb	r0, [r1]
 220 00e2 3C24     		mov	r4, #60
 221              	.LVL12:
 222 00e4 A043     		bic	r0, r4
 223 00e6 1424     		mov	r4, #20
 224 00e8 2043     		orr	r0, r4
 225 00ea 0870     		strb	r0, [r1]
 263:.\Generated_Source\PSoC4/cyfitter_cfg.c **** 		CY_SET_XTND_REG8((void *)CYREG_UDB_UDBIF_BANK_CTL, (uint8)(CY_GET_XTND_REG8((void *)CYREG_UDB_UDB
 226              		.loc 1 263 0
 227 00ec 1878     		ldrb	r0, [r3]
 228 00ee 1621     		mov	r1, #22
 229 00f0 0143     		orr	r1, r0
 230 00f2 1970     		strb	r1, [r3]
 231              	.LBE2:
 264:.\Generated_Source\PSoC4/cyfitter_cfg.c **** 	}
 265:.\Generated_Source\PSoC4/cyfitter_cfg.c **** 
 266:.\Generated_Source\PSoC4/cyfitter_cfg.c **** 	/* Perform second pass device configuration. These items must be configured in specific order afte
 267:.\Generated_Source\PSoC4/cyfitter_cfg.c **** 	/* IOPINS0_0 Starting address: CYDEV_PRT0_DR */
 268:.\Generated_Source\PSoC4/cyfitter_cfg.c **** 	CY_SET_XTND_REG32((void CYFAR *)(CYREG_PRT0_DR), 0x00000030u);
 232              		.loc 1 268 0
 233 00f4 3023     		mov	r3, #48
 234 00f6 1349     		ldr	r1, .L8+32
 235 00f8 0B60     		str	r3, [r1]
 269:.\Generated_Source\PSoC4/cyfitter_cfg.c **** 	CY_SET_XTND_REG32((void CYFAR *)(CYREG_PRT0_PC), 0x00001000u);
 236              		.loc 1 269 0
 237 00fa 8020     		mov	r0, #128
 238 00fc 4001     		lsl	r0, r0, #5
 239 00fe 1249     		ldr	r1, .L8+36
 240 0100 0860     		str	r0, [r1]
 270:.\Generated_Source\PSoC4/cyfitter_cfg.c **** 	CY_SET_XTND_REG32((void CYFAR *)(CYREG_PRT0_PC2), 0x00000030u);
ARM GAS  C:\Users\marce\AppData\Local\Temp\ccNpYbpQ.s 			page 10


 241              		.loc 1 270 0
 242 0102 1249     		ldr	r1, .L8+40
 243 0104 0B60     		str	r3, [r1]
 271:.\Generated_Source\PSoC4/cyfitter_cfg.c **** 
 272:.\Generated_Source\PSoC4/cyfitter_cfg.c **** 	/* IOPINS0_3 Starting address: CYDEV_PRT3_DR */
 273:.\Generated_Source\PSoC4/cyfitter_cfg.c **** 	CY_SET_XTND_REG32((void CYFAR *)(CYREG_PRT3_PC), 0x00000D80u);
 244              		.loc 1 273 0
 245 0106 D821     		mov	r1, #216
 246 0108 0901     		lsl	r1, r1, #4
 247 010a 114B     		ldr	r3, .L8+44
 248 010c 1960     		str	r1, [r3]
 274:.\Generated_Source\PSoC4/cyfitter_cfg.c **** 
 275:.\Generated_Source\PSoC4/cyfitter_cfg.c **** 	/* IOPINS0_4 Starting address: CYDEV_PRT4_DR */
 276:.\Generated_Source\PSoC4/cyfitter_cfg.c **** 	CY_SET_XTND_REG32((void CYFAR *)(CYREG_PRT4_DR), 0x00000002u);
 249              		.loc 1 276 0
 250 010e 114B     		ldr	r3, .L8+48
 251 0110 1A60     		str	r2, [r3]
 277:.\Generated_Source\PSoC4/cyfitter_cfg.c **** 	CY_SET_XTND_REG32((void CYFAR *)(CYREG_PRT4_PC), 0x00000031u);
 252              		.loc 1 277 0
 253 0112 3121     		mov	r1, #49
 254 0114 104B     		ldr	r3, .L8+52
 255 0116 1960     		str	r1, [r3]
 278:.\Generated_Source\PSoC4/cyfitter_cfg.c **** 	CY_SET_XTND_REG32((void CYFAR *)(CYREG_PRT4_PC2), 0x00000002u);
 256              		.loc 1 278 0
 257 0118 104B     		ldr	r3, .L8+56
 258 011a 1A60     		str	r2, [r3]
 279:.\Generated_Source\PSoC4/cyfitter_cfg.c **** 
 280:.\Generated_Source\PSoC4/cyfitter_cfg.c **** 	/* Setup clocks based on selections from Clock DWR */
 281:.\Generated_Source\PSoC4/cyfitter_cfg.c **** 	ClockSetup();
 259              		.loc 1 281 0
 260 011c FFF770FF 		bl	ClockSetup
 261              	.LVL13:
 282:.\Generated_Source\PSoC4/cyfitter_cfg.c **** 
 283:.\Generated_Source\PSoC4/cyfitter_cfg.c **** 	/* Perform basic analog initialization to defaults */
 284:.\Generated_Source\PSoC4/cyfitter_cfg.c **** 	AnalogSetDefault();
 285:.\Generated_Source\PSoC4/cyfitter_cfg.c **** 
 286:.\Generated_Source\PSoC4/cyfitter_cfg.c **** }
 262              		.loc 1 286 0
 263              		@ sp needed
 264 0120 38BD     		pop	{r3, r4, r5, pc}
 265              	.L9:
 266 0122 C046     		.align	2
 267              	.L8:
 268 0124 00000000 		.word	.LANCHOR0
 269 0128 00000140 		.word	1073807360
 270 012c 0C000140 		.word	1073807372
 271 0130 10000140 		.word	1073807376
 272 0134 00500F40 		.word	1074745344
 273 0138 30500F40 		.word	1074745392
 274 013c 00700F40 		.word	1074753536
 275 0140 01700F40 		.word	1074753537
 276 0144 00000440 		.word	1074003968
 277 0148 08000440 		.word	1074003976
 278 014c 18000440 		.word	1074003992
 279 0150 08030440 		.word	1074004744
 280 0154 00040440 		.word	1074004992
 281 0158 08040440 		.word	1074005000
ARM GAS  C:\Users\marce\AppData\Local\Temp\ccNpYbpQ.s 			page 11


 282 015c 18040440 		.word	1074005016
 283              		.cfi_endproc
 284              	.LFE5:
 285              		.size	cyfitter_cfg, .-cyfitter_cfg
 286              		.section	.rodata
 287              		.align	2
 288              		.set	.LANCHOR0,. + 0
 289              		.type	cfg_memset_list.4717, %object
 290              		.size	cfg_memset_list.4717, 12
 291              	cfg_memset_list.4717:
 292 0000 00300F40 		.word	1074737152
 293 0004 0004     		.short	1024
 294 0006 00400F40 		.4byte	1074741248
 295 000a 0004     		.short	1024
 296              		.text
 297              	.Letext0:
 298              		.file 2 "c:\\program files (x86)\\cypress\\psoc creator\\3.2\\psoc creator\\import\\gnu\\arm\\4.8.
 299              		.file 3 ".\\Generated_Source\\PSoC4\\cytypes.h"
 300              		.file 4 ".\\Generated_Source\\PSoC4\\CyLib.h"
 301              		.section	.debug_info,"",%progbits
 302              	.Ldebug_info0:
 303 0000 88020000 		.4byte	0x288
 304 0004 0400     		.2byte	0x4
 305 0006 00000000 		.4byte	.Ldebug_abbrev0
 306 000a 04       		.byte	0x4
 307 000b 01       		.uleb128 0x1
 308 000c 42010000 		.4byte	.LASF28
 309 0010 01       		.byte	0x1
 310 0011 D8010000 		.4byte	.LASF29
 311 0015 4A000000 		.4byte	.LASF30
 312 0019 18000000 		.4byte	.Ldebug_ranges0+0x18
 313 001d 00000000 		.4byte	0
 314 0021 00000000 		.4byte	.Ldebug_line0
 315 0025 02       		.uleb128 0x2
 316 0026 04       		.byte	0x4
 317 0027 05       		.byte	0x5
 318 0028 696E7400 		.ascii	"int\000"
 319 002c 03       		.uleb128 0x3
 320 002d 06000000 		.4byte	.LASF11
 321 0031 02       		.byte	0x2
 322 0032 D4       		.byte	0xd4
 323 0033 37000000 		.4byte	0x37
 324 0037 04       		.uleb128 0x4
 325 0038 04       		.byte	0x4
 326 0039 07       		.byte	0x7
 327 003a 09010000 		.4byte	.LASF0
 328 003e 04       		.uleb128 0x4
 329 003f 01       		.byte	0x1
 330 0040 06       		.byte	0x6
 331 0041 44020000 		.4byte	.LASF1
 332 0045 04       		.uleb128 0x4
 333 0046 01       		.byte	0x1
 334 0047 08       		.byte	0x8
 335 0048 D3000000 		.4byte	.LASF2
 336 004c 04       		.uleb128 0x4
 337 004d 02       		.byte	0x2
 338 004e 05       		.byte	0x5
ARM GAS  C:\Users\marce\AppData\Local\Temp\ccNpYbpQ.s 			page 12


 339 004f 1C020000 		.4byte	.LASF3
 340 0053 04       		.uleb128 0x4
 341 0054 02       		.byte	0x2
 342 0055 07       		.byte	0x7
 343 0056 37000000 		.4byte	.LASF4
 344 005a 04       		.uleb128 0x4
 345 005b 04       		.byte	0x4
 346 005c 05       		.byte	0x5
 347 005d 3B020000 		.4byte	.LASF5
 348 0061 04       		.uleb128 0x4
 349 0062 04       		.byte	0x4
 350 0063 07       		.byte	0x7
 351 0064 B1000000 		.4byte	.LASF6
 352 0068 04       		.uleb128 0x4
 353 0069 08       		.byte	0x8
 354 006a 05       		.byte	0x5
 355 006b 09020000 		.4byte	.LASF7
 356 006f 04       		.uleb128 0x4
 357 0070 08       		.byte	0x8
 358 0071 07       		.byte	0x7
 359 0072 2B010000 		.4byte	.LASF8
 360 0076 04       		.uleb128 0x4
 361 0077 04       		.byte	0x4
 362 0078 07       		.byte	0x7
 363 0079 00020000 		.4byte	.LASF9
 364 007d 05       		.uleb128 0x5
 365 007e 04       		.byte	0x4
 366 007f 06       		.uleb128 0x6
 367 0080 04       		.byte	0x4
 368 0081 85000000 		.4byte	0x85
 369 0085 07       		.uleb128 0x7
 370 0086 04       		.uleb128 0x4
 371 0087 01       		.byte	0x1
 372 0088 08       		.byte	0x8
 373 0089 17020000 		.4byte	.LASF10
 374 008d 03       		.uleb128 0x3
 375 008e C3000000 		.4byte	.LASF12
 376 0092 03       		.byte	0x3
 377 0093 B3       		.byte	0xb3
 378 0094 45000000 		.4byte	0x45
 379 0098 03       		.uleb128 0x3
 380 0099 FB000000 		.4byte	.LASF13
 381 009d 03       		.byte	0x3
 382 009e B4       		.byte	0xb4
 383 009f 53000000 		.4byte	0x53
 384 00a3 03       		.uleb128 0x3
 385 00a4 02010000 		.4byte	.LASF14
 386 00a8 03       		.byte	0x3
 387 00a9 B5       		.byte	0xb5
 388 00aa 61000000 		.4byte	0x61
 389 00ae 04       		.uleb128 0x4
 390 00af 04       		.byte	0x4
 391 00b0 04       		.byte	0x4
 392 00b1 A1000000 		.4byte	.LASF15
 393 00b5 04       		.uleb128 0x4
 394 00b6 08       		.byte	0x8
 395 00b7 04       		.byte	0x4
ARM GAS  C:\Users\marce\AppData\Local\Temp\ccNpYbpQ.s 			page 13


 396 00b8 E8000000 		.4byte	.LASF16
 397 00bc 08       		.uleb128 0x8
 398 00bd AC000000 		.4byte	.LASF17
 399 00c1 03       		.byte	0x3
 400 00c2 5D01     		.2byte	0x15d
 401 00c4 C8000000 		.4byte	0xc8
 402 00c8 09       		.uleb128 0x9
 403 00c9 8D000000 		.4byte	0x8d
 404 00cd 08       		.uleb128 0x8
 405 00ce 00000000 		.4byte	.LASF18
 406 00d2 03       		.byte	0x3
 407 00d3 5F01     		.2byte	0x15f
 408 00d5 D9000000 		.4byte	0xd9
 409 00d9 09       		.uleb128 0x9
 410 00da A3000000 		.4byte	0xa3
 411 00de 08       		.uleb128 0x8
 412 00df BE010000 		.4byte	.LASF19
 413 00e3 03       		.byte	0x3
 414 00e4 6F01     		.2byte	0x16f
 415 00e6 7F000000 		.4byte	0x7f
 416 00ea 0A       		.uleb128 0xa
 417 00eb C9000000 		.4byte	.LASF20
 418 00ef 01       		.byte	0x1
 419 00f0 3B       		.byte	0x3b
 420 00f1 00000000 		.4byte	.LFB0
 421 00f5 0C000000 		.4byte	.LFE0-.LFB0
 422 00f9 01       		.uleb128 0x1
 423 00fa 9C       		.byte	0x9c
 424 00fb 37010000 		.4byte	0x137
 425 00ff 0B       		.uleb128 0xb
 426 0100 7300     		.ascii	"s\000"
 427 0102 01       		.byte	0x1
 428 0103 3B       		.byte	0x3b
 429 0104 7D000000 		.4byte	0x7d
 430 0108 00000000 		.4byte	.LLST0
 431 010c 0B       		.uleb128 0xb
 432 010d 6E00     		.ascii	"n\000"
 433 010f 01       		.byte	0x1
 434 0110 3B       		.byte	0x3b
 435 0111 2C000000 		.4byte	0x2c
 436 0115 21000000 		.4byte	.LLST1
 437 0119 0C       		.uleb128 0xc
 438 011a 0A000000 		.4byte	.LVL2
 439 011e 36020000 		.4byte	0x236
 440 0122 0D       		.uleb128 0xd
 441 0123 01       		.uleb128 0x1
 442 0124 52       		.byte	0x52
 443 0125 03       		.uleb128 0x3
 444 0126 F3       		.byte	0xf3
 445 0127 01       		.uleb128 0x1
 446 0128 51       		.byte	0x51
 447 0129 0D       		.uleb128 0xd
 448 012a 01       		.uleb128 0x1
 449 012b 51       		.byte	0x51
 450 012c 01       		.uleb128 0x1
 451 012d 30       		.byte	0x30
 452 012e 0D       		.uleb128 0xd
ARM GAS  C:\Users\marce\AppData\Local\Temp\ccNpYbpQ.s 			page 14


 453 012f 01       		.uleb128 0x1
 454 0130 50       		.byte	0x50
 455 0131 03       		.uleb128 0x3
 456 0132 F3       		.byte	0xf3
 457 0133 01       		.uleb128 0x1
 458 0134 50       		.byte	0x50
 459 0135 00       		.byte	0
 460 0136 00       		.byte	0
 461 0137 0A       		.uleb128 0xa
 462 0138 2C000000 		.4byte	.LASF21
 463 013c 01       		.byte	0x1
 464 013d 90       		.byte	0x90
 465 013e 00000000 		.4byte	.LFB3
 466 0142 88000000 		.4byte	.LFE3-.LFB3
 467 0146 01       		.uleb128 0x1
 468 0147 9C       		.byte	0x9c
 469 0148 82010000 		.4byte	0x182
 470 014c 0E       		.uleb128 0xe
 471 014d 14000000 		.4byte	.LVL3
 472 0151 53020000 		.4byte	0x253
 473 0155 5F010000 		.4byte	0x15f
 474 0159 0D       		.uleb128 0xd
 475 015a 01       		.uleb128 0x1
 476 015b 50       		.byte	0x50
 477 015c 01       		.uleb128 0x1
 478 015d 48       		.byte	0x48
 479 015e 00       		.byte	0
 480 015f 0E       		.uleb128 0xe
 481 0160 48000000 		.4byte	.LVL4
 482 0164 64020000 		.4byte	0x264
 483 0168 72010000 		.4byte	0x172
 484 016c 0D       		.uleb128 0xd
 485 016d 01       		.uleb128 0x1
 486 016e 50       		.byte	0x50
 487 016f 01       		.uleb128 0x1
 488 0170 39       		.byte	0x39
 489 0171 00       		.byte	0
 490 0172 0C       		.uleb128 0xc
 491 0173 4E000000 		.4byte	.LVL5
 492 0177 7E020000 		.4byte	0x27e
 493 017b 0D       		.uleb128 0xd
 494 017c 01       		.uleb128 0x1
 495 017d 50       		.byte	0x50
 496 017e 01       		.uleb128 0x1
 497 017f 39       		.byte	0x39
 498 0180 00       		.byte	0
 499 0181 00       		.byte	0
 500 0182 0F       		.uleb128 0xf
 501 0183 16010000 		.4byte	.LASF31
 502 0187 01       		.byte	0x1
 503 0188 DC       		.byte	0xdc
 504 0189 88000000 		.4byte	.LFB5
 505 018d D8000000 		.4byte	.LFE5-.LFB5
 506 0191 01       		.uleb128 0x1
 507 0192 9C       		.byte	0x9c
 508 0193 36020000 		.4byte	0x236
 509 0197 10       		.uleb128 0x10
ARM GAS  C:\Users\marce\AppData\Local\Temp\ccNpYbpQ.s 			page 15


 510 0198 8C000000 		.4byte	.LBB2
 511 019c 68000000 		.4byte	.LBE2-.LBB2
 512 01a0 2C020000 		.4byte	0x22c
 513 01a4 11       		.uleb128 0x11
 514 01a5 06       		.byte	0x6
 515 01a6 01       		.byte	0x1
 516 01a7 E3       		.byte	0xe3
 517 01a8 C5010000 		.4byte	0x1c5
 518 01ac 12       		.uleb128 0x12
 519 01ad 23010000 		.4byte	.LASF22
 520 01b1 01       		.byte	0x1
 521 01b2 E4       		.byte	0xe4
 522 01b3 7D000000 		.4byte	0x7d
 523 01b7 00       		.byte	0
 524 01b8 12       		.uleb128 0x12
 525 01b9 A7000000 		.4byte	.LASF23
 526 01bd 01       		.byte	0x1
 527 01be E5       		.byte	0xe5
 528 01bf 98000000 		.4byte	0x98
 529 01c3 04       		.byte	0x4
 530 01c4 00       		.byte	0
 531 01c5 03       		.uleb128 0x3
 532 01c6 CB010000 		.4byte	.LASF24
 533 01ca 01       		.byte	0x1
 534 01cb E6       		.byte	0xe6
 535 01cc A4010000 		.4byte	0x1a4
 536 01d0 13       		.uleb128 0x13
 537 01d1 C5010000 		.4byte	0x1c5
 538 01d5 E0010000 		.4byte	0x1e0
 539 01d9 14       		.uleb128 0x14
 540 01da 76000000 		.4byte	0x76
 541 01de 01       		.byte	0x1
 542 01df 00       		.byte	0
 543 01e0 15       		.uleb128 0x15
 544 01e1 1C000000 		.4byte	.LASF25
 545 01e5 01       		.byte	0x1
 546 01e6 E8       		.byte	0xe8
 547 01e7 F1010000 		.4byte	0x1f1
 548 01eb 05       		.uleb128 0x5
 549 01ec 03       		.byte	0x3
 550 01ed 00000000 		.4byte	cfg_memset_list.4717
 551 01f1 16       		.uleb128 0x16
 552 01f2 D0010000 		.4byte	0x1d0
 553 01f6 17       		.uleb128 0x17
 554 01f7 6900     		.ascii	"i\000"
 555 01f9 01       		.byte	0x1
 556 01fa EE       		.byte	0xee
 557 01fb 8D000000 		.4byte	0x8d
 558 01ff 4D000000 		.4byte	.LLST2
 559 0203 18       		.uleb128 0x18
 560 0204 00000000 		.4byte	.Ldebug_ranges0+0
 561 0208 17       		.uleb128 0x17
 562 0209 6D7300   		.ascii	"ms\000"
 563 020c 01       		.byte	0x1
 564 020d F3       		.byte	0xf3
 565 020e 16020000 		.4byte	0x216
 566 0212 84000000 		.4byte	.LLST3
ARM GAS  C:\Users\marce\AppData\Local\Temp\ccNpYbpQ.s 			page 16


 567 0216 06       		.uleb128 0x6
 568 0217 04       		.byte	0x4
 569 0218 1C020000 		.4byte	0x21c
 570 021c 16       		.uleb128 0x16
 571 021d C5010000 		.4byte	0x1c5
 572 0221 19       		.uleb128 0x19
 573 0222 A8000000 		.4byte	.LVL9
 574 0226 EA000000 		.4byte	0xea
 575 022a 00       		.byte	0
 576 022b 00       		.byte	0
 577 022c 19       		.uleb128 0x19
 578 022d 20010000 		.4byte	.LVL13
 579 0231 37010000 		.4byte	0x137
 580 0235 00       		.byte	0
 581 0236 1A       		.uleb128 0x1a
 582 0237 E1000000 		.4byte	.LASF26
 583 023b 7D000000 		.4byte	0x7d
 584 023f 53020000 		.4byte	0x253
 585 0243 1B       		.uleb128 0x1b
 586 0244 7D000000 		.4byte	0x7d
 587 0248 1B       		.uleb128 0x1b
 588 0249 25000000 		.4byte	0x25
 589 024d 1B       		.uleb128 0x1b
 590 024e 76000000 		.4byte	0x76
 591 0252 00       		.byte	0
 592 0253 1C       		.uleb128 0x1c
 593 0254 26020000 		.4byte	.LASF27
 594 0258 04       		.byte	0x4
 595 0259 31       		.byte	0x31
 596 025a 64020000 		.4byte	0x264
 597 025e 1B       		.uleb128 0x1b
 598 025f A3000000 		.4byte	0xa3
 599 0263 00       		.byte	0
 600 0264 1D       		.uleb128 0x1d
 601 0265 0D000000 		.4byte	.LASF32
 602 0269 04       		.byte	0x4
 603 026a 46       		.byte	0x46
 604 026b DE000000 		.4byte	0xde
 605 026f 7E020000 		.4byte	0x27e
 606 0273 1B       		.uleb128 0x1b
 607 0274 8D000000 		.4byte	0x8d
 608 0278 1B       		.uleb128 0x1b
 609 0279 DE000000 		.4byte	0xde
 610 027d 00       		.byte	0
 611 027e 1E       		.uleb128 0x1e
 612 027f EF000000 		.4byte	.LASF33
 613 0283 04       		.byte	0x4
 614 0284 4C       		.byte	0x4c
 615 0285 1B       		.uleb128 0x1b
 616 0286 8D000000 		.4byte	0x8d
 617 028a 00       		.byte	0
 618 028b 00       		.byte	0
 619              		.section	.debug_abbrev,"",%progbits
 620              	.Ldebug_abbrev0:
 621 0000 01       		.uleb128 0x1
 622 0001 11       		.uleb128 0x11
 623 0002 01       		.byte	0x1
ARM GAS  C:\Users\marce\AppData\Local\Temp\ccNpYbpQ.s 			page 17


 624 0003 25       		.uleb128 0x25
 625 0004 0E       		.uleb128 0xe
 626 0005 13       		.uleb128 0x13
 627 0006 0B       		.uleb128 0xb
 628 0007 03       		.uleb128 0x3
 629 0008 0E       		.uleb128 0xe
 630 0009 1B       		.uleb128 0x1b
 631 000a 0E       		.uleb128 0xe
 632 000b 55       		.uleb128 0x55
 633 000c 17       		.uleb128 0x17
 634 000d 11       		.uleb128 0x11
 635 000e 01       		.uleb128 0x1
 636 000f 10       		.uleb128 0x10
 637 0010 17       		.uleb128 0x17
 638 0011 00       		.byte	0
 639 0012 00       		.byte	0
 640 0013 02       		.uleb128 0x2
 641 0014 24       		.uleb128 0x24
 642 0015 00       		.byte	0
 643 0016 0B       		.uleb128 0xb
 644 0017 0B       		.uleb128 0xb
 645 0018 3E       		.uleb128 0x3e
 646 0019 0B       		.uleb128 0xb
 647 001a 03       		.uleb128 0x3
 648 001b 08       		.uleb128 0x8
 649 001c 00       		.byte	0
 650 001d 00       		.byte	0
 651 001e 03       		.uleb128 0x3
 652 001f 16       		.uleb128 0x16
 653 0020 00       		.byte	0
 654 0021 03       		.uleb128 0x3
 655 0022 0E       		.uleb128 0xe
 656 0023 3A       		.uleb128 0x3a
 657 0024 0B       		.uleb128 0xb
 658 0025 3B       		.uleb128 0x3b
 659 0026 0B       		.uleb128 0xb
 660 0027 49       		.uleb128 0x49
 661 0028 13       		.uleb128 0x13
 662 0029 00       		.byte	0
 663 002a 00       		.byte	0
 664 002b 04       		.uleb128 0x4
 665 002c 24       		.uleb128 0x24
 666 002d 00       		.byte	0
 667 002e 0B       		.uleb128 0xb
 668 002f 0B       		.uleb128 0xb
 669 0030 3E       		.uleb128 0x3e
 670 0031 0B       		.uleb128 0xb
 671 0032 03       		.uleb128 0x3
 672 0033 0E       		.uleb128 0xe
 673 0034 00       		.byte	0
 674 0035 00       		.byte	0
 675 0036 05       		.uleb128 0x5
 676 0037 0F       		.uleb128 0xf
 677 0038 00       		.byte	0
 678 0039 0B       		.uleb128 0xb
 679 003a 0B       		.uleb128 0xb
 680 003b 00       		.byte	0
ARM GAS  C:\Users\marce\AppData\Local\Temp\ccNpYbpQ.s 			page 18


 681 003c 00       		.byte	0
 682 003d 06       		.uleb128 0x6
 683 003e 0F       		.uleb128 0xf
 684 003f 00       		.byte	0
 685 0040 0B       		.uleb128 0xb
 686 0041 0B       		.uleb128 0xb
 687 0042 49       		.uleb128 0x49
 688 0043 13       		.uleb128 0x13
 689 0044 00       		.byte	0
 690 0045 00       		.byte	0
 691 0046 07       		.uleb128 0x7
 692 0047 15       		.uleb128 0x15
 693 0048 00       		.byte	0
 694 0049 27       		.uleb128 0x27
 695 004a 19       		.uleb128 0x19
 696 004b 00       		.byte	0
 697 004c 00       		.byte	0
 698 004d 08       		.uleb128 0x8
 699 004e 16       		.uleb128 0x16
 700 004f 00       		.byte	0
 701 0050 03       		.uleb128 0x3
 702 0051 0E       		.uleb128 0xe
 703 0052 3A       		.uleb128 0x3a
 704 0053 0B       		.uleb128 0xb
 705 0054 3B       		.uleb128 0x3b
 706 0055 05       		.uleb128 0x5
 707 0056 49       		.uleb128 0x49
 708 0057 13       		.uleb128 0x13
 709 0058 00       		.byte	0
 710 0059 00       		.byte	0
 711 005a 09       		.uleb128 0x9
 712 005b 35       		.uleb128 0x35
 713 005c 00       		.byte	0
 714 005d 49       		.uleb128 0x49
 715 005e 13       		.uleb128 0x13
 716 005f 00       		.byte	0
 717 0060 00       		.byte	0
 718 0061 0A       		.uleb128 0xa
 719 0062 2E       		.uleb128 0x2e
 720 0063 01       		.byte	0x1
 721 0064 03       		.uleb128 0x3
 722 0065 0E       		.uleb128 0xe
 723 0066 3A       		.uleb128 0x3a
 724 0067 0B       		.uleb128 0xb
 725 0068 3B       		.uleb128 0x3b
 726 0069 0B       		.uleb128 0xb
 727 006a 27       		.uleb128 0x27
 728 006b 19       		.uleb128 0x19
 729 006c 11       		.uleb128 0x11
 730 006d 01       		.uleb128 0x1
 731 006e 12       		.uleb128 0x12
 732 006f 06       		.uleb128 0x6
 733 0070 40       		.uleb128 0x40
 734 0071 18       		.uleb128 0x18
 735 0072 9742     		.uleb128 0x2117
 736 0074 19       		.uleb128 0x19
 737 0075 01       		.uleb128 0x1
ARM GAS  C:\Users\marce\AppData\Local\Temp\ccNpYbpQ.s 			page 19


 738 0076 13       		.uleb128 0x13
 739 0077 00       		.byte	0
 740 0078 00       		.byte	0
 741 0079 0B       		.uleb128 0xb
 742 007a 05       		.uleb128 0x5
 743 007b 00       		.byte	0
 744 007c 03       		.uleb128 0x3
 745 007d 08       		.uleb128 0x8
 746 007e 3A       		.uleb128 0x3a
 747 007f 0B       		.uleb128 0xb
 748 0080 3B       		.uleb128 0x3b
 749 0081 0B       		.uleb128 0xb
 750 0082 49       		.uleb128 0x49
 751 0083 13       		.uleb128 0x13
 752 0084 02       		.uleb128 0x2
 753 0085 17       		.uleb128 0x17
 754 0086 00       		.byte	0
 755 0087 00       		.byte	0
 756 0088 0C       		.uleb128 0xc
 757 0089 898201   		.uleb128 0x4109
 758 008c 01       		.byte	0x1
 759 008d 11       		.uleb128 0x11
 760 008e 01       		.uleb128 0x1
 761 008f 31       		.uleb128 0x31
 762 0090 13       		.uleb128 0x13
 763 0091 00       		.byte	0
 764 0092 00       		.byte	0
 765 0093 0D       		.uleb128 0xd
 766 0094 8A8201   		.uleb128 0x410a
 767 0097 00       		.byte	0
 768 0098 02       		.uleb128 0x2
 769 0099 18       		.uleb128 0x18
 770 009a 9142     		.uleb128 0x2111
 771 009c 18       		.uleb128 0x18
 772 009d 00       		.byte	0
 773 009e 00       		.byte	0
 774 009f 0E       		.uleb128 0xe
 775 00a0 898201   		.uleb128 0x4109
 776 00a3 01       		.byte	0x1
 777 00a4 11       		.uleb128 0x11
 778 00a5 01       		.uleb128 0x1
 779 00a6 31       		.uleb128 0x31
 780 00a7 13       		.uleb128 0x13
 781 00a8 01       		.uleb128 0x1
 782 00a9 13       		.uleb128 0x13
 783 00aa 00       		.byte	0
 784 00ab 00       		.byte	0
 785 00ac 0F       		.uleb128 0xf
 786 00ad 2E       		.uleb128 0x2e
 787 00ae 01       		.byte	0x1
 788 00af 3F       		.uleb128 0x3f
 789 00b0 19       		.uleb128 0x19
 790 00b1 03       		.uleb128 0x3
 791 00b2 0E       		.uleb128 0xe
 792 00b3 3A       		.uleb128 0x3a
 793 00b4 0B       		.uleb128 0xb
 794 00b5 3B       		.uleb128 0x3b
ARM GAS  C:\Users\marce\AppData\Local\Temp\ccNpYbpQ.s 			page 20


 795 00b6 0B       		.uleb128 0xb
 796 00b7 27       		.uleb128 0x27
 797 00b8 19       		.uleb128 0x19
 798 00b9 11       		.uleb128 0x11
 799 00ba 01       		.uleb128 0x1
 800 00bb 12       		.uleb128 0x12
 801 00bc 06       		.uleb128 0x6
 802 00bd 40       		.uleb128 0x40
 803 00be 18       		.uleb128 0x18
 804 00bf 9742     		.uleb128 0x2117
 805 00c1 19       		.uleb128 0x19
 806 00c2 01       		.uleb128 0x1
 807 00c3 13       		.uleb128 0x13
 808 00c4 00       		.byte	0
 809 00c5 00       		.byte	0
 810 00c6 10       		.uleb128 0x10
 811 00c7 0B       		.uleb128 0xb
 812 00c8 01       		.byte	0x1
 813 00c9 11       		.uleb128 0x11
 814 00ca 01       		.uleb128 0x1
 815 00cb 12       		.uleb128 0x12
 816 00cc 06       		.uleb128 0x6
 817 00cd 01       		.uleb128 0x1
 818 00ce 13       		.uleb128 0x13
 819 00cf 00       		.byte	0
 820 00d0 00       		.byte	0
 821 00d1 11       		.uleb128 0x11
 822 00d2 13       		.uleb128 0x13
 823 00d3 01       		.byte	0x1
 824 00d4 0B       		.uleb128 0xb
 825 00d5 0B       		.uleb128 0xb
 826 00d6 3A       		.uleb128 0x3a
 827 00d7 0B       		.uleb128 0xb
 828 00d8 3B       		.uleb128 0x3b
 829 00d9 0B       		.uleb128 0xb
 830 00da 01       		.uleb128 0x1
 831 00db 13       		.uleb128 0x13
 832 00dc 00       		.byte	0
 833 00dd 00       		.byte	0
 834 00de 12       		.uleb128 0x12
 835 00df 0D       		.uleb128 0xd
 836 00e0 00       		.byte	0
 837 00e1 03       		.uleb128 0x3
 838 00e2 0E       		.uleb128 0xe
 839 00e3 3A       		.uleb128 0x3a
 840 00e4 0B       		.uleb128 0xb
 841 00e5 3B       		.uleb128 0x3b
 842 00e6 0B       		.uleb128 0xb
 843 00e7 49       		.uleb128 0x49
 844 00e8 13       		.uleb128 0x13
 845 00e9 38       		.uleb128 0x38
 846 00ea 0B       		.uleb128 0xb
 847 00eb 00       		.byte	0
 848 00ec 00       		.byte	0
 849 00ed 13       		.uleb128 0x13
 850 00ee 01       		.uleb128 0x1
 851 00ef 01       		.byte	0x1
ARM GAS  C:\Users\marce\AppData\Local\Temp\ccNpYbpQ.s 			page 21


 852 00f0 49       		.uleb128 0x49
 853 00f1 13       		.uleb128 0x13
 854 00f2 01       		.uleb128 0x1
 855 00f3 13       		.uleb128 0x13
 856 00f4 00       		.byte	0
 857 00f5 00       		.byte	0
 858 00f6 14       		.uleb128 0x14
 859 00f7 21       		.uleb128 0x21
 860 00f8 00       		.byte	0
 861 00f9 49       		.uleb128 0x49
 862 00fa 13       		.uleb128 0x13
 863 00fb 2F       		.uleb128 0x2f
 864 00fc 0B       		.uleb128 0xb
 865 00fd 00       		.byte	0
 866 00fe 00       		.byte	0
 867 00ff 15       		.uleb128 0x15
 868 0100 34       		.uleb128 0x34
 869 0101 00       		.byte	0
 870 0102 03       		.uleb128 0x3
 871 0103 0E       		.uleb128 0xe
 872 0104 3A       		.uleb128 0x3a
 873 0105 0B       		.uleb128 0xb
 874 0106 3B       		.uleb128 0x3b
 875 0107 0B       		.uleb128 0xb
 876 0108 49       		.uleb128 0x49
 877 0109 13       		.uleb128 0x13
 878 010a 02       		.uleb128 0x2
 879 010b 18       		.uleb128 0x18
 880 010c 00       		.byte	0
 881 010d 00       		.byte	0
 882 010e 16       		.uleb128 0x16
 883 010f 26       		.uleb128 0x26
 884 0110 00       		.byte	0
 885 0111 49       		.uleb128 0x49
 886 0112 13       		.uleb128 0x13
 887 0113 00       		.byte	0
 888 0114 00       		.byte	0
 889 0115 17       		.uleb128 0x17
 890 0116 34       		.uleb128 0x34
 891 0117 00       		.byte	0
 892 0118 03       		.uleb128 0x3
 893 0119 08       		.uleb128 0x8
 894 011a 3A       		.uleb128 0x3a
 895 011b 0B       		.uleb128 0xb
 896 011c 3B       		.uleb128 0x3b
 897 011d 0B       		.uleb128 0xb
 898 011e 49       		.uleb128 0x49
 899 011f 13       		.uleb128 0x13
 900 0120 02       		.uleb128 0x2
 901 0121 17       		.uleb128 0x17
 902 0122 00       		.byte	0
 903 0123 00       		.byte	0
 904 0124 18       		.uleb128 0x18
 905 0125 0B       		.uleb128 0xb
 906 0126 01       		.byte	0x1
 907 0127 55       		.uleb128 0x55
 908 0128 17       		.uleb128 0x17
ARM GAS  C:\Users\marce\AppData\Local\Temp\ccNpYbpQ.s 			page 22


 909 0129 00       		.byte	0
 910 012a 00       		.byte	0
 911 012b 19       		.uleb128 0x19
 912 012c 898201   		.uleb128 0x4109
 913 012f 00       		.byte	0
 914 0130 11       		.uleb128 0x11
 915 0131 01       		.uleb128 0x1
 916 0132 31       		.uleb128 0x31
 917 0133 13       		.uleb128 0x13
 918 0134 00       		.byte	0
 919 0135 00       		.byte	0
 920 0136 1A       		.uleb128 0x1a
 921 0137 2E       		.uleb128 0x2e
 922 0138 01       		.byte	0x1
 923 0139 3F       		.uleb128 0x3f
 924 013a 19       		.uleb128 0x19
 925 013b 03       		.uleb128 0x3
 926 013c 0E       		.uleb128 0xe
 927 013d 27       		.uleb128 0x27
 928 013e 19       		.uleb128 0x19
 929 013f 49       		.uleb128 0x49
 930 0140 13       		.uleb128 0x13
 931 0141 34       		.uleb128 0x34
 932 0142 19       		.uleb128 0x19
 933 0143 3C       		.uleb128 0x3c
 934 0144 19       		.uleb128 0x19
 935 0145 01       		.uleb128 0x1
 936 0146 13       		.uleb128 0x13
 937 0147 00       		.byte	0
 938 0148 00       		.byte	0
 939 0149 1B       		.uleb128 0x1b
 940 014a 05       		.uleb128 0x5
 941 014b 00       		.byte	0
 942 014c 49       		.uleb128 0x49
 943 014d 13       		.uleb128 0x13
 944 014e 00       		.byte	0
 945 014f 00       		.byte	0
 946 0150 1C       		.uleb128 0x1c
 947 0151 2E       		.uleb128 0x2e
 948 0152 01       		.byte	0x1
 949 0153 3F       		.uleb128 0x3f
 950 0154 19       		.uleb128 0x19
 951 0155 03       		.uleb128 0x3
 952 0156 0E       		.uleb128 0xe
 953 0157 3A       		.uleb128 0x3a
 954 0158 0B       		.uleb128 0xb
 955 0159 3B       		.uleb128 0x3b
 956 015a 0B       		.uleb128 0xb
 957 015b 27       		.uleb128 0x27
 958 015c 19       		.uleb128 0x19
 959 015d 3C       		.uleb128 0x3c
 960 015e 19       		.uleb128 0x19
 961 015f 01       		.uleb128 0x1
 962 0160 13       		.uleb128 0x13
 963 0161 00       		.byte	0
 964 0162 00       		.byte	0
 965 0163 1D       		.uleb128 0x1d
ARM GAS  C:\Users\marce\AppData\Local\Temp\ccNpYbpQ.s 			page 23


 966 0164 2E       		.uleb128 0x2e
 967 0165 01       		.byte	0x1
 968 0166 3F       		.uleb128 0x3f
 969 0167 19       		.uleb128 0x19
 970 0168 03       		.uleb128 0x3
 971 0169 0E       		.uleb128 0xe
 972 016a 3A       		.uleb128 0x3a
 973 016b 0B       		.uleb128 0xb
 974 016c 3B       		.uleb128 0x3b
 975 016d 0B       		.uleb128 0xb
 976 016e 27       		.uleb128 0x27
 977 016f 19       		.uleb128 0x19
 978 0170 49       		.uleb128 0x49
 979 0171 13       		.uleb128 0x13
 980 0172 3C       		.uleb128 0x3c
 981 0173 19       		.uleb128 0x19
 982 0174 01       		.uleb128 0x1
 983 0175 13       		.uleb128 0x13
 984 0176 00       		.byte	0
 985 0177 00       		.byte	0
 986 0178 1E       		.uleb128 0x1e
 987 0179 2E       		.uleb128 0x2e
 988 017a 01       		.byte	0x1
 989 017b 3F       		.uleb128 0x3f
 990 017c 19       		.uleb128 0x19
 991 017d 03       		.uleb128 0x3
 992 017e 0E       		.uleb128 0xe
 993 017f 3A       		.uleb128 0x3a
 994 0180 0B       		.uleb128 0xb
 995 0181 3B       		.uleb128 0x3b
 996 0182 0B       		.uleb128 0xb
 997 0183 27       		.uleb128 0x27
 998 0184 19       		.uleb128 0x19
 999 0185 3C       		.uleb128 0x3c
 1000 0186 19       		.uleb128 0x19
 1001 0187 00       		.byte	0
 1002 0188 00       		.byte	0
 1003 0189 00       		.byte	0
 1004              		.section	.debug_loc,"",%progbits
 1005              	.Ldebug_loc0:
 1006              	.LLST0:
 1007 0000 00000000 		.4byte	.LVL0
 1008 0004 09000000 		.4byte	.LVL2-1
 1009 0008 0100     		.2byte	0x1
 1010 000a 50       		.byte	0x50
 1011 000b 09000000 		.4byte	.LVL2-1
 1012 000f 0C000000 		.4byte	.LFE0
 1013 0013 0400     		.2byte	0x4
 1014 0015 F3       		.byte	0xf3
 1015 0016 01       		.uleb128 0x1
 1016 0017 50       		.byte	0x50
 1017 0018 9F       		.byte	0x9f
 1018 0019 00000000 		.4byte	0
 1019 001d 00000000 		.4byte	0
 1020              	.LLST1:
 1021 0021 00000000 		.4byte	.LVL0
 1022 0025 06000000 		.4byte	.LVL1
ARM GAS  C:\Users\marce\AppData\Local\Temp\ccNpYbpQ.s 			page 24


 1023 0029 0100     		.2byte	0x1
 1024 002b 51       		.byte	0x51
 1025 002c 06000000 		.4byte	.LVL1
 1026 0030 09000000 		.4byte	.LVL2-1
 1027 0034 0100     		.2byte	0x1
 1028 0036 52       		.byte	0x52
 1029 0037 09000000 		.4byte	.LVL2-1
 1030 003b 0C000000 		.4byte	.LFE0
 1031 003f 0400     		.2byte	0x4
 1032 0041 F3       		.byte	0xf3
 1033 0042 01       		.uleb128 0x1
 1034 0043 51       		.byte	0x51
 1035 0044 9F       		.byte	0x9f
 1036 0045 00000000 		.4byte	0
 1037 0049 00000000 		.4byte	0
 1038              	.LLST2:
 1039 004d 8C000000 		.4byte	.LVL6
 1040 0051 92000000 		.4byte	.LVL7
 1041 0055 0200     		.2byte	0x2
 1042 0057 30       		.byte	0x30
 1043 0058 9F       		.byte	0x9f
 1044 0059 92000000 		.4byte	.LVL7
 1045 005d AA000000 		.4byte	.LVL10
 1046 0061 0100     		.2byte	0x1
 1047 0063 54       		.byte	0x54
 1048 0064 AA000000 		.4byte	.LVL10
 1049 0068 AC000000 		.4byte	.LVL11
 1050 006c 0300     		.2byte	0x3
 1051 006e 74       		.byte	0x74
 1052 006f 7F       		.sleb128 -1
 1053 0070 9F       		.byte	0x9f
 1054 0071 AC000000 		.4byte	.LVL11
 1055 0075 E4000000 		.4byte	.LVL12
 1056 0079 0100     		.2byte	0x1
 1057 007b 54       		.byte	0x54
 1058 007c 00000000 		.4byte	0
 1059 0080 00000000 		.4byte	0
 1060              	.LLST3:
 1061 0084 9A000000 		.4byte	.LVL8
 1062 0088 A7000000 		.4byte	.LVL9-1
 1063 008c 0100     		.2byte	0x1
 1064 008e 53       		.byte	0x53
 1065 008f A7000000 		.4byte	.LVL9-1
 1066 0093 AA000000 		.4byte	.LVL10
 1067 0097 0D00     		.2byte	0xd
 1068 0099 74       		.byte	0x74
 1069 009a 00       		.sleb128 0
 1070 009b 31       		.byte	0x31
 1071 009c 24       		.byte	0x24
 1072 009d 74       		.byte	0x74
 1073 009e 00       		.sleb128 0
 1074 009f 22       		.byte	0x22
 1075 00a0 31       		.byte	0x31
 1076 00a1 24       		.byte	0x24
 1077 00a2 75       		.byte	0x75
 1078 00a3 00       		.sleb128 0
 1079 00a4 22       		.byte	0x22
ARM GAS  C:\Users\marce\AppData\Local\Temp\ccNpYbpQ.s 			page 25


 1080 00a5 9F       		.byte	0x9f
 1081 00a6 AA000000 		.4byte	.LVL10
 1082 00aa AC000000 		.4byte	.LVL11
 1083 00ae 0D00     		.2byte	0xd
 1084 00b0 74       		.byte	0x74
 1085 00b1 7F       		.sleb128 -1
 1086 00b2 74       		.byte	0x74
 1087 00b3 7F       		.sleb128 -1
 1088 00b4 31       		.byte	0x31
 1089 00b5 24       		.byte	0x24
 1090 00b6 22       		.byte	0x22
 1091 00b7 31       		.byte	0x31
 1092 00b8 24       		.byte	0x24
 1093 00b9 75       		.byte	0x75
 1094 00ba 00       		.sleb128 0
 1095 00bb 22       		.byte	0x22
 1096 00bc 9F       		.byte	0x9f
 1097 00bd 00000000 		.4byte	0
 1098 00c1 00000000 		.4byte	0
 1099              		.section	.debug_aranges,"",%progbits
 1100 0000 2C000000 		.4byte	0x2c
 1101 0004 0200     		.2byte	0x2
 1102 0006 00000000 		.4byte	.Ldebug_info0
 1103 000a 04       		.byte	0x4
 1104 000b 00       		.byte	0
 1105 000c 0000     		.2byte	0
 1106 000e 0000     		.2byte	0
 1107 0010 00000000 		.4byte	.LFB0
 1108 0014 0C000000 		.4byte	.LFE0-.LFB0
 1109 0018 00000000 		.4byte	.LFB3
 1110 001c 88000000 		.4byte	.LFE3-.LFB3
 1111 0020 88000000 		.4byte	.LFB5
 1112 0024 D8000000 		.4byte	.LFE5-.LFB5
 1113 0028 00000000 		.4byte	0
 1114 002c 00000000 		.4byte	0
 1115              		.section	.debug_ranges,"",%progbits
 1116              	.Ldebug_ranges0:
 1117 0000 8E000000 		.4byte	.LBB3
 1118 0004 90000000 		.4byte	.LBE3
 1119 0008 92000000 		.4byte	.LBB4
 1120 000c A8000000 		.4byte	.LBE4
 1121 0010 00000000 		.4byte	0
 1122 0014 00000000 		.4byte	0
 1123 0018 00000000 		.4byte	.LFB0
 1124 001c 0C000000 		.4byte	.LFE0
 1125 0020 00000000 		.4byte	.LFB3
 1126 0024 88000000 		.4byte	.LFE3
 1127 0028 88000000 		.4byte	.LFB5
 1128 002c 60010000 		.4byte	.LFE5
 1129 0030 00000000 		.4byte	0
 1130 0034 00000000 		.4byte	0
 1131              		.section	.debug_line,"",%progbits
 1132              	.Ldebug_line0:
 1133 0000 3D010000 		.section	.debug_str,"MS",%progbits,1
 1133      0200D800 
 1133      00000201 
 1133      FB0E0D00 
ARM GAS  C:\Users\marce\AppData\Local\Temp\ccNpYbpQ.s 			page 26


 1133      01010101 
 1134              	.LASF18:
 1135 0000 72656733 		.ascii	"reg32\000"
 1135      3200
 1136              	.LASF11:
 1137 0006 73697A65 		.ascii	"size_t\000"
 1137      5F7400
 1138              	.LASF32:
 1139 000d 4379496E 		.ascii	"CyIntSetVector\000"
 1139      74536574 
 1139      56656374 
 1139      6F7200
 1140              	.LASF25:
 1141 001c 6366675F 		.ascii	"cfg_memset_list\000"
 1141      6D656D73 
 1141      65745F6C 
 1141      69737400 
 1142              	.LASF21:
 1143 002c 436C6F63 		.ascii	"ClockSetup\000"
 1143      6B536574 
 1143      757000
 1144              	.LASF4:
 1145 0037 73686F72 		.ascii	"short unsigned int\000"
 1145      7420756E 
 1145      7369676E 
 1145      65642069 
 1145      6E7400
 1146              	.LASF30:
 1147 004a 433A5C55 		.ascii	"C:\\Users\\marce\\Documents\\Tesis\\Psoc_Creator\\D"
 1147      73657273 
 1147      5C6D6172 
 1147      63655C44 
 1147      6F63756D 
 1148 0077 61746120 		.ascii	"ata Exchange MT174\\Interface_driver.cydsn\000"
 1148      45786368 
 1148      616E6765 
 1148      204D5431 
 1148      37345C49 
 1149              	.LASF15:
 1150 00a1 666C6F61 		.ascii	"float\000"
 1150      7400
 1151              	.LASF23:
 1152 00a7 73697A65 		.ascii	"size\000"
 1152      00
 1153              	.LASF17:
 1154 00ac 72656738 		.ascii	"reg8\000"
 1154      00
 1155              	.LASF6:
 1156 00b1 6C6F6E67 		.ascii	"long unsigned int\000"
 1156      20756E73 
 1156      69676E65 
 1156      6420696E 
 1156      7400
 1157              	.LASF12:
 1158 00c3 75696E74 		.ascii	"uint8\000"
 1158      3800
 1159              	.LASF20:
ARM GAS  C:\Users\marce\AppData\Local\Temp\ccNpYbpQ.s 			page 27


 1160 00c9 43594D45 		.ascii	"CYMEMZERO\000"
 1160      4D5A4552 
 1160      4F00
 1161              	.LASF2:
 1162 00d3 756E7369 		.ascii	"unsigned char\000"
 1162      676E6564 
 1162      20636861 
 1162      7200
 1163              	.LASF26:
 1164 00e1 6D656D73 		.ascii	"memset\000"
 1164      657400
 1165              	.LASF16:
 1166 00e8 646F7562 		.ascii	"double\000"
 1166      6C6500
 1167              	.LASF33:
 1168 00ef 4379496E 		.ascii	"CyIntEnable\000"
 1168      74456E61 
 1168      626C6500 
 1169              	.LASF13:
 1170 00fb 75696E74 		.ascii	"uint16\000"
 1170      313600
 1171              	.LASF14:
 1172 0102 75696E74 		.ascii	"uint32\000"
 1172      333200
 1173              	.LASF0:
 1174 0109 756E7369 		.ascii	"unsigned int\000"
 1174      676E6564 
 1174      20696E74 
 1174      00
 1175              	.LASF31:
 1176 0116 63796669 		.ascii	"cyfitter_cfg\000"
 1176      74746572 
 1176      5F636667 
 1176      00
 1177              	.LASF22:
 1178 0123 61646472 		.ascii	"address\000"
 1178      65737300 
 1179              	.LASF8:
 1180 012b 6C6F6E67 		.ascii	"long long unsigned int\000"
 1180      206C6F6E 
 1180      6720756E 
 1180      7369676E 
 1180      65642069 
 1181              	.LASF28:
 1182 0142 474E5520 		.ascii	"GNU C 4.8.4 20140526 (release) [ARM/embedded-4_8-br"
 1182      4320342E 
 1182      382E3420 
 1182      32303134 
 1182      30353236 
 1183 0175 616E6368 		.ascii	"anch revision 211358] -mcpu=cortex-m0 -mthumb -g -O"
 1183      20726576 
 1183      6973696F 
 1183      6E203231 
 1183      31333538 
 1184 01a8 67202D66 		.ascii	"g -ffunction-sections\000"
 1184      66756E63 
 1184      74696F6E 
ARM GAS  C:\Users\marce\AppData\Local\Temp\ccNpYbpQ.s 			page 28


 1184      2D736563 
 1184      74696F6E 
 1185              	.LASF19:
 1186 01be 63796973 		.ascii	"cyisraddress\000"
 1186      72616464 
 1186      72657373 
 1186      00
 1187              	.LASF24:
 1188 01cb 6366675F 		.ascii	"cfg_memset_t\000"
 1188      6D656D73 
 1188      65745F74 
 1188      00
 1189              	.LASF29:
 1190 01d8 2E5C4765 		.ascii	".\\Generated_Source\\PSoC4\\cyfitter_cfg.c\000"
 1190      6E657261 
 1190      7465645F 
 1190      536F7572 
 1190      63655C50 
 1191              	.LASF9:
 1192 0200 73697A65 		.ascii	"sizetype\000"
 1192      74797065 
 1192      00
 1193              	.LASF7:
 1194 0209 6C6F6E67 		.ascii	"long long int\000"
 1194      206C6F6E 
 1194      6720696E 
 1194      7400
 1195              	.LASF10:
 1196 0217 63686172 		.ascii	"char\000"
 1196      00
 1197              	.LASF3:
 1198 021c 73686F72 		.ascii	"short int\000"
 1198      7420696E 
 1198      7400
 1199              	.LASF27:
 1200 0226 43795379 		.ascii	"CySysClkWriteImoFreq\000"
 1200      73436C6B 
 1200      57726974 
 1200      65496D6F 
 1200      46726571 
 1201              	.LASF5:
 1202 023b 6C6F6E67 		.ascii	"long int\000"
 1202      20696E74 
 1202      00
 1203              	.LASF1:
 1204 0244 7369676E 		.ascii	"signed char\000"
 1204      65642063 
 1204      68617200 
 1205              		.ident	"GCC: (GNU Tools for ARM Embedded Processors) 4.8.4 20140526 (release) [ARM/embedded-4_8-br
