ARM GAS  C:\Users\marce\AppData\Local\Temp\ccaVLQUs.s 			page 1


   1              		.cpu cortex-m0
   2              		.fpu softvfp
   3              		.eabi_attribute 20, 1
   4              		.eabi_attribute 21, 1
   5              		.eabi_attribute 23, 3
   6              		.eabi_attribute 24, 1
   7              		.eabi_attribute 25, 1
   8              		.eabi_attribute 26, 1
   9              		.eabi_attribute 30, 1
  10              		.eabi_attribute 34, 0
  11              		.eabi_attribute 18, 4
  12              		.code	16
  13              		.file	"UART_1_I2C.c"
  14              		.text
  15              	.Ltext0:
  16              		.cfi_sections	.debug_frame
  17              		.section	.text.UART_1_I2CInit,"ax",%progbits
  18              		.align	2
  19              		.global	UART_1_I2CInit
  20              		.code	16
  21              		.thumb_func
  22              		.type	UART_1_I2CInit, %function
  23              	UART_1_I2CInit:
  24              	.LFB0:
  25              		.file 1 ".\\Generated_Source\\PSoC4\\UART_1_I2C.c"
   1:.\Generated_Source\PSoC4/UART_1_I2C.c **** /*******************************************************************************
   2:.\Generated_Source\PSoC4/UART_1_I2C.c **** * File Name: UART_1_I2C.c
   3:.\Generated_Source\PSoC4/UART_1_I2C.c **** * Version 3.0
   4:.\Generated_Source\PSoC4/UART_1_I2C.c **** *
   5:.\Generated_Source\PSoC4/UART_1_I2C.c **** * Description:
   6:.\Generated_Source\PSoC4/UART_1_I2C.c **** *  This file provides the source code to the API for the SCB Component in
   7:.\Generated_Source\PSoC4/UART_1_I2C.c **** *  I2C mode.
   8:.\Generated_Source\PSoC4/UART_1_I2C.c **** *
   9:.\Generated_Source\PSoC4/UART_1_I2C.c **** * Note:
  10:.\Generated_Source\PSoC4/UART_1_I2C.c **** *
  11:.\Generated_Source\PSoC4/UART_1_I2C.c **** *******************************************************************************
  12:.\Generated_Source\PSoC4/UART_1_I2C.c **** * Copyright 2013-2015, Cypress Semiconductor Corporation.  All rights reserved.
  13:.\Generated_Source\PSoC4/UART_1_I2C.c **** * You may use this file only in accordance with the license, terms, conditions,
  14:.\Generated_Source\PSoC4/UART_1_I2C.c **** * disclaimers, and limitations in the end user license agreement accompanying
  15:.\Generated_Source\PSoC4/UART_1_I2C.c **** * the software package with which this file was provided.
  16:.\Generated_Source\PSoC4/UART_1_I2C.c **** *******************************************************************************/
  17:.\Generated_Source\PSoC4/UART_1_I2C.c **** 
  18:.\Generated_Source\PSoC4/UART_1_I2C.c **** #include "UART_1_PVT.h"
  19:.\Generated_Source\PSoC4/UART_1_I2C.c **** #include "UART_1_I2C_PVT.h"
  20:.\Generated_Source\PSoC4/UART_1_I2C.c **** 
  21:.\Generated_Source\PSoC4/UART_1_I2C.c **** 
  22:.\Generated_Source\PSoC4/UART_1_I2C.c **** /***************************************
  23:.\Generated_Source\PSoC4/UART_1_I2C.c **** *      I2C Private Vars
  24:.\Generated_Source\PSoC4/UART_1_I2C.c **** ***************************************/
  25:.\Generated_Source\PSoC4/UART_1_I2C.c **** 
  26:.\Generated_Source\PSoC4/UART_1_I2C.c **** volatile uint8 UART_1_state;  /* Current state of I2C FSM */
  27:.\Generated_Source\PSoC4/UART_1_I2C.c **** 
  28:.\Generated_Source\PSoC4/UART_1_I2C.c **** #if(UART_1_SCB_MODE_UNCONFIG_CONST_CFG)
  29:.\Generated_Source\PSoC4/UART_1_I2C.c **** 
  30:.\Generated_Source\PSoC4/UART_1_I2C.c ****     /***************************************
  31:.\Generated_Source\PSoC4/UART_1_I2C.c ****     *  Configuration Structure Initialization
  32:.\Generated_Source\PSoC4/UART_1_I2C.c ****     ***************************************/
ARM GAS  C:\Users\marce\AppData\Local\Temp\ccaVLQUs.s 			page 2


  33:.\Generated_Source\PSoC4/UART_1_I2C.c **** 
  34:.\Generated_Source\PSoC4/UART_1_I2C.c ****     /* Constant configuration of I2C */
  35:.\Generated_Source\PSoC4/UART_1_I2C.c ****     const UART_1_I2C_INIT_STRUCT UART_1_configI2C =
  36:.\Generated_Source\PSoC4/UART_1_I2C.c ****     {
  37:.\Generated_Source\PSoC4/UART_1_I2C.c ****         UART_1_I2C_MODE,
  38:.\Generated_Source\PSoC4/UART_1_I2C.c ****         UART_1_I2C_OVS_FACTOR_LOW,
  39:.\Generated_Source\PSoC4/UART_1_I2C.c ****         UART_1_I2C_OVS_FACTOR_HIGH,
  40:.\Generated_Source\PSoC4/UART_1_I2C.c ****         UART_1_I2C_MEDIAN_FILTER_ENABLE,
  41:.\Generated_Source\PSoC4/UART_1_I2C.c ****         UART_1_I2C_SLAVE_ADDRESS,
  42:.\Generated_Source\PSoC4/UART_1_I2C.c ****         UART_1_I2C_SLAVE_ADDRESS_MASK,
  43:.\Generated_Source\PSoC4/UART_1_I2C.c ****         UART_1_I2C_ACCEPT_ADDRESS,
  44:.\Generated_Source\PSoC4/UART_1_I2C.c ****         UART_1_I2C_WAKE_ENABLE,
  45:.\Generated_Source\PSoC4/UART_1_I2C.c ****         UART_1_I2C_BYTE_MODE_ENABLE,
  46:.\Generated_Source\PSoC4/UART_1_I2C.c ****         UART_1_I2C_DATA_RATE,
  47:.\Generated_Source\PSoC4/UART_1_I2C.c ****         UART_1_I2C_ACCEPT_GENERAL_CALL,
  48:.\Generated_Source\PSoC4/UART_1_I2C.c ****     };
  49:.\Generated_Source\PSoC4/UART_1_I2C.c **** 
  50:.\Generated_Source\PSoC4/UART_1_I2C.c ****     /*******************************************************************************
  51:.\Generated_Source\PSoC4/UART_1_I2C.c ****     * Function Name: UART_1_I2CInit
  52:.\Generated_Source\PSoC4/UART_1_I2C.c ****     ********************************************************************************
  53:.\Generated_Source\PSoC4/UART_1_I2C.c ****     *
  54:.\Generated_Source\PSoC4/UART_1_I2C.c ****     * Summary:
  55:.\Generated_Source\PSoC4/UART_1_I2C.c ****     *  Configures the SCB for I2C operation.
  56:.\Generated_Source\PSoC4/UART_1_I2C.c ****     *
  57:.\Generated_Source\PSoC4/UART_1_I2C.c ****     * Parameters:
  58:.\Generated_Source\PSoC4/UART_1_I2C.c ****     *  config:  Pointer to a structure that contains the following ordered list of
  59:.\Generated_Source\PSoC4/UART_1_I2C.c ****     *           fields. These fields match the selections available in the
  60:.\Generated_Source\PSoC4/UART_1_I2C.c ****     *           customizer.
  61:.\Generated_Source\PSoC4/UART_1_I2C.c ****     *
  62:.\Generated_Source\PSoC4/UART_1_I2C.c ****     * Return:
  63:.\Generated_Source\PSoC4/UART_1_I2C.c ****     *  None
  64:.\Generated_Source\PSoC4/UART_1_I2C.c ****     *
  65:.\Generated_Source\PSoC4/UART_1_I2C.c ****     *******************************************************************************/
  66:.\Generated_Source\PSoC4/UART_1_I2C.c ****     void UART_1_I2CInit(const UART_1_I2C_INIT_STRUCT *config)
  67:.\Generated_Source\PSoC4/UART_1_I2C.c ****     {
  26              		.loc 1 67 0
  27              		.cfi_startproc
  28              	.LVL0:
  29 0000 38B5     		push	{r3, r4, r5, lr}
  30              		.cfi_def_cfa_offset 16
  31              		.cfi_offset 3, -16
  32              		.cfi_offset 4, -12
  33              		.cfi_offset 5, -8
  34              		.cfi_offset 14, -4
  35 0002 041E     		sub	r4, r0, #0
  68:.\Generated_Source\PSoC4/UART_1_I2C.c ****         uint32 medianFilter;
  69:.\Generated_Source\PSoC4/UART_1_I2C.c ****         uint32 locEnableWake;
  70:.\Generated_Source\PSoC4/UART_1_I2C.c **** 
  71:.\Generated_Source\PSoC4/UART_1_I2C.c ****         if(NULL == config)
  36              		.loc 1 71 0
  37 0004 03D1     		bne	.L2
  72:.\Generated_Source\PSoC4/UART_1_I2C.c ****         {
  73:.\Generated_Source\PSoC4/UART_1_I2C.c ****             CYASSERT(0u != 0u); /* Halt execution due to bad function parameter */
  38              		.loc 1 73 0 discriminator 1
  39 0006 0020     		mov	r0, #0
  40              	.LVL1:
  41 0008 FFF7FEFF 		bl	CyHalt
ARM GAS  C:\Users\marce\AppData\Local\Temp\ccaVLQUs.s 			page 3


  42              	.LVL2:
  43 000c BEE0     		b	.L1
  44              	.LVL3:
  45              	.L2:
  74:.\Generated_Source\PSoC4/UART_1_I2C.c ****         }
  75:.\Generated_Source\PSoC4/UART_1_I2C.c ****         else
  76:.\Generated_Source\PSoC4/UART_1_I2C.c ****         {
  77:.\Generated_Source\PSoC4/UART_1_I2C.c ****             /* Configure pins */
  78:.\Generated_Source\PSoC4/UART_1_I2C.c ****             UART_1_SetPins(UART_1_SCB_MODE_I2C, UART_1_DUMMY_PARAM,
  46              		.loc 1 78 0
  47 000e 0120     		mov	r0, #1
  48              	.LVL4:
  49 0010 0021     		mov	r1, #0
  50 0012 0022     		mov	r2, #0
  51 0014 FFF7FEFF 		bl	UART_1_SetPins
  52              	.LVL5:
  79:.\Generated_Source\PSoC4/UART_1_I2C.c ****                                      UART_1_DUMMY_PARAM);
  80:.\Generated_Source\PSoC4/UART_1_I2C.c **** 
  81:.\Generated_Source\PSoC4/UART_1_I2C.c ****             /* Store internal configuration */
  82:.\Generated_Source\PSoC4/UART_1_I2C.c ****             UART_1_scbMode       = (uint8) UART_1_SCB_MODE_I2C;
  53              		.loc 1 82 0
  54 0018 0123     		mov	r3, #1
  55 001a 5D4A     		ldr	r2, .L26
  56 001c 1370     		strb	r3, [r2]
  83:.\Generated_Source\PSoC4/UART_1_I2C.c ****             UART_1_scbEnableWake = (uint8) config->enableWake;
  57              		.loc 1 83 0
  58 001e 217F     		ldrb	r1, [r4, #28]
  59 0020 5C4A     		ldr	r2, .L26+4
  60 0022 1170     		strb	r1, [r2]
  84:.\Generated_Source\PSoC4/UART_1_I2C.c ****             UART_1_scbEnableIntr = (uint8) UART_1_SCB_IRQ_INTERNAL;
  61              		.loc 1 84 0
  62 0024 5C4A     		ldr	r2, .L26+8
  63 0026 1370     		strb	r3, [r2]
  85:.\Generated_Source\PSoC4/UART_1_I2C.c **** 
  86:.\Generated_Source\PSoC4/UART_1_I2C.c ****             UART_1_mode          = (uint8) config->mode;
  64              		.loc 1 86 0
  65 0028 2278     		ldrb	r2, [r4]
  66 002a 5C4B     		ldr	r3, .L26+12
  67 002c 1A70     		strb	r2, [r3]
  87:.\Generated_Source\PSoC4/UART_1_I2C.c ****             UART_1_acceptAddr    = (uint8) config->acceptAddr;
  68              		.loc 1 87 0
  69 002e 227E     		ldrb	r2, [r4, #24]
  70 0030 5B4B     		ldr	r3, .L26+16
  71 0032 1A70     		strb	r2, [r3]
  88:.\Generated_Source\PSoC4/UART_1_I2C.c **** 
  89:.\Generated_Source\PSoC4/UART_1_I2C.c ****         #if (UART_1_CY_SCBIP_V0)
  90:.\Generated_Source\PSoC4/UART_1_I2C.c ****             /* Adjust SDA filter settings. Ticket ID#150521 */
  91:.\Generated_Source\PSoC4/UART_1_I2C.c ****             UART_1_SET_I2C_CFG_SDA_FILT_TRIM(UART_1_EC_AM_I2C_CFG_SDA_FILT_TRIM);
  72              		.loc 1 91 0
  73 0034 5B4B     		ldr	r3, .L26+20
  74 0036 1968     		ldr	r1, [r3]
  75 0038 0C22     		mov	r2, #12
  76 003a 0A43     		orr	r2, r1
  77 003c 1A60     		str	r2, [r3]
  92:.\Generated_Source\PSoC4/UART_1_I2C.c ****         #endif /* (UART_1_CY_SCBIP_V0) */
  93:.\Generated_Source\PSoC4/UART_1_I2C.c **** 
  94:.\Generated_Source\PSoC4/UART_1_I2C.c ****             /* Adjust AF and DF filter settings. Ticket ID#176179 */
ARM GAS  C:\Users\marce\AppData\Local\Temp\ccaVLQUs.s 			page 4


  95:.\Generated_Source\PSoC4/UART_1_I2C.c ****             if (((UART_1_I2C_MODE_SLAVE != config->mode) &&
  78              		.loc 1 95 0
  79 003e 2368     		ldr	r3, [r4]
  80 0040 012B     		cmp	r3, #1
  81 0042 04D0     		beq	.L4
  96:.\Generated_Source\PSoC4/UART_1_I2C.c ****                  (config->dataRate <= UART_1_I2C_DATA_RATE_FS_MODE_MAX)) ||
  82              		.loc 1 96 0 discriminator 1
  83 0044 618C     		ldrh	r1, [r4, #34]
  95:.\Generated_Source\PSoC4/UART_1_I2C.c ****             if (((UART_1_I2C_MODE_SLAVE != config->mode) &&
  84              		.loc 1 95 0 discriminator 1
  85 0046 C822     		mov	r2, #200
  86 0048 5200     		lsl	r2, r2, #1
  87 004a 9142     		cmp	r1, r2
  88 004c 01D9     		bls	.L5
  89              	.L4:
  90              		.loc 1 96 0
  91 004e 012B     		cmp	r3, #1
  92 0050 06D1     		bne	.L6
  93              	.L5:
  97:.\Generated_Source\PSoC4/UART_1_I2C.c ****                  (UART_1_I2C_MODE_SLAVE == config->mode))
  98:.\Generated_Source\PSoC4/UART_1_I2C.c ****             {
  99:.\Generated_Source\PSoC4/UART_1_I2C.c ****                 /* AF = 1, DF = 0 */
 100:.\Generated_Source\PSoC4/UART_1_I2C.c ****                 UART_1_I2C_CFG_ANALOG_FITER_ENABLE;
  94              		.loc 1 100 0
  95 0052 544B     		ldr	r3, .L26+20
  96 0054 1A68     		ldr	r2, [r3]
  97 0056 5449     		ldr	r1, .L26+24
  98 0058 0A43     		orr	r2, r1
  99 005a 1A60     		str	r2, [r3]
 100              	.LVL6:
 101:.\Generated_Source\PSoC4/UART_1_I2C.c ****                 medianFilter = UART_1_DIGITAL_FILTER_DISABLE;
 101              		.loc 1 101 0
 102 005c 0023     		mov	r3, #0
 103 005e 05E0     		b	.L7
 104              	.LVL7:
 105              	.L6:
 102:.\Generated_Source\PSoC4/UART_1_I2C.c ****             }
 103:.\Generated_Source\PSoC4/UART_1_I2C.c ****             else
 104:.\Generated_Source\PSoC4/UART_1_I2C.c ****             {
 105:.\Generated_Source\PSoC4/UART_1_I2C.c ****                 /* AF = 0, DF = 1 */
 106:.\Generated_Source\PSoC4/UART_1_I2C.c ****                 UART_1_I2C_CFG_ANALOG_FITER_DISABLE;
 106              		.loc 1 106 0
 107 0060 504B     		ldr	r3, .L26+20
 108 0062 1968     		ldr	r1, [r3]
 109 0064 514A     		ldr	r2, .L26+28
 110 0066 0A40     		and	r2, r1
 111 0068 1A60     		str	r2, [r3]
 112              	.LVL8:
 107:.\Generated_Source\PSoC4/UART_1_I2C.c ****                 medianFilter = UART_1_DIGITAL_FILTER_ENABLE;
 113              		.loc 1 107 0
 114 006a 0123     		mov	r3, #1
 115              	.LVL9:
 116              	.L7:
 108:.\Generated_Source\PSoC4/UART_1_I2C.c ****             }
 109:.\Generated_Source\PSoC4/UART_1_I2C.c **** 
 110:.\Generated_Source\PSoC4/UART_1_I2C.c ****         #if (!UART_1_CY_SCBIP_V0)
 111:.\Generated_Source\PSoC4/UART_1_I2C.c ****             locEnableWake = (UART_1_I2C_MULTI_MASTER_SLAVE) ? (0u) : (config->enableWake);
ARM GAS  C:\Users\marce\AppData\Local\Temp\ccaVLQUs.s 			page 5


 112:.\Generated_Source\PSoC4/UART_1_I2C.c ****         #else
 113:.\Generated_Source\PSoC4/UART_1_I2C.c ****             locEnableWake = config->enableWake;
 117              		.loc 1 113 0
 118 006c E269     		ldr	r2, [r4, #28]
 119              	.LVL10:
 114:.\Generated_Source\PSoC4/UART_1_I2C.c ****         #endif /* (!UART_1_CY_SCBIP_V0) */
 115:.\Generated_Source\PSoC4/UART_1_I2C.c **** 
 116:.\Generated_Source\PSoC4/UART_1_I2C.c ****             /* Configure I2C interface */
 117:.\Generated_Source\PSoC4/UART_1_I2C.c ****             UART_1_CTRL_REG     = UART_1_GET_CTRL_BYTE_MODE  (config->enableByteMode) |
 120              		.loc 1 117 0
 121 006e A069     		ldr	r0, [r4, #24]
 122 0070 0028     		cmp	r0, #0
 123 0072 02D0     		beq	.L17
 124 0074 8021     		mov	r1, #128
 125 0076 4902     		lsl	r1, r1, #9
 126 0078 00E0     		b	.L8
 127              	.L17:
 128 007a 0021     		mov	r1, #0
 129              	.L8:
 118:.\Generated_Source\PSoC4/UART_1_I2C.c ****                                             UART_1_GET_CTRL_ADDR_ACCEPT(config->acceptAddr)     |
 119:.\Generated_Source\PSoC4/UART_1_I2C.c ****                                             UART_1_GET_CTRL_EC_AM_MODE (locEnableWake);
 130              		.loc 1 119 0
 131 007c 002A     		cmp	r2, #0
 132 007e 02D0     		beq	.L18
 133 0080 8022     		mov	r2, #128
 134              	.LVL11:
 135 0082 5200     		lsl	r2, r2, #1
 136 0084 00E0     		b	.L9
 137              	.LVL12:
 138              	.L18:
 139 0086 0022     		mov	r2, #0
 140              	.LVL13:
 141              	.L9:
 118:.\Generated_Source\PSoC4/UART_1_I2C.c ****                                             UART_1_GET_CTRL_ADDR_ACCEPT(config->acceptAddr)     |
 142              		.loc 1 118 0
 143 0088 1143     		orr	r1, r2
 117:.\Generated_Source\PSoC4/UART_1_I2C.c ****             UART_1_CTRL_REG     = UART_1_GET_CTRL_BYTE_MODE  (config->enableByteMode) |
 144              		.loc 1 117 0
 145 008a 494A     		ldr	r2, .L26+32
 146 008c 1160     		str	r1, [r2]
 147              	.LVL14:
 120:.\Generated_Source\PSoC4/UART_1_I2C.c **** 
 121:.\Generated_Source\PSoC4/UART_1_I2C.c ****             UART_1_I2C_CTRL_REG = UART_1_GET_I2C_CTRL_HIGH_PHASE_OVS(config->oversampleHigh) |
 148              		.loc 1 121 0
 149 008e A268     		ldr	r2, [r4, #8]
 150 0090 013A     		sub	r2, r2, #1
 151 0092 0F21     		mov	r1, #15
 152 0094 0A40     		and	r2, r1
 122:.\Generated_Source\PSoC4/UART_1_I2C.c ****                     UART_1_GET_I2C_CTRL_LOW_PHASE_OVS (config->oversampleLow)                      
 153              		.loc 1 122 0
 154 0096 6168     		ldr	r1, [r4, #4]
 155 0098 0139     		sub	r1, r1, #1
 156 009a 0901     		lsl	r1, r1, #4
 157 009c FF20     		mov	r0, #255
 158 009e 0140     		and	r1, r0
 121:.\Generated_Source\PSoC4/UART_1_I2C.c ****             UART_1_I2C_CTRL_REG = UART_1_GET_I2C_CTRL_HIGH_PHASE_OVS(config->oversampleHigh) |
 159              		.loc 1 121 0
ARM GAS  C:\Users\marce\AppData\Local\Temp\ccaVLQUs.s 			page 6


 160 00a0 1143     		orr	r1, r2
 123:.\Generated_Source\PSoC4/UART_1_I2C.c ****                     UART_1_GET_I2C_CTRL_S_GENERAL_IGNORE((uint32)(0u == config->acceptGeneralAddr))
 161              		.loc 1 123 0
 162 00a2 2422     		mov	r2, #36
 163 00a4 A25C     		ldrb	r2, [r4, r2]
 164 00a6 002A     		cmp	r2, #0
 165 00a8 01D1     		bne	.L19
 166 00aa 0122     		mov	r2, #1
 167 00ac 00E0     		b	.L10
 168              	.L19:
 169 00ae 0022     		mov	r2, #0
 170              	.L10:
 171              		.loc 1 123 0 is_stmt 0 discriminator 3
 172 00b0 002A     		cmp	r2, #0
 173 00b2 02D0     		beq	.L20
 174              		.loc 1 123 0
 175 00b4 8022     		mov	r2, #128
 176 00b6 1201     		lsl	r2, r2, #4
 177 00b8 00E0     		b	.L11
 178              	.L20:
 179 00ba 0022     		mov	r2, #0
 180              	.L11:
 122:.\Generated_Source\PSoC4/UART_1_I2C.c ****                     UART_1_GET_I2C_CTRL_LOW_PHASE_OVS (config->oversampleLow)                      
 181              		.loc 1 122 0 is_stmt 1
 182 00bc 1143     		orr	r1, r2
 124:.\Generated_Source\PSoC4/UART_1_I2C.c ****                     UART_1_GET_I2C_CTRL_SL_MSTR_MODE  (config->mode);
 183              		.loc 1 124 0
 184 00be 2068     		ldr	r0, [r4]
 185 00c0 8207     		lsl	r2, r0, #30
 123:.\Generated_Source\PSoC4/UART_1_I2C.c ****                     UART_1_GET_I2C_CTRL_S_GENERAL_IGNORE((uint32)(0u == config->acceptGeneralAddr))
 186              		.loc 1 123 0
 187 00c2 1143     		orr	r1, r2
 121:.\Generated_Source\PSoC4/UART_1_I2C.c ****             UART_1_I2C_CTRL_REG = UART_1_GET_I2C_CTRL_HIGH_PHASE_OVS(config->oversampleHigh) |
 188              		.loc 1 121 0
 189 00c4 3B4A     		ldr	r2, .L26+36
 190 00c6 1160     		str	r1, [r2]
 125:.\Generated_Source\PSoC4/UART_1_I2C.c **** 
 126:.\Generated_Source\PSoC4/UART_1_I2C.c ****             /* Configure RX direction */
 127:.\Generated_Source\PSoC4/UART_1_I2C.c ****             UART_1_RX_CTRL_REG      = UART_1_GET_RX_CTRL_MEDIAN(medianFilter) |
 191              		.loc 1 127 0
 192 00c8 002B     		cmp	r3, #0
 193 00ca 01D0     		beq	.L21
 194 00cc 3A4A     		ldr	r2, .L26+40
 195 00ce 00E0     		b	.L12
 196              	.L21:
 197 00d0 3A4A     		ldr	r2, .L26+44
 198              	.L12:
 199              		.loc 1 127 0 is_stmt 0 discriminator 3
 200 00d2 3B4B     		ldr	r3, .L26+48
 201              	.LVL15:
 202 00d4 1A60     		str	r2, [r3]
 128:.\Generated_Source\PSoC4/UART_1_I2C.c ****                                                 UART_1_I2C_RX_CTRL;
 129:.\Generated_Source\PSoC4/UART_1_I2C.c ****             UART_1_RX_FIFO_CTRL_REG = UART_1_CLEAR_REG;
 203              		.loc 1 129 0 is_stmt 1 discriminator 3
 204 00d6 0022     		mov	r2, #0
 205 00d8 3A4B     		ldr	r3, .L26+52
 206 00da 1A60     		str	r2, [r3]
ARM GAS  C:\Users\marce\AppData\Local\Temp\ccaVLQUs.s 			page 7


 130:.\Generated_Source\PSoC4/UART_1_I2C.c **** 
 131:.\Generated_Source\PSoC4/UART_1_I2C.c ****             /* Set default address and mask */
 132:.\Generated_Source\PSoC4/UART_1_I2C.c ****             UART_1_RX_MATCH_REG    = ((UART_1_I2C_SLAVE) ?
 207              		.loc 1 132 0 discriminator 3
 208 00dc 2F4B     		ldr	r3, .L26+12
 209 00de 1B78     		ldrb	r3, [r3]
 133:.\Generated_Source\PSoC4/UART_1_I2C.c ****                                                 (UART_1_GET_I2C_8BIT_ADDRESS(config->slaveAddr) |
 134:.\Generated_Source\PSoC4/UART_1_I2C.c ****                                                  UART_1_GET_RX_MATCH_MASK(config->slaveAddrMask)) :
 210              		.loc 1 134 0 discriminator 3
 211 00e0 D907     		lsl	r1, r3, #31
 212 00e2 0AD5     		bpl	.L22
 133:.\Generated_Source\PSoC4/UART_1_I2C.c ****                                                 (UART_1_GET_I2C_8BIT_ADDRESS(config->slaveAddr) |
 213              		.loc 1 133 0
 214 00e4 2269     		ldr	r2, [r4, #16]
 215 00e6 5300     		lsl	r3, r2, #1
 216 00e8 FF22     		mov	r2, #255
 217 00ea 1A40     		and	r2, r3
 218              		.loc 1 134 0
 219 00ec 6369     		ldr	r3, [r4, #20]
 220 00ee 1904     		lsl	r1, r3, #16
 221 00f0 FF23     		mov	r3, #255
 222 00f2 1B04     		lsl	r3, r3, #16
 223 00f4 0B40     		and	r3, r1
 224 00f6 1A43     		orr	r2, r3
 225 00f8 00E0     		b	.L13
 226              	.L22:
 227 00fa 0022     		mov	r2, #0
 228              	.L13:
 132:.\Generated_Source\PSoC4/UART_1_I2C.c ****             UART_1_RX_MATCH_REG    = ((UART_1_I2C_SLAVE) ?
 229              		.loc 1 132 0
 230 00fc 324B     		ldr	r3, .L26+56
 231 00fe 1A60     		str	r2, [r3]
 135:.\Generated_Source\PSoC4/UART_1_I2C.c ****                                                 (UART_1_CLEAR_REG));
 136:.\Generated_Source\PSoC4/UART_1_I2C.c **** 
 137:.\Generated_Source\PSoC4/UART_1_I2C.c **** 
 138:.\Generated_Source\PSoC4/UART_1_I2C.c ****             /* Configure TX direction */
 139:.\Generated_Source\PSoC4/UART_1_I2C.c ****             UART_1_TX_CTRL_REG      = UART_1_I2C_TX_CTRL;
 232              		.loc 1 139 0
 233 0100 2E4A     		ldr	r2, .L26+44
 234 0102 324B     		ldr	r3, .L26+60
 235 0104 1A60     		str	r2, [r3]
 140:.\Generated_Source\PSoC4/UART_1_I2C.c ****             UART_1_TX_FIFO_CTRL_REG = UART_1_CLEAR_REG;
 236              		.loc 1 140 0
 237 0106 0025     		mov	r5, #0
 238 0108 314B     		ldr	r3, .L26+64
 239 010a 1D60     		str	r5, [r3]
 141:.\Generated_Source\PSoC4/UART_1_I2C.c **** 
 142:.\Generated_Source\PSoC4/UART_1_I2C.c ****             /* Configure interrupt with I2C handler but do not enable it */
 143:.\Generated_Source\PSoC4/UART_1_I2C.c ****             CyIntDisable    (UART_1_ISR_NUMBER);
 240              		.loc 1 143 0
 241 010c 0B20     		mov	r0, #11
 242 010e FFF7FEFF 		bl	CyIntDisable
 243              	.LVL16:
 144:.\Generated_Source\PSoC4/UART_1_I2C.c ****             CyIntSetPriority(UART_1_ISR_NUMBER, UART_1_ISR_PRIORITY);
 244              		.loc 1 144 0
 245 0112 0B20     		mov	r0, #11
 246 0114 0321     		mov	r1, #3
ARM GAS  C:\Users\marce\AppData\Local\Temp\ccaVLQUs.s 			page 8


 247 0116 FFF7FEFF 		bl	CyIntSetPriority
 248              	.LVL17:
 145:.\Generated_Source\PSoC4/UART_1_I2C.c ****             (void) CyIntSetVector(UART_1_ISR_NUMBER, &UART_1_I2C_ISR);
 249              		.loc 1 145 0
 250 011a 0B20     		mov	r0, #11
 251 011c 2D49     		ldr	r1, .L26+68
 252 011e FFF7FEFF 		bl	CyIntSetVector
 253              	.LVL18:
 146:.\Generated_Source\PSoC4/UART_1_I2C.c **** 
 147:.\Generated_Source\PSoC4/UART_1_I2C.c ****             /* Configure interrupt sources */
 148:.\Generated_Source\PSoC4/UART_1_I2C.c ****         #if(!UART_1_CY_SCBIP_V1)
 149:.\Generated_Source\PSoC4/UART_1_I2C.c ****             UART_1_INTR_SPI_EC_MASK_REG = UART_1_NO_INTR_SOURCES;
 254              		.loc 1 149 0
 255 0122 2D4B     		ldr	r3, .L26+72
 256 0124 1D60     		str	r5, [r3]
 150:.\Generated_Source\PSoC4/UART_1_I2C.c ****         #endif /* (!UART_1_CY_SCBIP_V1) */
 151:.\Generated_Source\PSoC4/UART_1_I2C.c **** 
 152:.\Generated_Source\PSoC4/UART_1_I2C.c ****             UART_1_INTR_I2C_EC_MASK_REG = UART_1_NO_INTR_SOURCES;
 257              		.loc 1 152 0
 258 0126 2D4B     		ldr	r3, .L26+76
 259 0128 1D60     		str	r5, [r3]
 153:.\Generated_Source\PSoC4/UART_1_I2C.c ****             UART_1_INTR_RX_MASK_REG     = UART_1_NO_INTR_SOURCES;
 260              		.loc 1 153 0
 261 012a 2D4B     		ldr	r3, .L26+80
 262 012c 1D60     		str	r5, [r3]
 154:.\Generated_Source\PSoC4/UART_1_I2C.c ****             UART_1_INTR_TX_MASK_REG     = UART_1_NO_INTR_SOURCES;
 263              		.loc 1 154 0
 264 012e 2D4B     		ldr	r3, .L26+84
 265 0130 1D60     		str	r5, [r3]
 155:.\Generated_Source\PSoC4/UART_1_I2C.c **** 
 156:.\Generated_Source\PSoC4/UART_1_I2C.c ****             UART_1_INTR_SLAVE_MASK_REG  = ((UART_1_I2C_SLAVE) ?
 266              		.loc 1 156 0
 267 0132 1A4B     		ldr	r3, .L26+12
 268 0134 1B78     		ldrb	r3, [r3]
 157:.\Generated_Source\PSoC4/UART_1_I2C.c ****                             (UART_1_GET_INTR_SLAVE_I2C_GENERAL(config->acceptGeneralAddr) |
 158:.\Generated_Source\PSoC4/UART_1_I2C.c ****                              UART_1_I2C_INTR_SLAVE_MASK) : (UART_1_CLEAR_REG));
 269              		.loc 1 158 0
 270 0136 D807     		lsl	r0, r3, #31
 271 0138 09D5     		bpl	.L23
 157:.\Generated_Source\PSoC4/UART_1_I2C.c ****                             (UART_1_GET_INTR_SLAVE_I2C_GENERAL(config->acceptGeneralAddr) |
 272              		.loc 1 157 0
 273 013a 2423     		mov	r3, #36
 274 013c E35C     		ldrb	r3, [r4, r3]
 275 013e 002B     		cmp	r3, #0
 276 0140 02D0     		beq	.L24
 277 0142 CC22     		mov	r2, #204
 278 0144 FF32     		add	r2, r2, #255
 279 0146 03E0     		b	.L14
 280              	.L24:
 281 0148 4C22     		mov	r2, #76
 282 014a FF32     		add	r2, r2, #255
 283 014c 00E0     		b	.L14
 284              	.L23:
 285              		.loc 1 158 0
 286 014e 0022     		mov	r2, #0
 287              	.L14:
 156:.\Generated_Source\PSoC4/UART_1_I2C.c ****             UART_1_INTR_SLAVE_MASK_REG  = ((UART_1_I2C_SLAVE) ?
ARM GAS  C:\Users\marce\AppData\Local\Temp\ccaVLQUs.s 			page 9


 288              		.loc 1 156 0
 289 0150 254B     		ldr	r3, .L26+88
 290 0152 1A60     		str	r2, [r3]
 159:.\Generated_Source\PSoC4/UART_1_I2C.c **** 
 160:.\Generated_Source\PSoC4/UART_1_I2C.c ****             UART_1_INTR_MASTER_MASK_REG = ((UART_1_I2C_MASTER) ?
 291              		.loc 1 160 0
 292 0154 114B     		ldr	r3, .L26+12
 293 0156 1B78     		ldrb	r3, [r3]
 161:.\Generated_Source\PSoC4/UART_1_I2C.c ****                                                      (UART_1_I2C_INTR_MASTER_MASK) :
 294              		.loc 1 161 0
 295 0158 9907     		lsl	r1, r3, #30
 296 015a 02D5     		bpl	.L25
 297 015c 1422     		mov	r2, #20
 298 015e FF32     		add	r2, r2, #255
 299 0160 00E0     		b	.L16
 300              	.L25:
 301 0162 0022     		mov	r2, #0
 302              	.L16:
 160:.\Generated_Source\PSoC4/UART_1_I2C.c ****             UART_1_INTR_MASTER_MASK_REG = ((UART_1_I2C_MASTER) ?
 303              		.loc 1 160 0
 304 0164 214B     		ldr	r3, .L26+92
 305 0166 1A60     		str	r2, [r3]
 162:.\Generated_Source\PSoC4/UART_1_I2C.c ****                                                      (UART_1_CLEAR_REG));
 163:.\Generated_Source\PSoC4/UART_1_I2C.c **** 
 164:.\Generated_Source\PSoC4/UART_1_I2C.c ****             /* Configure global variables */
 165:.\Generated_Source\PSoC4/UART_1_I2C.c ****             UART_1_state = UART_1_I2C_FSM_IDLE;
 306              		.loc 1 165 0
 307 0168 1022     		mov	r2, #16
 308 016a 214B     		ldr	r3, .L26+96
 309 016c 1A70     		strb	r2, [r3]
 166:.\Generated_Source\PSoC4/UART_1_I2C.c **** 
 167:.\Generated_Source\PSoC4/UART_1_I2C.c ****             /* Internal slave variables */
 168:.\Generated_Source\PSoC4/UART_1_I2C.c ****             UART_1_slStatus        = 0u;
 310              		.loc 1 168 0
 311 016e 0023     		mov	r3, #0
 312 0170 204A     		ldr	r2, .L26+100
 313 0172 1370     		strb	r3, [r2]
 169:.\Generated_Source\PSoC4/UART_1_I2C.c ****             UART_1_slRdBufIndex    = 0u;
 314              		.loc 1 169 0
 315 0174 204A     		ldr	r2, .L26+104
 316 0176 1360     		str	r3, [r2]
 170:.\Generated_Source\PSoC4/UART_1_I2C.c ****             UART_1_slWrBufIndex    = 0u;
 317              		.loc 1 170 0
 318 0178 204A     		ldr	r2, .L26+108
 319 017a 1360     		str	r3, [r2]
 171:.\Generated_Source\PSoC4/UART_1_I2C.c ****             UART_1_slOverFlowCount = 0u;
 320              		.loc 1 171 0
 321 017c 204A     		ldr	r2, .L26+112
 322 017e 1370     		strb	r3, [r2]
 172:.\Generated_Source\PSoC4/UART_1_I2C.c **** 
 173:.\Generated_Source\PSoC4/UART_1_I2C.c ****             /* Internal master variables */
 174:.\Generated_Source\PSoC4/UART_1_I2C.c ****             UART_1_mstrStatus     = 0u;
 323              		.loc 1 174 0
 324 0180 204A     		ldr	r2, .L26+116
 325 0182 1380     		strh	r3, [r2]
 175:.\Generated_Source\PSoC4/UART_1_I2C.c ****             UART_1_mstrRdBufIndex = 0u;
 326              		.loc 1 175 0
ARM GAS  C:\Users\marce\AppData\Local\Temp\ccaVLQUs.s 			page 10


 327 0184 204A     		ldr	r2, .L26+120
 328 0186 1360     		str	r3, [r2]
 176:.\Generated_Source\PSoC4/UART_1_I2C.c ****             UART_1_mstrWrBufIndex = 0u;
 329              		.loc 1 176 0
 330 0188 204A     		ldr	r2, .L26+124
 331 018a 1360     		str	r3, [r2]
 332              	.L1:
 177:.\Generated_Source\PSoC4/UART_1_I2C.c ****         }
 178:.\Generated_Source\PSoC4/UART_1_I2C.c ****     }
 333              		.loc 1 178 0
 334              		@ sp needed
 335              	.LVL19:
 336 018c 38BD     		pop	{r3, r4, r5, pc}
 337              	.L27:
 338 018e C046     		.align	2
 339              	.L26:
 340 0190 00000000 		.word	UART_1_scbMode
 341 0194 00000000 		.word	UART_1_scbEnableWake
 342 0198 00000000 		.word	UART_1_scbEnableIntr
 343 019c 00000000 		.word	UART_1_mode
 344 01a0 00000000 		.word	UART_1_acceptAddr
 345 01a4 70000740 		.word	1074200688
 346 01a8 00000202 		.word	33685504
 347 01ac FFFFFDFD 		.word	-33685505
 348 01b0 00000740 		.word	1074200576
 349 01b4 60000740 		.word	1074200672
 350 01b8 07030080 		.word	-2147482873
 351 01bc 07010080 		.word	-2147483385
 352 01c0 00030740 		.word	1074201344
 353 01c4 04030740 		.word	1074201348
 354 01c8 10030740 		.word	1074201360
 355 01cc 00020740 		.word	1074201088
 356 01d0 04020740 		.word	1074201092
 357 01d4 00000000 		.word	UART_1_I2C_ISR
 358 01d8 C80E0740 		.word	1074204360
 359 01dc 880E0740 		.word	1074204296
 360 01e0 C80F0740 		.word	1074204616
 361 01e4 880F0740 		.word	1074204552
 362 01e8 480F0740 		.word	1074204488
 363 01ec 080F0740 		.word	1074204424
 364 01f0 00000000 		.word	UART_1_state
 365 01f4 00000000 		.word	UART_1_slStatus
 366 01f8 00000000 		.word	UART_1_slRdBufIndex
 367 01fc 00000000 		.word	UART_1_slWrBufIndex
 368 0200 00000000 		.word	UART_1_slOverFlowCount
 369 0204 00000000 		.word	UART_1_mstrStatus
 370 0208 00000000 		.word	UART_1_mstrRdBufIndex
 371 020c 00000000 		.word	UART_1_mstrWrBufIndex
 372              		.cfi_endproc
 373              	.LFE0:
 374              		.size	UART_1_I2CInit, .-UART_1_I2CInit
 375              		.section	.text.UART_1_I2CStop,"ax",%progbits
 376              		.align	2
 377              		.global	UART_1_I2CStop
 378              		.code	16
 379              		.thumb_func
 380              		.type	UART_1_I2CStop, %function
ARM GAS  C:\Users\marce\AppData\Local\Temp\ccaVLQUs.s 			page 11


 381              	UART_1_I2CStop:
 382              	.LFB1:
 179:.\Generated_Source\PSoC4/UART_1_I2C.c **** 
 180:.\Generated_Source\PSoC4/UART_1_I2C.c **** #else
 181:.\Generated_Source\PSoC4/UART_1_I2C.c **** 
 182:.\Generated_Source\PSoC4/UART_1_I2C.c ****     /*******************************************************************************
 183:.\Generated_Source\PSoC4/UART_1_I2C.c ****     * Function Name: UART_1_I2CInit
 184:.\Generated_Source\PSoC4/UART_1_I2C.c ****     ********************************************************************************
 185:.\Generated_Source\PSoC4/UART_1_I2C.c ****     *
 186:.\Generated_Source\PSoC4/UART_1_I2C.c ****     * Summary:
 187:.\Generated_Source\PSoC4/UART_1_I2C.c ****     *  Configures the SCB for the I2C operation.
 188:.\Generated_Source\PSoC4/UART_1_I2C.c ****     *
 189:.\Generated_Source\PSoC4/UART_1_I2C.c ****     * Parameters:
 190:.\Generated_Source\PSoC4/UART_1_I2C.c ****     *  None
 191:.\Generated_Source\PSoC4/UART_1_I2C.c ****     *
 192:.\Generated_Source\PSoC4/UART_1_I2C.c ****     * Return:
 193:.\Generated_Source\PSoC4/UART_1_I2C.c ****     *  None
 194:.\Generated_Source\PSoC4/UART_1_I2C.c ****     *
 195:.\Generated_Source\PSoC4/UART_1_I2C.c ****     *******************************************************************************/
 196:.\Generated_Source\PSoC4/UART_1_I2C.c ****     void UART_1_I2CInit(void)
 197:.\Generated_Source\PSoC4/UART_1_I2C.c ****     {
 198:.\Generated_Source\PSoC4/UART_1_I2C.c ****     #if(UART_1_CY_SCBIP_V0)
 199:.\Generated_Source\PSoC4/UART_1_I2C.c ****         /* Adjust SDA filter settings. Ticket ID#150521 */
 200:.\Generated_Source\PSoC4/UART_1_I2C.c ****         UART_1_SET_I2C_CFG_SDA_FILT_TRIM(UART_1_EC_AM_I2C_CFG_SDA_FILT_TRIM);
 201:.\Generated_Source\PSoC4/UART_1_I2C.c ****     #endif /* (UART_1_CY_SCBIP_V0) */
 202:.\Generated_Source\PSoC4/UART_1_I2C.c **** 
 203:.\Generated_Source\PSoC4/UART_1_I2C.c ****         /* Adjust AF and DF filter settings. Ticket ID#176179 */
 204:.\Generated_Source\PSoC4/UART_1_I2C.c ****         UART_1_I2C_CFG_ANALOG_FITER_ENABLE_ADJ;
 205:.\Generated_Source\PSoC4/UART_1_I2C.c **** 
 206:.\Generated_Source\PSoC4/UART_1_I2C.c ****         /* Configure I2C interface */
 207:.\Generated_Source\PSoC4/UART_1_I2C.c ****         UART_1_CTRL_REG     = UART_1_I2C_DEFAULT_CTRL;
 208:.\Generated_Source\PSoC4/UART_1_I2C.c ****         UART_1_I2C_CTRL_REG = UART_1_I2C_DEFAULT_I2C_CTRL;
 209:.\Generated_Source\PSoC4/UART_1_I2C.c **** 
 210:.\Generated_Source\PSoC4/UART_1_I2C.c ****         /* Configure RX direction */
 211:.\Generated_Source\PSoC4/UART_1_I2C.c ****         UART_1_RX_CTRL_REG      = UART_1_I2C_DEFAULT_RX_CTRL;
 212:.\Generated_Source\PSoC4/UART_1_I2C.c ****         UART_1_RX_FIFO_CTRL_REG = UART_1_I2C_DEFAULT_RX_FIFO_CTRL;
 213:.\Generated_Source\PSoC4/UART_1_I2C.c **** 
 214:.\Generated_Source\PSoC4/UART_1_I2C.c ****         /* Set default address and mask */
 215:.\Generated_Source\PSoC4/UART_1_I2C.c ****         UART_1_RX_MATCH_REG     = UART_1_I2C_DEFAULT_RX_MATCH;
 216:.\Generated_Source\PSoC4/UART_1_I2C.c **** 
 217:.\Generated_Source\PSoC4/UART_1_I2C.c ****         /* Configure TX direction */
 218:.\Generated_Source\PSoC4/UART_1_I2C.c ****         UART_1_TX_CTRL_REG      = UART_1_I2C_DEFAULT_TX_CTRL;
 219:.\Generated_Source\PSoC4/UART_1_I2C.c ****         UART_1_TX_FIFO_CTRL_REG = UART_1_I2C_DEFAULT_TX_FIFO_CTRL;
 220:.\Generated_Source\PSoC4/UART_1_I2C.c **** 
 221:.\Generated_Source\PSoC4/UART_1_I2C.c ****         /* Configure interrupt with I2C handler but do not enable it */
 222:.\Generated_Source\PSoC4/UART_1_I2C.c ****         CyIntDisable    (UART_1_ISR_NUMBER);
 223:.\Generated_Source\PSoC4/UART_1_I2C.c ****         CyIntSetPriority(UART_1_ISR_NUMBER, UART_1_ISR_PRIORITY);
 224:.\Generated_Source\PSoC4/UART_1_I2C.c ****     #if(!UART_1_I2C_EXTERN_INTR_HANDLER)
 225:.\Generated_Source\PSoC4/UART_1_I2C.c ****         (void) CyIntSetVector(UART_1_ISR_NUMBER, &UART_1_I2C_ISR);
 226:.\Generated_Source\PSoC4/UART_1_I2C.c ****     #endif /* (UART_1_I2C_EXTERN_INTR_HANDLER) */
 227:.\Generated_Source\PSoC4/UART_1_I2C.c **** 
 228:.\Generated_Source\PSoC4/UART_1_I2C.c ****         /* Configure interrupt sources */
 229:.\Generated_Source\PSoC4/UART_1_I2C.c ****     #if(!UART_1_CY_SCBIP_V1)
 230:.\Generated_Source\PSoC4/UART_1_I2C.c ****         UART_1_INTR_SPI_EC_MASK_REG = UART_1_I2C_DEFAULT_INTR_SPI_EC_MASK;
 231:.\Generated_Source\PSoC4/UART_1_I2C.c ****     #endif /* (!UART_1_CY_SCBIP_V1) */
 232:.\Generated_Source\PSoC4/UART_1_I2C.c **** 
 233:.\Generated_Source\PSoC4/UART_1_I2C.c ****         UART_1_INTR_I2C_EC_MASK_REG = UART_1_I2C_DEFAULT_INTR_I2C_EC_MASK;
ARM GAS  C:\Users\marce\AppData\Local\Temp\ccaVLQUs.s 			page 12


 234:.\Generated_Source\PSoC4/UART_1_I2C.c ****         UART_1_INTR_SLAVE_MASK_REG  = UART_1_I2C_DEFAULT_INTR_SLAVE_MASK;
 235:.\Generated_Source\PSoC4/UART_1_I2C.c ****         UART_1_INTR_MASTER_MASK_REG = UART_1_I2C_DEFAULT_INTR_MASTER_MASK;
 236:.\Generated_Source\PSoC4/UART_1_I2C.c ****         UART_1_INTR_RX_MASK_REG     = UART_1_I2C_DEFAULT_INTR_RX_MASK;
 237:.\Generated_Source\PSoC4/UART_1_I2C.c ****         UART_1_INTR_TX_MASK_REG     = UART_1_I2C_DEFAULT_INTR_TX_MASK;
 238:.\Generated_Source\PSoC4/UART_1_I2C.c **** 
 239:.\Generated_Source\PSoC4/UART_1_I2C.c ****         /* Configure global variables */
 240:.\Generated_Source\PSoC4/UART_1_I2C.c ****         UART_1_state = UART_1_I2C_FSM_IDLE;
 241:.\Generated_Source\PSoC4/UART_1_I2C.c **** 
 242:.\Generated_Source\PSoC4/UART_1_I2C.c ****     #if(UART_1_I2C_SLAVE)
 243:.\Generated_Source\PSoC4/UART_1_I2C.c ****         /* Internal slave variable */
 244:.\Generated_Source\PSoC4/UART_1_I2C.c ****         UART_1_slStatus        = 0u;
 245:.\Generated_Source\PSoC4/UART_1_I2C.c ****         UART_1_slRdBufIndex    = 0u;
 246:.\Generated_Source\PSoC4/UART_1_I2C.c ****         UART_1_slWrBufIndex    = 0u;
 247:.\Generated_Source\PSoC4/UART_1_I2C.c ****         UART_1_slOverFlowCount = 0u;
 248:.\Generated_Source\PSoC4/UART_1_I2C.c ****     #endif /* (UART_1_I2C_SLAVE) */
 249:.\Generated_Source\PSoC4/UART_1_I2C.c **** 
 250:.\Generated_Source\PSoC4/UART_1_I2C.c ****     #if(UART_1_I2C_MASTER)
 251:.\Generated_Source\PSoC4/UART_1_I2C.c ****     /* Internal master variable */
 252:.\Generated_Source\PSoC4/UART_1_I2C.c ****         UART_1_mstrStatus     = 0u;
 253:.\Generated_Source\PSoC4/UART_1_I2C.c ****         UART_1_mstrRdBufIndex = 0u;
 254:.\Generated_Source\PSoC4/UART_1_I2C.c ****         UART_1_mstrWrBufIndex = 0u;
 255:.\Generated_Source\PSoC4/UART_1_I2C.c ****     #endif /* (UART_1_I2C_MASTER) */
 256:.\Generated_Source\PSoC4/UART_1_I2C.c ****     }
 257:.\Generated_Source\PSoC4/UART_1_I2C.c **** #endif /* (UART_1_SCB_MODE_UNCONFIG_CONST_CFG) */
 258:.\Generated_Source\PSoC4/UART_1_I2C.c **** 
 259:.\Generated_Source\PSoC4/UART_1_I2C.c **** 
 260:.\Generated_Source\PSoC4/UART_1_I2C.c **** /*******************************************************************************
 261:.\Generated_Source\PSoC4/UART_1_I2C.c **** * Function Name: UART_1_I2CStop
 262:.\Generated_Source\PSoC4/UART_1_I2C.c **** ********************************************************************************
 263:.\Generated_Source\PSoC4/UART_1_I2C.c **** *
 264:.\Generated_Source\PSoC4/UART_1_I2C.c **** * Summary:
 265:.\Generated_Source\PSoC4/UART_1_I2C.c **** *  Resets the I2C FSM into the default state.
 266:.\Generated_Source\PSoC4/UART_1_I2C.c **** *
 267:.\Generated_Source\PSoC4/UART_1_I2C.c **** * Parameters:
 268:.\Generated_Source\PSoC4/UART_1_I2C.c **** *  None
 269:.\Generated_Source\PSoC4/UART_1_I2C.c **** *
 270:.\Generated_Source\PSoC4/UART_1_I2C.c **** * Return:
 271:.\Generated_Source\PSoC4/UART_1_I2C.c **** *  None
 272:.\Generated_Source\PSoC4/UART_1_I2C.c **** *
 273:.\Generated_Source\PSoC4/UART_1_I2C.c **** *******************************************************************************/
 274:.\Generated_Source\PSoC4/UART_1_I2C.c **** void UART_1_I2CStop(void)
 275:.\Generated_Source\PSoC4/UART_1_I2C.c **** {
 383              		.loc 1 275 0
 384              		.cfi_startproc
 276:.\Generated_Source\PSoC4/UART_1_I2C.c ****     UART_1_state = UART_1_I2C_FSM_IDLE;
 385              		.loc 1 276 0
 386 0000 1022     		mov	r2, #16
 387 0002 014B     		ldr	r3, .L29
 388 0004 1A70     		strb	r2, [r3]
 277:.\Generated_Source\PSoC4/UART_1_I2C.c **** }
 389              		.loc 1 277 0
 390              		@ sp needed
 391 0006 7047     		bx	lr
 392              	.L30:
 393              		.align	2
 394              	.L29:
 395 0008 00000000 		.word	UART_1_state
ARM GAS  C:\Users\marce\AppData\Local\Temp\ccaVLQUs.s 			page 13


 396              		.cfi_endproc
 397              	.LFE1:
 398              		.size	UART_1_I2CStop, .-UART_1_I2CStop
 399              		.section	.text.UART_1_I2CSaveConfig,"ax",%progbits
 400              		.align	2
 401              		.global	UART_1_I2CSaveConfig
 402              		.code	16
 403              		.thumb_func
 404              		.type	UART_1_I2CSaveConfig, %function
 405              	UART_1_I2CSaveConfig:
 406              	.LFB2:
 278:.\Generated_Source\PSoC4/UART_1_I2C.c **** 
 279:.\Generated_Source\PSoC4/UART_1_I2C.c **** 
 280:.\Generated_Source\PSoC4/UART_1_I2C.c **** #if(UART_1_I2C_WAKE_ENABLE_CONST)
 281:.\Generated_Source\PSoC4/UART_1_I2C.c ****     /*******************************************************************************
 282:.\Generated_Source\PSoC4/UART_1_I2C.c ****     * Function Name: UART_1_I2CSaveConfig
 283:.\Generated_Source\PSoC4/UART_1_I2C.c ****     ********************************************************************************
 284:.\Generated_Source\PSoC4/UART_1_I2C.c ****     *
 285:.\Generated_Source\PSoC4/UART_1_I2C.c ****     * Summary:
 286:.\Generated_Source\PSoC4/UART_1_I2C.c ****     *  Enables UART_1_INTR_I2C_EC_WAKE_UP interrupt source. This interrupt
 287:.\Generated_Source\PSoC4/UART_1_I2C.c ****     *  triggers on address match and wakes up device.
 288:.\Generated_Source\PSoC4/UART_1_I2C.c ****     *
 289:.\Generated_Source\PSoC4/UART_1_I2C.c ****     * Parameters:
 290:.\Generated_Source\PSoC4/UART_1_I2C.c ****     *  None
 291:.\Generated_Source\PSoC4/UART_1_I2C.c ****     *
 292:.\Generated_Source\PSoC4/UART_1_I2C.c ****     * Return:
 293:.\Generated_Source\PSoC4/UART_1_I2C.c ****     *  None
 294:.\Generated_Source\PSoC4/UART_1_I2C.c ****     *
 295:.\Generated_Source\PSoC4/UART_1_I2C.c ****     *******************************************************************************/
 296:.\Generated_Source\PSoC4/UART_1_I2C.c ****     void UART_1_I2CSaveConfig(void)
 297:.\Generated_Source\PSoC4/UART_1_I2C.c ****     {
 407              		.loc 1 297 0
 408              		.cfi_startproc
 298:.\Generated_Source\PSoC4/UART_1_I2C.c ****     #if (!UART_1_CY_SCBIP_V0)
 299:.\Generated_Source\PSoC4/UART_1_I2C.c ****         #if (UART_1_I2C_MULTI_MASTER_SLAVE_CONST && UART_1_I2C_WAKE_ENABLE_CONST)
 300:.\Generated_Source\PSoC4/UART_1_I2C.c ****             /* Enable externally clocked address match if it was not enabled before.
 301:.\Generated_Source\PSoC4/UART_1_I2C.c ****             * This applicable only for Multi-Master-Slave. Ticket ID#192742 */
 302:.\Generated_Source\PSoC4/UART_1_I2C.c ****             if (0u == (UART_1_CTRL_REG & UART_1_CTRL_EC_AM_MODE))
 303:.\Generated_Source\PSoC4/UART_1_I2C.c ****             {
 304:.\Generated_Source\PSoC4/UART_1_I2C.c ****                 /* Enable external address match logic */
 305:.\Generated_Source\PSoC4/UART_1_I2C.c ****                 UART_1_Stop();
 306:.\Generated_Source\PSoC4/UART_1_I2C.c ****                 UART_1_CTRL_REG |= UART_1_CTRL_EC_AM_MODE;
 307:.\Generated_Source\PSoC4/UART_1_I2C.c ****                 UART_1_Enable();
 308:.\Generated_Source\PSoC4/UART_1_I2C.c ****             }
 309:.\Generated_Source\PSoC4/UART_1_I2C.c ****         #endif /* (UART_1_I2C_MULTI_MASTER_SLAVE_CONST) */
 310:.\Generated_Source\PSoC4/UART_1_I2C.c **** 
 311:.\Generated_Source\PSoC4/UART_1_I2C.c ****         #if (UART_1_SCB_CLK_INTERNAL)
 312:.\Generated_Source\PSoC4/UART_1_I2C.c ****             /* Disable clock to internal address match logic. Ticket ID#187931 */
 313:.\Generated_Source\PSoC4/UART_1_I2C.c ****             UART_1_SCBCLK_Stop();
 314:.\Generated_Source\PSoC4/UART_1_I2C.c ****         #endif /* (UART_1_SCB_CLK_INTERNAL) */
 315:.\Generated_Source\PSoC4/UART_1_I2C.c ****     #endif /* (!UART_1_CY_SCBIP_V0) */
 316:.\Generated_Source\PSoC4/UART_1_I2C.c **** 
 317:.\Generated_Source\PSoC4/UART_1_I2C.c ****         UART_1_SetI2CExtClkInterruptMode(UART_1_INTR_I2C_EC_WAKE_UP);
 409              		.loc 1 317 0
 410 0000 0122     		mov	r2, #1
 411 0002 014B     		ldr	r3, .L32
 412 0004 1A60     		str	r2, [r3]
ARM GAS  C:\Users\marce\AppData\Local\Temp\ccaVLQUs.s 			page 14


 318:.\Generated_Source\PSoC4/UART_1_I2C.c ****     }
 413              		.loc 1 318 0
 414              		@ sp needed
 415 0006 7047     		bx	lr
 416              	.L33:
 417              		.align	2
 418              	.L32:
 419 0008 880E0740 		.word	1074204296
 420              		.cfi_endproc
 421              	.LFE2:
 422              		.size	UART_1_I2CSaveConfig, .-UART_1_I2CSaveConfig
 423              		.section	.text.UART_1_I2CRestoreConfig,"ax",%progbits
 424              		.align	2
 425              		.global	UART_1_I2CRestoreConfig
 426              		.code	16
 427              		.thumb_func
 428              		.type	UART_1_I2CRestoreConfig, %function
 429              	UART_1_I2CRestoreConfig:
 430              	.LFB3:
 319:.\Generated_Source\PSoC4/UART_1_I2C.c **** 
 320:.\Generated_Source\PSoC4/UART_1_I2C.c **** 
 321:.\Generated_Source\PSoC4/UART_1_I2C.c ****     /*******************************************************************************
 322:.\Generated_Source\PSoC4/UART_1_I2C.c ****     * Function Name: UART_1_I2CRestoreConfig
 323:.\Generated_Source\PSoC4/UART_1_I2C.c ****     ********************************************************************************
 324:.\Generated_Source\PSoC4/UART_1_I2C.c ****     *
 325:.\Generated_Source\PSoC4/UART_1_I2C.c ****     * Summary:
 326:.\Generated_Source\PSoC4/UART_1_I2C.c ****     *  Disables UART_1_INTR_I2C_EC_WAKE_UP interrupt source. This interrupt
 327:.\Generated_Source\PSoC4/UART_1_I2C.c ****     *  triggers on address match and wakes up device.
 328:.\Generated_Source\PSoC4/UART_1_I2C.c ****     *
 329:.\Generated_Source\PSoC4/UART_1_I2C.c ****     * Parameters:
 330:.\Generated_Source\PSoC4/UART_1_I2C.c ****     *  None
 331:.\Generated_Source\PSoC4/UART_1_I2C.c ****     *
 332:.\Generated_Source\PSoC4/UART_1_I2C.c ****     * Return:
 333:.\Generated_Source\PSoC4/UART_1_I2C.c ****     *  None
 334:.\Generated_Source\PSoC4/UART_1_I2C.c ****     *
 335:.\Generated_Source\PSoC4/UART_1_I2C.c ****     *******************************************************************************/
 336:.\Generated_Source\PSoC4/UART_1_I2C.c ****     void UART_1_I2CRestoreConfig(void)
 337:.\Generated_Source\PSoC4/UART_1_I2C.c ****     {
 431              		.loc 1 337 0
 432              		.cfi_startproc
 338:.\Generated_Source\PSoC4/UART_1_I2C.c ****         /* Disable wakeup interrupt on address match */
 339:.\Generated_Source\PSoC4/UART_1_I2C.c ****         UART_1_SetI2CExtClkInterruptMode(UART_1_NO_INTR_SOURCES);
 433              		.loc 1 339 0
 434 0000 0022     		mov	r2, #0
 435 0002 014B     		ldr	r3, .L35
 436 0004 1A60     		str	r2, [r3]
 340:.\Generated_Source\PSoC4/UART_1_I2C.c **** 
 341:.\Generated_Source\PSoC4/UART_1_I2C.c ****     #if (!UART_1_CY_SCBIP_V0)
 342:.\Generated_Source\PSoC4/UART_1_I2C.c ****         #if (UART_1_SCB_CLK_INTERNAL)
 343:.\Generated_Source\PSoC4/UART_1_I2C.c ****             /* Enable clock to internal address match logic. Ticket ID#187931 */
 344:.\Generated_Source\PSoC4/UART_1_I2C.c ****             UART_1_SCBCLK_Start();
 345:.\Generated_Source\PSoC4/UART_1_I2C.c ****         #endif /* (UART_1_SCB_CLK_INTERNAL) */
 346:.\Generated_Source\PSoC4/UART_1_I2C.c ****     #endif /* (!UART_1_CY_SCBIP_V0) */
 347:.\Generated_Source\PSoC4/UART_1_I2C.c ****     }
 437              		.loc 1 347 0
 438              		@ sp needed
 439 0006 7047     		bx	lr
ARM GAS  C:\Users\marce\AppData\Local\Temp\ccaVLQUs.s 			page 15


 440              	.L36:
 441              		.align	2
 442              	.L35:
 443 0008 880E0740 		.word	1074204296
 444              		.cfi_endproc
 445              	.LFE3:
 446              		.size	UART_1_I2CRestoreConfig, .-UART_1_I2CRestoreConfig
 447              		.global	UART_1_configI2C
 448              		.comm	UART_1_state,1,1
 449              		.section	.rodata
 450              		.align	2
 451              		.type	UART_1_configI2C, %object
 452              		.size	UART_1_configI2C, 40
 453              	UART_1_configI2C:
 454 0000 01000000 		.word	1
 455 0004 08000000 		.word	8
 456 0008 08000000 		.word	8
 457 000c 01000000 		.word	1
 458 0010 08000000 		.word	8
 459 0014 FE000000 		.word	254
 460 0018 00000000 		.word	0
 461 001c 00000000 		.word	0
 462 0020 00       		.byte	0
 463 0021 00       		.space	1
 464 0022 6400     		.short	100
 465 0024 00       		.byte	0
 466 0025 000000   		.space	3
 467              		.text
 468              	.Letext0:
 469              		.file 2 "Generated_Source\\PSoC4/cytypes.h"
 470              		.file 3 ".\\Generated_Source\\PSoC4\\UART_1_I2C.h"
 471              		.file 4 ".\\Generated_Source\\PSoC4\\UART_1_PVT.h"
 472              		.file 5 ".\\Generated_Source\\PSoC4\\UART_1_I2C_PVT.h"
 473              		.file 6 "Generated_Source\\PSoC4/CyLib.h"
 474              		.section	.debug_info,"",%progbits
 475              	.Ldebug_info0:
 476 0000 68030000 		.4byte	0x368
 477 0004 0400     		.2byte	0x4
 478 0006 00000000 		.4byte	.Ldebug_abbrev0
 479 000a 04       		.byte	0x4
 480 000b 01       		.uleb128 0x1
 481 000c 00010000 		.4byte	.LASF54
 482 0010 01       		.byte	0x1
 483 0011 06030000 		.4byte	.LASF55
 484 0015 78000000 		.4byte	.LASF56
 485 0019 00000000 		.4byte	.Ldebug_ranges0+0
 486 001d 00000000 		.4byte	0
 487 0021 00000000 		.4byte	.Ldebug_line0
 488 0025 02       		.uleb128 0x2
 489 0026 01       		.byte	0x1
 490 0027 06       		.byte	0x6
 491 0028 BB030000 		.4byte	.LASF0
 492 002c 02       		.uleb128 0x2
 493 002d 01       		.byte	0x1
 494 002e 08       		.byte	0x8
 495 002f 7C010000 		.4byte	.LASF1
 496 0033 02       		.uleb128 0x2
ARM GAS  C:\Users\marce\AppData\Local\Temp\ccaVLQUs.s 			page 16


 497 0034 02       		.byte	0x2
 498 0035 05       		.byte	0x5
 499 0036 63030000 		.4byte	.LASF2
 500 003a 02       		.uleb128 0x2
 501 003b 02       		.byte	0x2
 502 003c 07       		.byte	0x7
 503 003d 3A000000 		.4byte	.LASF3
 504 0041 02       		.uleb128 0x2
 505 0042 04       		.byte	0x4
 506 0043 05       		.byte	0x5
 507 0044 8E030000 		.4byte	.LASF4
 508 0048 02       		.uleb128 0x2
 509 0049 04       		.byte	0x4
 510 004a 07       		.byte	0x7
 511 004b AB010000 		.4byte	.LASF5
 512 004f 02       		.uleb128 0x2
 513 0050 08       		.byte	0x8
 514 0051 05       		.byte	0x5
 515 0052 F8020000 		.4byte	.LASF6
 516 0056 02       		.uleb128 0x2
 517 0057 08       		.byte	0x8
 518 0058 07       		.byte	0x7
 519 0059 70020000 		.4byte	.LASF7
 520 005d 03       		.uleb128 0x3
 521 005e 04       		.byte	0x4
 522 005f 05       		.byte	0x5
 523 0060 696E7400 		.ascii	"int\000"
 524 0064 02       		.uleb128 0x2
 525 0065 04       		.byte	0x4
 526 0066 07       		.byte	0x7
 527 0067 63020000 		.4byte	.LASF8
 528 006b 04       		.uleb128 0x4
 529 006c BD010000 		.4byte	.LASF9
 530 0070 02       		.byte	0x2
 531 0071 B3       		.byte	0xb3
 532 0072 2C000000 		.4byte	0x2c
 533 0076 04       		.uleb128 0x4
 534 0077 27020000 		.4byte	.LASF10
 535 007b 02       		.byte	0x2
 536 007c B4       		.byte	0xb4
 537 007d 3A000000 		.4byte	0x3a
 538 0081 04       		.uleb128 0x4
 539 0082 4D020000 		.4byte	.LASF11
 540 0086 02       		.byte	0x2
 541 0087 B5       		.byte	0xb5
 542 0088 48000000 		.4byte	0x48
 543 008c 02       		.uleb128 0x2
 544 008d 04       		.byte	0x4
 545 008e 04       		.byte	0x4
 546 008f E6000000 		.4byte	.LASF12
 547 0093 02       		.uleb128 0x2
 548 0094 08       		.byte	0x8
 549 0095 04       		.byte	0x4
 550 0096 F9010000 		.4byte	.LASF13
 551 009a 02       		.uleb128 0x2
 552 009b 01       		.byte	0x1
 553 009c 08       		.byte	0x8
ARM GAS  C:\Users\marce\AppData\Local\Temp\ccaVLQUs.s 			page 17


 554 009d 2C030000 		.4byte	.LASF14
 555 00a1 05       		.uleb128 0x5
 556 00a2 6B000000 		.4byte	0x6b
 557 00a6 05       		.uleb128 0x5
 558 00a7 76000000 		.4byte	0x76
 559 00ab 06       		.uleb128 0x6
 560 00ac 00000000 		.4byte	.LASF15
 561 00b0 02       		.byte	0x2
 562 00b1 5F01     		.2byte	0x15f
 563 00b3 B7000000 		.4byte	0xb7
 564 00b7 05       		.uleb128 0x5
 565 00b8 81000000 		.4byte	0x81
 566 00bc 06       		.uleb128 0x6
 567 00bd B9020000 		.4byte	.LASF16
 568 00c1 02       		.byte	0x2
 569 00c2 6F01     		.2byte	0x16f
 570 00c4 C8000000 		.4byte	0xc8
 571 00c8 07       		.uleb128 0x7
 572 00c9 04       		.byte	0x4
 573 00ca CE000000 		.4byte	0xce
 574 00ce 08       		.uleb128 0x8
 575 00cf 02       		.uleb128 0x2
 576 00d0 04       		.byte	0x4
 577 00d1 07       		.byte	0x7
 578 00d2 EF020000 		.4byte	.LASF17
 579 00d6 09       		.uleb128 0x9
 580 00d7 28       		.byte	0x28
 581 00d8 03       		.byte	0x3
 582 00d9 A0       		.byte	0xa0
 583 00da 63010000 		.4byte	0x163
 584 00de 0A       		.uleb128 0xa
 585 00df EA020000 		.4byte	.LASF18
 586 00e3 03       		.byte	0x3
 587 00e4 A2       		.byte	0xa2
 588 00e5 81000000 		.4byte	0x81
 589 00e9 00       		.byte	0
 590 00ea 0A       		.uleb128 0xa
 591 00eb 06000000 		.4byte	.LASF19
 592 00ef 03       		.byte	0x3
 593 00f0 A3       		.byte	0xa3
 594 00f1 81000000 		.4byte	0x81
 595 00f5 04       		.byte	0x4
 596 00f6 0A       		.uleb128 0xa
 597 00f7 C6020000 		.4byte	.LASF20
 598 00fb 03       		.byte	0x3
 599 00fc A4       		.byte	0xa4
 600 00fd 81000000 		.4byte	0x81
 601 0101 08       		.byte	0x8
 602 0102 0A       		.uleb128 0xa
 603 0103 0B020000 		.4byte	.LASF21
 604 0107 03       		.byte	0x3
 605 0108 A5       		.byte	0xa5
 606 0109 81000000 		.4byte	0x81
 607 010d 0C       		.byte	0xc
 608 010e 0A       		.uleb128 0xa
 609 010f 43020000 		.4byte	.LASF22
 610 0113 03       		.byte	0x3
ARM GAS  C:\Users\marce\AppData\Local\Temp\ccaVLQUs.s 			page 18


 611 0114 A6       		.byte	0xa6
 612 0115 81000000 		.4byte	0x81
 613 0119 10       		.byte	0x10
 614 011a 0A       		.uleb128 0xa
 615 011b DC020000 		.4byte	.LASF23
 616 011f 03       		.byte	0x3
 617 0120 A7       		.byte	0xa7
 618 0121 81000000 		.4byte	0x81
 619 0125 14       		.byte	0x14
 620 0126 0A       		.uleb128 0xa
 621 0127 CF000000 		.4byte	.LASF24
 622 012b 03       		.byte	0x3
 623 012c A8       		.byte	0xa8
 624 012d 81000000 		.4byte	0x81
 625 0131 18       		.byte	0x18
 626 0132 0A       		.uleb128 0xa
 627 0133 00020000 		.4byte	.LASF25
 628 0137 03       		.byte	0x3
 629 0138 A9       		.byte	0xa9
 630 0139 81000000 		.4byte	0x81
 631 013d 1C       		.byte	0x1c
 632 013e 0A       		.uleb128 0xa
 633 013f C3010000 		.4byte	.LASF26
 634 0143 03       		.byte	0x3
 635 0144 AA       		.byte	0xaa
 636 0145 6B000000 		.4byte	0x6b
 637 0149 20       		.byte	0x20
 638 014a 0A       		.uleb128 0xa
 639 014b 1E020000 		.4byte	.LASF27
 640 014f 03       		.byte	0x3
 641 0150 AB       		.byte	0xab
 642 0151 76000000 		.4byte	0x76
 643 0155 22       		.byte	0x22
 644 0156 0A       		.uleb128 0xa
 645 0157 99010000 		.4byte	.LASF28
 646 015b 03       		.byte	0x3
 647 015c AC       		.byte	0xac
 648 015d 6B000000 		.4byte	0x6b
 649 0161 24       		.byte	0x24
 650 0162 00       		.byte	0
 651 0163 04       		.uleb128 0x4
 652 0164 FE030000 		.4byte	.LASF29
 653 0168 03       		.byte	0x3
 654 0169 AD       		.byte	0xad
 655 016a D6000000 		.4byte	0xd6
 656 016e 0B       		.uleb128 0xb
 657 016f 54020000 		.4byte	.LASF57
 658 0173 01       		.byte	0x1
 659 0174 42       		.byte	0x42
 660 0175 00000000 		.4byte	.LFB0
 661 0179 10020000 		.4byte	.LFE0-.LFB0
 662 017d 01       		.uleb128 0x1
 663 017e 9C       		.byte	0x9c
 664 017f 1B020000 		.4byte	0x21b
 665 0183 0C       		.uleb128 0xc
 666 0184 F2010000 		.4byte	.LASF58
 667 0188 01       		.byte	0x1
ARM GAS  C:\Users\marce\AppData\Local\Temp\ccaVLQUs.s 			page 19


 668 0189 42       		.byte	0x42
 669 018a 1B020000 		.4byte	0x21b
 670 018e 00000000 		.4byte	.LLST0
 671 0192 0D       		.uleb128 0xd
 672 0193 98020000 		.4byte	.LASF30
 673 0197 01       		.byte	0x1
 674 0198 44       		.byte	0x44
 675 0199 81000000 		.4byte	0x81
 676 019d 42000000 		.4byte	.LLST1
 677 01a1 0D       		.uleb128 0xd
 678 01a2 D2010000 		.4byte	.LASF31
 679 01a6 01       		.byte	0x1
 680 01a7 45       		.byte	0x45
 681 01a8 81000000 		.4byte	0x81
 682 01ac 6D000000 		.4byte	.LLST2
 683 01b0 0E       		.uleb128 0xe
 684 01b1 0C000000 		.4byte	.LVL2
 685 01b5 02030000 		.4byte	0x302
 686 01b9 C3010000 		.4byte	0x1c3
 687 01bd 0F       		.uleb128 0xf
 688 01be 01       		.uleb128 0x1
 689 01bf 50       		.byte	0x50
 690 01c0 01       		.uleb128 0x1
 691 01c1 30       		.byte	0x30
 692 01c2 00       		.byte	0
 693 01c3 0E       		.uleb128 0xe
 694 01c4 18000000 		.4byte	.LVL5
 695 01c8 13030000 		.4byte	0x313
 696 01cc E0010000 		.4byte	0x1e0
 697 01d0 0F       		.uleb128 0xf
 698 01d1 01       		.uleb128 0x1
 699 01d2 52       		.byte	0x52
 700 01d3 01       		.uleb128 0x1
 701 01d4 30       		.byte	0x30
 702 01d5 0F       		.uleb128 0xf
 703 01d6 01       		.uleb128 0x1
 704 01d7 51       		.byte	0x51
 705 01d8 01       		.uleb128 0x1
 706 01d9 30       		.byte	0x30
 707 01da 0F       		.uleb128 0xf
 708 01db 01       		.uleb128 0x1
 709 01dc 50       		.byte	0x50
 710 01dd 01       		.uleb128 0x1
 711 01de 31       		.byte	0x31
 712 01df 00       		.byte	0
 713 01e0 0E       		.uleb128 0xe
 714 01e1 12010000 		.4byte	.LVL16
 715 01e5 2E030000 		.4byte	0x32e
 716 01e9 F3010000 		.4byte	0x1f3
 717 01ed 0F       		.uleb128 0xf
 718 01ee 01       		.uleb128 0x1
 719 01ef 50       		.byte	0x50
 720 01f0 01       		.uleb128 0x1
 721 01f1 3B       		.byte	0x3b
 722 01f2 00       		.byte	0
 723 01f3 0E       		.uleb128 0xe
 724 01f4 1A010000 		.4byte	.LVL17
ARM GAS  C:\Users\marce\AppData\Local\Temp\ccaVLQUs.s 			page 20


 725 01f8 3F030000 		.4byte	0x33f
 726 01fc 0B020000 		.4byte	0x20b
 727 0200 0F       		.uleb128 0xf
 728 0201 01       		.uleb128 0x1
 729 0202 51       		.byte	0x51
 730 0203 01       		.uleb128 0x1
 731 0204 33       		.byte	0x33
 732 0205 0F       		.uleb128 0xf
 733 0206 01       		.uleb128 0x1
 734 0207 50       		.byte	0x50
 735 0208 01       		.uleb128 0x1
 736 0209 3B       		.byte	0x3b
 737 020a 00       		.byte	0
 738 020b 10       		.uleb128 0x10
 739 020c 22010000 		.4byte	.LVL18
 740 0210 55030000 		.4byte	0x355
 741 0214 0F       		.uleb128 0xf
 742 0215 01       		.uleb128 0x1
 743 0216 50       		.byte	0x50
 744 0217 01       		.uleb128 0x1
 745 0218 3B       		.byte	0x3b
 746 0219 00       		.byte	0
 747 021a 00       		.byte	0
 748 021b 07       		.uleb128 0x7
 749 021c 04       		.byte	0x4
 750 021d 21020000 		.4byte	0x221
 751 0221 11       		.uleb128 0x11
 752 0222 63010000 		.4byte	0x163
 753 0226 12       		.uleb128 0x12
 754 0227 AC030000 		.4byte	.LASF32
 755 022b 01       		.byte	0x1
 756 022c 1201     		.2byte	0x112
 757 022e 00000000 		.4byte	.LFB1
 758 0232 0C000000 		.4byte	.LFE1-.LFB1
 759 0236 01       		.uleb128 0x1
 760 0237 9C       		.byte	0x9c
 761 0238 12       		.uleb128 0x12
 762 0239 2E020000 		.4byte	.LASF33
 763 023d 01       		.byte	0x1
 764 023e 2801     		.2byte	0x128
 765 0240 00000000 		.4byte	.LFB2
 766 0244 0C000000 		.4byte	.LFE2-.LFB2
 767 0248 01       		.uleb128 0x1
 768 0249 9C       		.byte	0x9c
 769 024a 12       		.uleb128 0x12
 770 024b 4B030000 		.4byte	.LASF34
 771 024f 01       		.byte	0x1
 772 0250 5001     		.2byte	0x150
 773 0252 00000000 		.4byte	.LFB3
 774 0256 0C000000 		.4byte	.LFE3-.LFB3
 775 025a 01       		.uleb128 0x1
 776 025b 9C       		.byte	0x9c
 777 025c 13       		.uleb128 0x13
 778 025d 8A010000 		.4byte	.LASF35
 779 0261 04       		.byte	0x4
 780 0262 42       		.byte	0x42
 781 0263 6B000000 		.4byte	0x6b
ARM GAS  C:\Users\marce\AppData\Local\Temp\ccaVLQUs.s 			page 21


 782 0267 13       		.uleb128 0x13
 783 0268 97030000 		.4byte	.LASF36
 784 026c 04       		.byte	0x4
 785 026d 43       		.byte	0x43
 786 026e 6B000000 		.4byte	0x6b
 787 0272 13       		.uleb128 0x13
 788 0273 63000000 		.4byte	.LASF37
 789 0277 04       		.byte	0x4
 790 0278 44       		.byte	0x44
 791 0279 6B000000 		.4byte	0x6b
 792 027d 13       		.uleb128 0x13
 793 027e DA000000 		.4byte	.LASF38
 794 0282 04       		.byte	0x4
 795 0283 47       		.byte	0x47
 796 0284 6B000000 		.4byte	0x6b
 797 0288 13       		.uleb128 0x13
 798 0289 7C030000 		.4byte	.LASF39
 799 028d 04       		.byte	0x4
 800 028e 48       		.byte	0x48
 801 028f 6B000000 		.4byte	0x6b
 802 0293 14       		.uleb128 0x14
 803 0294 C7030000 		.4byte	.LASF40
 804 0298 01       		.byte	0x1
 805 0299 23       		.byte	0x23
 806 029a 21020000 		.4byte	0x221
 807 029e 05       		.uleb128 0x5
 808 029f 03       		.byte	0x3
 809 02a0 00000000 		.4byte	UART_1_configI2C
 810 02a4 14       		.uleb128 0x14
 811 02a5 31030000 		.4byte	.LASF41
 812 02a9 01       		.byte	0x1
 813 02aa 1A       		.byte	0x1a
 814 02ab A1000000 		.4byte	0xa1
 815 02af 05       		.uleb128 0x5
 816 02b0 03       		.byte	0x3
 817 02b1 00000000 		.4byte	UART_1_state
 818 02b5 13       		.uleb128 0x13
 819 02b6 EE030000 		.4byte	.LASF42
 820 02ba 05       		.byte	0x5
 821 02bb 20       		.byte	0x20
 822 02bc A1000000 		.4byte	0xa1
 823 02c0 13       		.uleb128 0x13
 824 02c1 EC000000 		.4byte	.LASF43
 825 02c5 05       		.byte	0x5
 826 02c6 25       		.byte	0x25
 827 02c7 B7000000 		.4byte	0xb7
 828 02cb 13       		.uleb128 0x13
 829 02cc A5020000 		.4byte	.LASF44
 830 02d0 05       		.byte	0x5
 831 02d1 2A       		.byte	0x2a
 832 02d2 B7000000 		.4byte	0xb7
 833 02d6 13       		.uleb128 0x13
 834 02d7 23000000 		.4byte	.LASF45
 835 02db 05       		.byte	0x5
 836 02dc 2C       		.byte	0x2c
 837 02dd A1000000 		.4byte	0xa1
 838 02e1 13       		.uleb128 0x13
ARM GAS  C:\Users\marce\AppData\Local\Temp\ccaVLQUs.s 			page 22


 839 02e2 E0010000 		.4byte	.LASF46
 840 02e6 05       		.byte	0x5
 841 02e7 30       		.byte	0x30
 842 02e8 A6000000 		.4byte	0xa6
 843 02ec 13       		.uleb128 0x13
 844 02ed 4D000000 		.4byte	.LASF47
 845 02f1 05       		.byte	0x5
 846 02f2 36       		.byte	0x36
 847 02f3 B7000000 		.4byte	0xb7
 848 02f7 13       		.uleb128 0x13
 849 02f8 D8030000 		.4byte	.LASF48
 850 02fc 05       		.byte	0x5
 851 02fd 3B       		.byte	0x3b
 852 02fe B7000000 		.4byte	0xb7
 853 0302 15       		.uleb128 0x15
 854 0303 D5020000 		.4byte	.LASF49
 855 0307 06       		.byte	0x6
 856 0308 60       		.byte	0x60
 857 0309 13030000 		.4byte	0x313
 858 030d 16       		.uleb128 0x16
 859 030e 6B000000 		.4byte	0x6b
 860 0312 00       		.byte	0
 861 0313 15       		.uleb128 0x15
 862 0314 6D030000 		.4byte	.LASF50
 863 0318 04       		.byte	0x4
 864 0319 30       		.byte	0x30
 865 031a 2E030000 		.4byte	0x32e
 866 031e 16       		.uleb128 0x16
 867 031f 81000000 		.4byte	0x81
 868 0323 16       		.uleb128 0x16
 869 0324 81000000 		.4byte	0x81
 870 0328 16       		.uleb128 0x16
 871 0329 81000000 		.4byte	0x81
 872 032d 00       		.byte	0
 873 032e 15       		.uleb128 0x15
 874 032f 3E030000 		.4byte	.LASF51
 875 0333 06       		.byte	0x6
 876 0334 4E       		.byte	0x4e
 877 0335 3F030000 		.4byte	0x33f
 878 0339 16       		.uleb128 0x16
 879 033a 6B000000 		.4byte	0x6b
 880 033e 00       		.byte	0
 881 033f 15       		.uleb128 0x15
 882 0340 87020000 		.4byte	.LASF52
 883 0344 06       		.byte	0x6
 884 0345 49       		.byte	0x49
 885 0346 55030000 		.4byte	0x355
 886 034a 16       		.uleb128 0x16
 887 034b 6B000000 		.4byte	0x6b
 888 034f 16       		.uleb128 0x16
 889 0350 6B000000 		.4byte	0x6b
 890 0354 00       		.byte	0
 891 0355 17       		.uleb128 0x17
 892 0356 14000000 		.4byte	.LASF53
 893 035a 06       		.byte	0x6
 894 035b 46       		.byte	0x46
 895 035c BC000000 		.4byte	0xbc
ARM GAS  C:\Users\marce\AppData\Local\Temp\ccaVLQUs.s 			page 23


 896 0360 16       		.uleb128 0x16
 897 0361 6B000000 		.4byte	0x6b
 898 0365 16       		.uleb128 0x16
 899 0366 BC000000 		.4byte	0xbc
 900 036a 00       		.byte	0
 901 036b 00       		.byte	0
 902              		.section	.debug_abbrev,"",%progbits
 903              	.Ldebug_abbrev0:
 904 0000 01       		.uleb128 0x1
 905 0001 11       		.uleb128 0x11
 906 0002 01       		.byte	0x1
 907 0003 25       		.uleb128 0x25
 908 0004 0E       		.uleb128 0xe
 909 0005 13       		.uleb128 0x13
 910 0006 0B       		.uleb128 0xb
 911 0007 03       		.uleb128 0x3
 912 0008 0E       		.uleb128 0xe
 913 0009 1B       		.uleb128 0x1b
 914 000a 0E       		.uleb128 0xe
 915 000b 55       		.uleb128 0x55
 916 000c 17       		.uleb128 0x17
 917 000d 11       		.uleb128 0x11
 918 000e 01       		.uleb128 0x1
 919 000f 10       		.uleb128 0x10
 920 0010 17       		.uleb128 0x17
 921 0011 00       		.byte	0
 922 0012 00       		.byte	0
 923 0013 02       		.uleb128 0x2
 924 0014 24       		.uleb128 0x24
 925 0015 00       		.byte	0
 926 0016 0B       		.uleb128 0xb
 927 0017 0B       		.uleb128 0xb
 928 0018 3E       		.uleb128 0x3e
 929 0019 0B       		.uleb128 0xb
 930 001a 03       		.uleb128 0x3
 931 001b 0E       		.uleb128 0xe
 932 001c 00       		.byte	0
 933 001d 00       		.byte	0
 934 001e 03       		.uleb128 0x3
 935 001f 24       		.uleb128 0x24
 936 0020 00       		.byte	0
 937 0021 0B       		.uleb128 0xb
 938 0022 0B       		.uleb128 0xb
 939 0023 3E       		.uleb128 0x3e
 940 0024 0B       		.uleb128 0xb
 941 0025 03       		.uleb128 0x3
 942 0026 08       		.uleb128 0x8
 943 0027 00       		.byte	0
 944 0028 00       		.byte	0
 945 0029 04       		.uleb128 0x4
 946 002a 16       		.uleb128 0x16
 947 002b 00       		.byte	0
 948 002c 03       		.uleb128 0x3
 949 002d 0E       		.uleb128 0xe
 950 002e 3A       		.uleb128 0x3a
 951 002f 0B       		.uleb128 0xb
 952 0030 3B       		.uleb128 0x3b
ARM GAS  C:\Users\marce\AppData\Local\Temp\ccaVLQUs.s 			page 24


 953 0031 0B       		.uleb128 0xb
 954 0032 49       		.uleb128 0x49
 955 0033 13       		.uleb128 0x13
 956 0034 00       		.byte	0
 957 0035 00       		.byte	0
 958 0036 05       		.uleb128 0x5
 959 0037 35       		.uleb128 0x35
 960 0038 00       		.byte	0
 961 0039 49       		.uleb128 0x49
 962 003a 13       		.uleb128 0x13
 963 003b 00       		.byte	0
 964 003c 00       		.byte	0
 965 003d 06       		.uleb128 0x6
 966 003e 16       		.uleb128 0x16
 967 003f 00       		.byte	0
 968 0040 03       		.uleb128 0x3
 969 0041 0E       		.uleb128 0xe
 970 0042 3A       		.uleb128 0x3a
 971 0043 0B       		.uleb128 0xb
 972 0044 3B       		.uleb128 0x3b
 973 0045 05       		.uleb128 0x5
 974 0046 49       		.uleb128 0x49
 975 0047 13       		.uleb128 0x13
 976 0048 00       		.byte	0
 977 0049 00       		.byte	0
 978 004a 07       		.uleb128 0x7
 979 004b 0F       		.uleb128 0xf
 980 004c 00       		.byte	0
 981 004d 0B       		.uleb128 0xb
 982 004e 0B       		.uleb128 0xb
 983 004f 49       		.uleb128 0x49
 984 0050 13       		.uleb128 0x13
 985 0051 00       		.byte	0
 986 0052 00       		.byte	0
 987 0053 08       		.uleb128 0x8
 988 0054 15       		.uleb128 0x15
 989 0055 00       		.byte	0
 990 0056 27       		.uleb128 0x27
 991 0057 19       		.uleb128 0x19
 992 0058 00       		.byte	0
 993 0059 00       		.byte	0
 994 005a 09       		.uleb128 0x9
 995 005b 13       		.uleb128 0x13
 996 005c 01       		.byte	0x1
 997 005d 0B       		.uleb128 0xb
 998 005e 0B       		.uleb128 0xb
 999 005f 3A       		.uleb128 0x3a
 1000 0060 0B       		.uleb128 0xb
 1001 0061 3B       		.uleb128 0x3b
 1002 0062 0B       		.uleb128 0xb
 1003 0063 01       		.uleb128 0x1
 1004 0064 13       		.uleb128 0x13
 1005 0065 00       		.byte	0
 1006 0066 00       		.byte	0
 1007 0067 0A       		.uleb128 0xa
 1008 0068 0D       		.uleb128 0xd
 1009 0069 00       		.byte	0
ARM GAS  C:\Users\marce\AppData\Local\Temp\ccaVLQUs.s 			page 25


 1010 006a 03       		.uleb128 0x3
 1011 006b 0E       		.uleb128 0xe
 1012 006c 3A       		.uleb128 0x3a
 1013 006d 0B       		.uleb128 0xb
 1014 006e 3B       		.uleb128 0x3b
 1015 006f 0B       		.uleb128 0xb
 1016 0070 49       		.uleb128 0x49
 1017 0071 13       		.uleb128 0x13
 1018 0072 38       		.uleb128 0x38
 1019 0073 0B       		.uleb128 0xb
 1020 0074 00       		.byte	0
 1021 0075 00       		.byte	0
 1022 0076 0B       		.uleb128 0xb
 1023 0077 2E       		.uleb128 0x2e
 1024 0078 01       		.byte	0x1
 1025 0079 3F       		.uleb128 0x3f
 1026 007a 19       		.uleb128 0x19
 1027 007b 03       		.uleb128 0x3
 1028 007c 0E       		.uleb128 0xe
 1029 007d 3A       		.uleb128 0x3a
 1030 007e 0B       		.uleb128 0xb
 1031 007f 3B       		.uleb128 0x3b
 1032 0080 0B       		.uleb128 0xb
 1033 0081 27       		.uleb128 0x27
 1034 0082 19       		.uleb128 0x19
 1035 0083 11       		.uleb128 0x11
 1036 0084 01       		.uleb128 0x1
 1037 0085 12       		.uleb128 0x12
 1038 0086 06       		.uleb128 0x6
 1039 0087 40       		.uleb128 0x40
 1040 0088 18       		.uleb128 0x18
 1041 0089 9742     		.uleb128 0x2117
 1042 008b 19       		.uleb128 0x19
 1043 008c 01       		.uleb128 0x1
 1044 008d 13       		.uleb128 0x13
 1045 008e 00       		.byte	0
 1046 008f 00       		.byte	0
 1047 0090 0C       		.uleb128 0xc
 1048 0091 05       		.uleb128 0x5
 1049 0092 00       		.byte	0
 1050 0093 03       		.uleb128 0x3
 1051 0094 0E       		.uleb128 0xe
 1052 0095 3A       		.uleb128 0x3a
 1053 0096 0B       		.uleb128 0xb
 1054 0097 3B       		.uleb128 0x3b
 1055 0098 0B       		.uleb128 0xb
 1056 0099 49       		.uleb128 0x49
 1057 009a 13       		.uleb128 0x13
 1058 009b 02       		.uleb128 0x2
 1059 009c 17       		.uleb128 0x17
 1060 009d 00       		.byte	0
 1061 009e 00       		.byte	0
 1062 009f 0D       		.uleb128 0xd
 1063 00a0 34       		.uleb128 0x34
 1064 00a1 00       		.byte	0
 1065 00a2 03       		.uleb128 0x3
 1066 00a3 0E       		.uleb128 0xe
ARM GAS  C:\Users\marce\AppData\Local\Temp\ccaVLQUs.s 			page 26


 1067 00a4 3A       		.uleb128 0x3a
 1068 00a5 0B       		.uleb128 0xb
 1069 00a6 3B       		.uleb128 0x3b
 1070 00a7 0B       		.uleb128 0xb
 1071 00a8 49       		.uleb128 0x49
 1072 00a9 13       		.uleb128 0x13
 1073 00aa 02       		.uleb128 0x2
 1074 00ab 17       		.uleb128 0x17
 1075 00ac 00       		.byte	0
 1076 00ad 00       		.byte	0
 1077 00ae 0E       		.uleb128 0xe
 1078 00af 898201   		.uleb128 0x4109
 1079 00b2 01       		.byte	0x1
 1080 00b3 11       		.uleb128 0x11
 1081 00b4 01       		.uleb128 0x1
 1082 00b5 31       		.uleb128 0x31
 1083 00b6 13       		.uleb128 0x13
 1084 00b7 01       		.uleb128 0x1
 1085 00b8 13       		.uleb128 0x13
 1086 00b9 00       		.byte	0
 1087 00ba 00       		.byte	0
 1088 00bb 0F       		.uleb128 0xf
 1089 00bc 8A8201   		.uleb128 0x410a
 1090 00bf 00       		.byte	0
 1091 00c0 02       		.uleb128 0x2
 1092 00c1 18       		.uleb128 0x18
 1093 00c2 9142     		.uleb128 0x2111
 1094 00c4 18       		.uleb128 0x18
 1095 00c5 00       		.byte	0
 1096 00c6 00       		.byte	0
 1097 00c7 10       		.uleb128 0x10
 1098 00c8 898201   		.uleb128 0x4109
 1099 00cb 01       		.byte	0x1
 1100 00cc 11       		.uleb128 0x11
 1101 00cd 01       		.uleb128 0x1
 1102 00ce 31       		.uleb128 0x31
 1103 00cf 13       		.uleb128 0x13
 1104 00d0 00       		.byte	0
 1105 00d1 00       		.byte	0
 1106 00d2 11       		.uleb128 0x11
 1107 00d3 26       		.uleb128 0x26
 1108 00d4 00       		.byte	0
 1109 00d5 49       		.uleb128 0x49
 1110 00d6 13       		.uleb128 0x13
 1111 00d7 00       		.byte	0
 1112 00d8 00       		.byte	0
 1113 00d9 12       		.uleb128 0x12
 1114 00da 2E       		.uleb128 0x2e
 1115 00db 00       		.byte	0
 1116 00dc 3F       		.uleb128 0x3f
 1117 00dd 19       		.uleb128 0x19
 1118 00de 03       		.uleb128 0x3
 1119 00df 0E       		.uleb128 0xe
 1120 00e0 3A       		.uleb128 0x3a
 1121 00e1 0B       		.uleb128 0xb
 1122 00e2 3B       		.uleb128 0x3b
 1123 00e3 05       		.uleb128 0x5
ARM GAS  C:\Users\marce\AppData\Local\Temp\ccaVLQUs.s 			page 27


 1124 00e4 27       		.uleb128 0x27
 1125 00e5 19       		.uleb128 0x19
 1126 00e6 11       		.uleb128 0x11
 1127 00e7 01       		.uleb128 0x1
 1128 00e8 12       		.uleb128 0x12
 1129 00e9 06       		.uleb128 0x6
 1130 00ea 40       		.uleb128 0x40
 1131 00eb 18       		.uleb128 0x18
 1132 00ec 9742     		.uleb128 0x2117
 1133 00ee 19       		.uleb128 0x19
 1134 00ef 00       		.byte	0
 1135 00f0 00       		.byte	0
 1136 00f1 13       		.uleb128 0x13
 1137 00f2 34       		.uleb128 0x34
 1138 00f3 00       		.byte	0
 1139 00f4 03       		.uleb128 0x3
 1140 00f5 0E       		.uleb128 0xe
 1141 00f6 3A       		.uleb128 0x3a
 1142 00f7 0B       		.uleb128 0xb
 1143 00f8 3B       		.uleb128 0x3b
 1144 00f9 0B       		.uleb128 0xb
 1145 00fa 49       		.uleb128 0x49
 1146 00fb 13       		.uleb128 0x13
 1147 00fc 3F       		.uleb128 0x3f
 1148 00fd 19       		.uleb128 0x19
 1149 00fe 3C       		.uleb128 0x3c
 1150 00ff 19       		.uleb128 0x19
 1151 0100 00       		.byte	0
 1152 0101 00       		.byte	0
 1153 0102 14       		.uleb128 0x14
 1154 0103 34       		.uleb128 0x34
 1155 0104 00       		.byte	0
 1156 0105 03       		.uleb128 0x3
 1157 0106 0E       		.uleb128 0xe
 1158 0107 3A       		.uleb128 0x3a
 1159 0108 0B       		.uleb128 0xb
 1160 0109 3B       		.uleb128 0x3b
 1161 010a 0B       		.uleb128 0xb
 1162 010b 49       		.uleb128 0x49
 1163 010c 13       		.uleb128 0x13
 1164 010d 3F       		.uleb128 0x3f
 1165 010e 19       		.uleb128 0x19
 1166 010f 02       		.uleb128 0x2
 1167 0110 18       		.uleb128 0x18
 1168 0111 00       		.byte	0
 1169 0112 00       		.byte	0
 1170 0113 15       		.uleb128 0x15
 1171 0114 2E       		.uleb128 0x2e
 1172 0115 01       		.byte	0x1
 1173 0116 3F       		.uleb128 0x3f
 1174 0117 19       		.uleb128 0x19
 1175 0118 03       		.uleb128 0x3
 1176 0119 0E       		.uleb128 0xe
 1177 011a 3A       		.uleb128 0x3a
 1178 011b 0B       		.uleb128 0xb
 1179 011c 3B       		.uleb128 0x3b
 1180 011d 0B       		.uleb128 0xb
ARM GAS  C:\Users\marce\AppData\Local\Temp\ccaVLQUs.s 			page 28


 1181 011e 27       		.uleb128 0x27
 1182 011f 19       		.uleb128 0x19
 1183 0120 3C       		.uleb128 0x3c
 1184 0121 19       		.uleb128 0x19
 1185 0122 01       		.uleb128 0x1
 1186 0123 13       		.uleb128 0x13
 1187 0124 00       		.byte	0
 1188 0125 00       		.byte	0
 1189 0126 16       		.uleb128 0x16
 1190 0127 05       		.uleb128 0x5
 1191 0128 00       		.byte	0
 1192 0129 49       		.uleb128 0x49
 1193 012a 13       		.uleb128 0x13
 1194 012b 00       		.byte	0
 1195 012c 00       		.byte	0
 1196 012d 17       		.uleb128 0x17
 1197 012e 2E       		.uleb128 0x2e
 1198 012f 01       		.byte	0x1
 1199 0130 3F       		.uleb128 0x3f
 1200 0131 19       		.uleb128 0x19
 1201 0132 03       		.uleb128 0x3
 1202 0133 0E       		.uleb128 0xe
 1203 0134 3A       		.uleb128 0x3a
 1204 0135 0B       		.uleb128 0xb
 1205 0136 3B       		.uleb128 0x3b
 1206 0137 0B       		.uleb128 0xb
 1207 0138 27       		.uleb128 0x27
 1208 0139 19       		.uleb128 0x19
 1209 013a 49       		.uleb128 0x49
 1210 013b 13       		.uleb128 0x13
 1211 013c 3C       		.uleb128 0x3c
 1212 013d 19       		.uleb128 0x19
 1213 013e 00       		.byte	0
 1214 013f 00       		.byte	0
 1215 0140 00       		.byte	0
 1216              		.section	.debug_loc,"",%progbits
 1217              	.Ldebug_loc0:
 1218              	.LLST0:
 1219 0000 00000000 		.4byte	.LVL0
 1220 0004 08000000 		.4byte	.LVL1
 1221 0008 0100     		.2byte	0x1
 1222 000a 50       		.byte	0x50
 1223 000b 08000000 		.4byte	.LVL1
 1224 000f 0E000000 		.4byte	.LVL3
 1225 0013 0100     		.2byte	0x1
 1226 0015 54       		.byte	0x54
 1227 0016 0E000000 		.4byte	.LVL3
 1228 001a 10000000 		.4byte	.LVL4
 1229 001e 0100     		.2byte	0x1
 1230 0020 50       		.byte	0x50
 1231 0021 10000000 		.4byte	.LVL4
 1232 0025 8C010000 		.4byte	.LVL19
 1233 0029 0100     		.2byte	0x1
 1234 002b 54       		.byte	0x54
 1235 002c 8C010000 		.4byte	.LVL19
 1236 0030 10020000 		.4byte	.LFE0
 1237 0034 0400     		.2byte	0x4
ARM GAS  C:\Users\marce\AppData\Local\Temp\ccaVLQUs.s 			page 29


 1238 0036 F3       		.byte	0xf3
 1239 0037 01       		.uleb128 0x1
 1240 0038 50       		.byte	0x50
 1241 0039 9F       		.byte	0x9f
 1242 003a 00000000 		.4byte	0
 1243 003e 00000000 		.4byte	0
 1244              	.LLST1:
 1245 0042 5C000000 		.4byte	.LVL6
 1246 0046 60000000 		.4byte	.LVL7
 1247 004a 0200     		.2byte	0x2
 1248 004c 30       		.byte	0x30
 1249 004d 9F       		.byte	0x9f
 1250 004e 6A000000 		.4byte	.LVL8
 1251 0052 6C000000 		.4byte	.LVL9
 1252 0056 0200     		.2byte	0x2
 1253 0058 31       		.byte	0x31
 1254 0059 9F       		.byte	0x9f
 1255 005a 6C000000 		.4byte	.LVL9
 1256 005e D4000000 		.4byte	.LVL15
 1257 0062 0100     		.2byte	0x1
 1258 0064 53       		.byte	0x53
 1259 0065 00000000 		.4byte	0
 1260 0069 00000000 		.4byte	0
 1261              	.LLST2:
 1262 006d 6E000000 		.4byte	.LVL10
 1263 0071 82000000 		.4byte	.LVL11
 1264 0075 0100     		.2byte	0x1
 1265 0077 52       		.byte	0x52
 1266 0078 82000000 		.4byte	.LVL11
 1267 007c 86000000 		.4byte	.LVL12
 1268 0080 0200     		.2byte	0x2
 1269 0082 74       		.byte	0x74
 1270 0083 1C       		.sleb128 28
 1271 0084 86000000 		.4byte	.LVL12
 1272 0088 88000000 		.4byte	.LVL13
 1273 008c 0100     		.2byte	0x1
 1274 008e 52       		.byte	0x52
 1275 008f 88000000 		.4byte	.LVL13
 1276 0093 8E000000 		.4byte	.LVL14
 1277 0097 0200     		.2byte	0x2
 1278 0099 74       		.byte	0x74
 1279 009a 1C       		.sleb128 28
 1280 009b 00000000 		.4byte	0
 1281 009f 00000000 		.4byte	0
 1282              		.section	.debug_aranges,"",%progbits
 1283 0000 34000000 		.4byte	0x34
 1284 0004 0200     		.2byte	0x2
 1285 0006 00000000 		.4byte	.Ldebug_info0
 1286 000a 04       		.byte	0x4
 1287 000b 00       		.byte	0
 1288 000c 0000     		.2byte	0
 1289 000e 0000     		.2byte	0
 1290 0010 00000000 		.4byte	.LFB0
 1291 0014 10020000 		.4byte	.LFE0-.LFB0
 1292 0018 00000000 		.4byte	.LFB1
 1293 001c 0C000000 		.4byte	.LFE1-.LFB1
 1294 0020 00000000 		.4byte	.LFB2
ARM GAS  C:\Users\marce\AppData\Local\Temp\ccaVLQUs.s 			page 30


 1295 0024 0C000000 		.4byte	.LFE2-.LFB2
 1296 0028 00000000 		.4byte	.LFB3
 1297 002c 0C000000 		.4byte	.LFE3-.LFB3
 1298 0030 00000000 		.4byte	0
 1299 0034 00000000 		.4byte	0
 1300              		.section	.debug_ranges,"",%progbits
 1301              	.Ldebug_ranges0:
 1302 0000 00000000 		.4byte	.LFB0
 1303 0004 10020000 		.4byte	.LFE0
 1304 0008 00000000 		.4byte	.LFB1
 1305 000c 0C000000 		.4byte	.LFE1
 1306 0010 00000000 		.4byte	.LFB2
 1307 0014 0C000000 		.4byte	.LFE2
 1308 0018 00000000 		.4byte	.LFB3
 1309 001c 0C000000 		.4byte	.LFE3
 1310 0020 00000000 		.4byte	0
 1311 0024 00000000 		.4byte	0
 1312              		.section	.debug_line,"",%progbits
 1313              	.Ldebug_line0:
 1314 0000 53010000 		.section	.debug_str,"MS",%progbits,1
 1314      02009F00 
 1314      00000201 
 1314      FB0E0D00 
 1314      01010101 
 1315              	.LASF15:
 1316 0000 72656733 		.ascii	"reg32\000"
 1316      3200
 1317              	.LASF19:
 1318 0006 6F766572 		.ascii	"oversampleLow\000"
 1318      73616D70 
 1318      6C654C6F 
 1318      7700
 1319              	.LASF53:
 1320 0014 4379496E 		.ascii	"CyIntSetVector\000"
 1320      74536574 
 1320      56656374 
 1320      6F7200
 1321              	.LASF45:
 1322 0023 55415254 		.ascii	"UART_1_slOverFlowCount\000"
 1322      5F315F73 
 1322      6C4F7665 
 1322      72466C6F 
 1322      77436F75 
 1323              	.LASF3:
 1324 003a 73686F72 		.ascii	"short unsigned int\000"
 1324      7420756E 
 1324      7369676E 
 1324      65642069 
 1324      6E7400
 1325              	.LASF47:
 1326 004d 55415254 		.ascii	"UART_1_mstrRdBufIndex\000"
 1326      5F315F6D 
 1326      73747252 
 1326      64427566 
 1326      496E6465 
 1327              	.LASF37:
 1328 0063 55415254 		.ascii	"UART_1_scbEnableIntr\000"
ARM GAS  C:\Users\marce\AppData\Local\Temp\ccaVLQUs.s 			page 31


 1328      5F315F73 
 1328      6362456E 
 1328      61626C65 
 1328      496E7472 
 1329              	.LASF56:
 1330 0078 433A5C55 		.ascii	"C:\\Users\\marce\\Documents\\Tesis\\Psoc_Creator\\D"
 1330      73657273 
 1330      5C6D6172 
 1330      63655C44 
 1330      6F63756D 
 1331 00a5 61746120 		.ascii	"ata Exchange MT174\\Interface_driver.cydsn\000"
 1331      45786368 
 1331      616E6765 
 1331      204D5431 
 1331      37345C49 
 1332              	.LASF24:
 1333 00cf 61636365 		.ascii	"acceptAddr\000"
 1333      70744164 
 1333      647200
 1334              	.LASF38:
 1335 00da 55415254 		.ascii	"UART_1_mode\000"
 1335      5F315F6D 
 1335      6F646500 
 1336              	.LASF12:
 1337 00e6 666C6F61 		.ascii	"float\000"
 1337      7400
 1338              	.LASF43:
 1339 00ec 55415254 		.ascii	"UART_1_slWrBufIndex\000"
 1339      5F315F73 
 1339      6C577242 
 1339      7566496E 
 1339      64657800 
 1340              	.LASF54:
 1341 0100 474E5520 		.ascii	"GNU C 4.8.4 20140526 (release) [ARM/embedded-4_8-br"
 1341      4320342E 
 1341      382E3420 
 1341      32303134 
 1341      30353236 
 1342 0133 616E6368 		.ascii	"anch revision 211358] -mcpu=cortex-m0 -mthumb -g -O"
 1342      20726576 
 1342      6973696F 
 1342      6E203231 
 1342      31333538 
 1343 0166 67202D66 		.ascii	"g -ffunction-sections\000"
 1343      66756E63 
 1343      74696F6E 
 1343      2D736563 
 1343      74696F6E 
 1344              	.LASF1:
 1345 017c 756E7369 		.ascii	"unsigned char\000"
 1345      676E6564 
 1345      20636861 
 1345      7200
 1346              	.LASF35:
 1347 018a 55415254 		.ascii	"UART_1_scbMode\000"
 1347      5F315F73 
 1347      63624D6F 
ARM GAS  C:\Users\marce\AppData\Local\Temp\ccaVLQUs.s 			page 32


 1347      646500
 1348              	.LASF28:
 1349 0199 61636365 		.ascii	"acceptGeneralAddr\000"
 1349      70744765 
 1349      6E657261 
 1349      6C416464 
 1349      7200
 1350              	.LASF5:
 1351 01ab 6C6F6E67 		.ascii	"long unsigned int\000"
 1351      20756E73 
 1351      69676E65 
 1351      6420696E 
 1351      7400
 1352              	.LASF9:
 1353 01bd 75696E74 		.ascii	"uint8\000"
 1353      3800
 1354              	.LASF26:
 1355 01c3 656E6162 		.ascii	"enableByteMode\000"
 1355      6C654279 
 1355      74654D6F 
 1355      646500
 1356              	.LASF31:
 1357 01d2 6C6F6345 		.ascii	"locEnableWake\000"
 1357      6E61626C 
 1357      6557616B 
 1357      6500
 1358              	.LASF46:
 1359 01e0 55415254 		.ascii	"UART_1_mstrStatus\000"
 1359      5F315F6D 
 1359      73747253 
 1359      74617475 
 1359      7300
 1360              	.LASF58:
 1361 01f2 636F6E66 		.ascii	"config\000"
 1361      696700
 1362              	.LASF13:
 1363 01f9 646F7562 		.ascii	"double\000"
 1363      6C6500
 1364              	.LASF25:
 1365 0200 656E6162 		.ascii	"enableWake\000"
 1365      6C655761 
 1365      6B6500
 1366              	.LASF21:
 1367 020b 656E6162 		.ascii	"enableMedianFilter\000"
 1367      6C654D65 
 1367      6469616E 
 1367      46696C74 
 1367      657200
 1368              	.LASF27:
 1369 021e 64617461 		.ascii	"dataRate\000"
 1369      52617465 
 1369      00
 1370              	.LASF10:
 1371 0227 75696E74 		.ascii	"uint16\000"
 1371      313600
 1372              	.LASF33:
 1373 022e 55415254 		.ascii	"UART_1_I2CSaveConfig\000"
ARM GAS  C:\Users\marce\AppData\Local\Temp\ccaVLQUs.s 			page 33


 1373      5F315F49 
 1373      32435361 
 1373      7665436F 
 1373      6E666967 
 1374              	.LASF22:
 1375 0243 736C6176 		.ascii	"slaveAddr\000"
 1375      65416464 
 1375      7200
 1376              	.LASF11:
 1377 024d 75696E74 		.ascii	"uint32\000"
 1377      333200
 1378              	.LASF57:
 1379 0254 55415254 		.ascii	"UART_1_I2CInit\000"
 1379      5F315F49 
 1379      3243496E 
 1379      697400
 1380              	.LASF8:
 1381 0263 756E7369 		.ascii	"unsigned int\000"
 1381      676E6564 
 1381      20696E74 
 1381      00
 1382              	.LASF7:
 1383 0270 6C6F6E67 		.ascii	"long long unsigned int\000"
 1383      206C6F6E 
 1383      6720756E 
 1383      7369676E 
 1383      65642069 
 1384              	.LASF52:
 1385 0287 4379496E 		.ascii	"CyIntSetPriority\000"
 1385      74536574 
 1385      5072696F 
 1385      72697479 
 1385      00
 1386              	.LASF30:
 1387 0298 6D656469 		.ascii	"medianFilter\000"
 1387      616E4669 
 1387      6C746572 
 1387      00
 1388              	.LASF44:
 1389 02a5 55415254 		.ascii	"UART_1_slRdBufIndex\000"
 1389      5F315F73 
 1389      6C526442 
 1389      7566496E 
 1389      64657800 
 1390              	.LASF16:
 1391 02b9 63796973 		.ascii	"cyisraddress\000"
 1391      72616464 
 1391      72657373 
 1391      00
 1392              	.LASF20:
 1393 02c6 6F766572 		.ascii	"oversampleHigh\000"
 1393      73616D70 
 1393      6C654869 
 1393      676800
 1394              	.LASF49:
 1395 02d5 43794861 		.ascii	"CyHalt\000"
 1395      6C7400
ARM GAS  C:\Users\marce\AppData\Local\Temp\ccaVLQUs.s 			page 34


 1396              	.LASF23:
 1397 02dc 736C6176 		.ascii	"slaveAddrMask\000"
 1397      65416464 
 1397      724D6173 
 1397      6B00
 1398              	.LASF18:
 1399 02ea 6D6F6465 		.ascii	"mode\000"
 1399      00
 1400              	.LASF17:
 1401 02ef 73697A65 		.ascii	"sizetype\000"
 1401      74797065 
 1401      00
 1402              	.LASF6:
 1403 02f8 6C6F6E67 		.ascii	"long long int\000"
 1403      206C6F6E 
 1403      6720696E 
 1403      7400
 1404              	.LASF55:
 1405 0306 2E5C4765 		.ascii	".\\Generated_Source\\PSoC4\\UART_1_I2C.c\000"
 1405      6E657261 
 1405      7465645F 
 1405      536F7572 
 1405      63655C50 
 1406              	.LASF14:
 1407 032c 63686172 		.ascii	"char\000"
 1407      00
 1408              	.LASF41:
 1409 0331 55415254 		.ascii	"UART_1_state\000"
 1409      5F315F73 
 1409      74617465 
 1409      00
 1410              	.LASF51:
 1411 033e 4379496E 		.ascii	"CyIntDisable\000"
 1411      74446973 
 1411      61626C65 
 1411      00
 1412              	.LASF34:
 1413 034b 55415254 		.ascii	"UART_1_I2CRestoreConfig\000"
 1413      5F315F49 
 1413      32435265 
 1413      73746F72 
 1413      65436F6E 
 1414              	.LASF2:
 1415 0363 73686F72 		.ascii	"short int\000"
 1415      7420696E 
 1415      7400
 1416              	.LASF50:
 1417 036d 55415254 		.ascii	"UART_1_SetPins\000"
 1417      5F315F53 
 1417      65745069 
 1417      6E7300
 1418              	.LASF39:
 1419 037c 55415254 		.ascii	"UART_1_acceptAddr\000"
 1419      5F315F61 
 1419      63636570 
 1419      74416464 
 1419      7200
ARM GAS  C:\Users\marce\AppData\Local\Temp\ccaVLQUs.s 			page 35


 1420              	.LASF4:
 1421 038e 6C6F6E67 		.ascii	"long int\000"
 1421      20696E74 
 1421      00
 1422              	.LASF36:
 1423 0397 55415254 		.ascii	"UART_1_scbEnableWake\000"
 1423      5F315F73 
 1423      6362456E 
 1423      61626C65 
 1423      57616B65 
 1424              	.LASF32:
 1425 03ac 55415254 		.ascii	"UART_1_I2CStop\000"
 1425      5F315F49 
 1425      32435374 
 1425      6F7000
 1426              	.LASF0:
 1427 03bb 7369676E 		.ascii	"signed char\000"
 1427      65642063 
 1427      68617200 
 1428              	.LASF40:
 1429 03c7 55415254 		.ascii	"UART_1_configI2C\000"
 1429      5F315F63 
 1429      6F6E6669 
 1429      67493243 
 1429      00
 1430              	.LASF48:
 1431 03d8 55415254 		.ascii	"UART_1_mstrWrBufIndex\000"
 1431      5F315F6D 
 1431      73747257 
 1431      72427566 
 1431      496E6465 
 1432              	.LASF42:
 1433 03ee 55415254 		.ascii	"UART_1_slStatus\000"
 1433      5F315F73 
 1433      6C537461 
 1433      74757300 
 1434              	.LASF29:
 1435 03fe 55415254 		.ascii	"UART_1_I2C_INIT_STRUCT\000"
 1435      5F315F49 
 1435      32435F49 
 1435      4E49545F 
 1435      53545255 
 1436              		.ident	"GCC: (GNU Tools for ARM Embedded Processors) 4.8.4 20140526 (release) [ARM/embedded-4_8-br
