ARM GAS  C:\Users\marce\AppData\Local\Temp\ccokOrk1.s 			page 1


   1              		.cpu cortex-m0
   2              		.fpu softvfp
   3              		.eabi_attribute 20, 1
   4              		.eabi_attribute 21, 1
   5              		.eabi_attribute 23, 3
   6              		.eabi_attribute 24, 1
   7              		.eabi_attribute 25, 1
   8              		.eabi_attribute 26, 1
   9              		.eabi_attribute 30, 1
  10              		.eabi_attribute 34, 0
  11              		.eabi_attribute 18, 4
  12              		.code	16
  13              		.file	"UART_1_SPI_UART_INT.c"
  14              		.text
  15              	.Ltext0:
  16              		.cfi_sections	.debug_frame
  17              		.section	.text.UART_1_SPI_UART_ISR,"ax",%progbits
  18              		.align	2
  19              		.global	UART_1_SPI_UART_ISR
  20              		.code	16
  21              		.thumb_func
  22              		.type	UART_1_SPI_UART_ISR, %function
  23              	UART_1_SPI_UART_ISR:
  24              	.LFB0:
  25              		.file 1 ".\\Generated_Source\\PSoC4\\UART_1_SPI_UART_INT.c"
   1:.\Generated_Source\PSoC4/UART_1_SPI_UART_INT.c **** /*******************************************************************************
   2:.\Generated_Source\PSoC4/UART_1_SPI_UART_INT.c **** * File Name: UART_1_SPI_UART_INT.c
   3:.\Generated_Source\PSoC4/UART_1_SPI_UART_INT.c **** * Version 3.0
   4:.\Generated_Source\PSoC4/UART_1_SPI_UART_INT.c **** *
   5:.\Generated_Source\PSoC4/UART_1_SPI_UART_INT.c **** * Description:
   6:.\Generated_Source\PSoC4/UART_1_SPI_UART_INT.c **** *  This file provides the source code to the Interrupt Service Routine for
   7:.\Generated_Source\PSoC4/UART_1_SPI_UART_INT.c **** *  the SCB Component in SPI and UART modes.
   8:.\Generated_Source\PSoC4/UART_1_SPI_UART_INT.c **** *
   9:.\Generated_Source\PSoC4/UART_1_SPI_UART_INT.c **** * Note:
  10:.\Generated_Source\PSoC4/UART_1_SPI_UART_INT.c **** *
  11:.\Generated_Source\PSoC4/UART_1_SPI_UART_INT.c **** ********************************************************************************
  12:.\Generated_Source\PSoC4/UART_1_SPI_UART_INT.c **** * Copyright 2013-2015, Cypress Semiconductor Corporation.  All rights reserved.
  13:.\Generated_Source\PSoC4/UART_1_SPI_UART_INT.c **** * You may use this file only in accordance with the license, terms, conditions,
  14:.\Generated_Source\PSoC4/UART_1_SPI_UART_INT.c **** * disclaimers, and limitations in the end user license agreement accompanying
  15:.\Generated_Source\PSoC4/UART_1_SPI_UART_INT.c **** * the software package with which this file was provided.
  16:.\Generated_Source\PSoC4/UART_1_SPI_UART_INT.c **** *******************************************************************************/
  17:.\Generated_Source\PSoC4/UART_1_SPI_UART_INT.c **** 
  18:.\Generated_Source\PSoC4/UART_1_SPI_UART_INT.c **** #include "UART_1_PVT.h"
  19:.\Generated_Source\PSoC4/UART_1_SPI_UART_INT.c **** #include "UART_1_SPI_UART_PVT.h"
  20:.\Generated_Source\PSoC4/UART_1_SPI_UART_INT.c **** 
  21:.\Generated_Source\PSoC4/UART_1_SPI_UART_INT.c **** #if (UART_1_SCB_IRQ_INTERNAL)
  22:.\Generated_Source\PSoC4/UART_1_SPI_UART_INT.c **** /*******************************************************************************
  23:.\Generated_Source\PSoC4/UART_1_SPI_UART_INT.c **** * Function Name: UART_1_SPI_UART_ISR
  24:.\Generated_Source\PSoC4/UART_1_SPI_UART_INT.c **** ********************************************************************************
  25:.\Generated_Source\PSoC4/UART_1_SPI_UART_INT.c **** *
  26:.\Generated_Source\PSoC4/UART_1_SPI_UART_INT.c **** * Summary:
  27:.\Generated_Source\PSoC4/UART_1_SPI_UART_INT.c **** *  Handles the Interrupt Service Routine for the SCB SPI or UART modes.
  28:.\Generated_Source\PSoC4/UART_1_SPI_UART_INT.c **** *
  29:.\Generated_Source\PSoC4/UART_1_SPI_UART_INT.c **** * Parameters:
  30:.\Generated_Source\PSoC4/UART_1_SPI_UART_INT.c **** *  None
  31:.\Generated_Source\PSoC4/UART_1_SPI_UART_INT.c **** *
  32:.\Generated_Source\PSoC4/UART_1_SPI_UART_INT.c **** * Return:
ARM GAS  C:\Users\marce\AppData\Local\Temp\ccokOrk1.s 			page 2


  33:.\Generated_Source\PSoC4/UART_1_SPI_UART_INT.c **** *  None
  34:.\Generated_Source\PSoC4/UART_1_SPI_UART_INT.c **** *
  35:.\Generated_Source\PSoC4/UART_1_SPI_UART_INT.c **** *******************************************************************************/
  36:.\Generated_Source\PSoC4/UART_1_SPI_UART_INT.c **** CY_ISR(UART_1_SPI_UART_ISR)
  37:.\Generated_Source\PSoC4/UART_1_SPI_UART_INT.c **** {
  26              		.loc 1 37 0
  27              		.cfi_startproc
  28 0000 F8B5     		push	{r3, r4, r5, r6, r7, lr}
  29              		.cfi_def_cfa_offset 24
  30              		.cfi_offset 3, -24
  31              		.cfi_offset 4, -20
  32              		.cfi_offset 5, -16
  33              		.cfi_offset 6, -12
  34              		.cfi_offset 7, -8
  35              		.cfi_offset 14, -4
  38:.\Generated_Source\PSoC4/UART_1_SPI_UART_INT.c **** #if (UART_1_INTERNAL_RX_SW_BUFFER_CONST)
  39:.\Generated_Source\PSoC4/UART_1_SPI_UART_INT.c ****     uint32 locHead;
  40:.\Generated_Source\PSoC4/UART_1_SPI_UART_INT.c **** #endif /* (UART_1_INTERNAL_RX_SW_BUFFER_CONST) */
  41:.\Generated_Source\PSoC4/UART_1_SPI_UART_INT.c **** 
  42:.\Generated_Source\PSoC4/UART_1_SPI_UART_INT.c **** #if (UART_1_INTERNAL_TX_SW_BUFFER_CONST)
  43:.\Generated_Source\PSoC4/UART_1_SPI_UART_INT.c ****     uint32 locTail;
  44:.\Generated_Source\PSoC4/UART_1_SPI_UART_INT.c **** #endif /* (UART_1_INTERNAL_TX_SW_BUFFER_CONST) */
  45:.\Generated_Source\PSoC4/UART_1_SPI_UART_INT.c **** 
  46:.\Generated_Source\PSoC4/UART_1_SPI_UART_INT.c ****     if (NULL != UART_1_customIntrHandler)
  36              		.loc 1 46 0
  37 0002 314B     		ldr	r3, .L20
  38 0004 1B68     		ldr	r3, [r3]
  39 0006 002B     		cmp	r3, #0
  40 0008 00D0     		beq	.L2
  47:.\Generated_Source\PSoC4/UART_1_SPI_UART_INT.c ****     {
  48:.\Generated_Source\PSoC4/UART_1_SPI_UART_INT.c ****         UART_1_customIntrHandler();
  41              		.loc 1 48 0
  42 000a 9847     		blx	r3
  43              	.LVL0:
  44              	.L2:
  49:.\Generated_Source\PSoC4/UART_1_SPI_UART_INT.c ****     }
  50:.\Generated_Source\PSoC4/UART_1_SPI_UART_INT.c **** 
  51:.\Generated_Source\PSoC4/UART_1_SPI_UART_INT.c ****     if (UART_1_CHECK_SPI_WAKE_ENABLE)
  45              		.loc 1 51 0
  46 000c 2F4B     		ldr	r3, .L20+4
  47 000e 1B78     		ldrb	r3, [r3]
  48 0010 002B     		cmp	r3, #0
  49 0012 02D0     		beq	.L3
  52:.\Generated_Source\PSoC4/UART_1_SPI_UART_INT.c ****     {
  53:.\Generated_Source\PSoC4/UART_1_SPI_UART_INT.c ****         /* Clear SPI wakeup source */
  54:.\Generated_Source\PSoC4/UART_1_SPI_UART_INT.c ****         UART_1_ClearSpiExtClkInterruptSource(UART_1_INTR_SPI_EC_WAKE_UP);
  50              		.loc 1 54 0
  51 0014 0122     		mov	r2, #1
  52 0016 2E4B     		ldr	r3, .L20+8
  53 0018 1A60     		str	r2, [r3]
  54              	.L3:
  55:.\Generated_Source\PSoC4/UART_1_SPI_UART_INT.c ****     }
  56:.\Generated_Source\PSoC4/UART_1_SPI_UART_INT.c ****     
  57:.\Generated_Source\PSoC4/UART_1_SPI_UART_INT.c **** 
  58:.\Generated_Source\PSoC4/UART_1_SPI_UART_INT.c ****     if (UART_1_CHECK_RX_SW_BUFFER)
  55              		.loc 1 58 0
  56 001a 2E4B     		ldr	r3, .L20+12
ARM GAS  C:\Users\marce\AppData\Local\Temp\ccokOrk1.s 			page 3


  57 001c 1B68     		ldr	r3, [r3]
  58 001e 002B     		cmp	r3, #0
  59 0020 24D0     		beq	.L4
  59:.\Generated_Source\PSoC4/UART_1_SPI_UART_INT.c ****     {
  60:.\Generated_Source\PSoC4/UART_1_SPI_UART_INT.c ****         if (UART_1_CHECK_INTR_RX_MASKED(UART_1_INTR_RX_NOT_EMPTY))
  60              		.loc 1 60 0
  61 0022 2D4B     		ldr	r3, .L20+16
  62 0024 1B68     		ldr	r3, [r3]
  63 0026 5A07     		lsl	r2, r3, #29
  64 0028 20D5     		bpl	.L4
  61:.\Generated_Source\PSoC4/UART_1_SPI_UART_INT.c ****         {
  62:.\Generated_Source\PSoC4/UART_1_SPI_UART_INT.c ****             do
  63:.\Generated_Source\PSoC4/UART_1_SPI_UART_INT.c ****             {
  64:.\Generated_Source\PSoC4/UART_1_SPI_UART_INT.c ****                 /* Move local head index */
  65:.\Generated_Source\PSoC4/UART_1_SPI_UART_INT.c ****                 locHead = (UART_1_rxBufferHead + 1u);
  65              		.loc 1 65 0
  66 002a 2C4F     		ldr	r7, .L20+20
  66:.\Generated_Source\PSoC4/UART_1_SPI_UART_INT.c **** 
  67:.\Generated_Source\PSoC4/UART_1_SPI_UART_INT.c ****                 /* Adjust local head index */
  68:.\Generated_Source\PSoC4/UART_1_SPI_UART_INT.c ****                 if (UART_1_INTERNAL_RX_BUFFER_SIZE == locHead)
  67              		.loc 1 68 0
  68 002c 2C4E     		ldr	r6, .L20+24
  69:.\Generated_Source\PSoC4/UART_1_SPI_UART_INT.c ****                 {
  70:.\Generated_Source\PSoC4/UART_1_SPI_UART_INT.c ****                     locHead = 0u;
  71:.\Generated_Source\PSoC4/UART_1_SPI_UART_INT.c ****                 }
  72:.\Generated_Source\PSoC4/UART_1_SPI_UART_INT.c **** 
  73:.\Generated_Source\PSoC4/UART_1_SPI_UART_INT.c ****                 if (locHead == UART_1_rxBufferTail)
  69              		.loc 1 73 0
  70 002e 2D4D     		ldr	r5, .L20+28
  71              	.L17:
  65:.\Generated_Source\PSoC4/UART_1_SPI_UART_INT.c ****                 locHead = (UART_1_rxBufferHead + 1u);
  72              		.loc 1 65 0
  73 0030 3C68     		ldr	r4, [r7]
  74 0032 0134     		add	r4, r4, #1
  75              	.LVL1:
  68:.\Generated_Source\PSoC4/UART_1_SPI_UART_INT.c ****                 if (UART_1_INTERNAL_RX_BUFFER_SIZE == locHead)
  76              		.loc 1 68 0
  77 0034 3368     		ldr	r3, [r6]
  78 0036 0133     		add	r3, r3, #1
  79 0038 A342     		cmp	r3, r4
  80 003a 00D1     		bne	.L5
  70:.\Generated_Source\PSoC4/UART_1_SPI_UART_INT.c ****                     locHead = 0u;
  81              		.loc 1 70 0
  82 003c 0024     		mov	r4, #0
  83              	.LVL2:
  84              	.L5:
  85              		.loc 1 73 0
  86 003e 2B68     		ldr	r3, [r5]
  87 0040 9C42     		cmp	r4, r3
  88 0042 05D1     		bne	.L6
  74:.\Generated_Source\PSoC4/UART_1_SPI_UART_INT.c ****                 {
  75:.\Generated_Source\PSoC4/UART_1_SPI_UART_INT.c ****                     if (UART_1_CHECK_UART_RTS_CONTROL_FLOW)
  76:.\Generated_Source\PSoC4/UART_1_SPI_UART_INT.c ****                     {
  77:.\Generated_Source\PSoC4/UART_1_SPI_UART_INT.c ****                         /* There is no space in the software buffer - disable the
  78:.\Generated_Source\PSoC4/UART_1_SPI_UART_INT.c ****                         * RX Not Empty interrupt source. The data elements are
  79:.\Generated_Source\PSoC4/UART_1_SPI_UART_INT.c ****                         * still being received into the RX FIFO until the RTS signal
  80:.\Generated_Source\PSoC4/UART_1_SPI_UART_INT.c ****                         * stops the transmitter. After the data element is read from the
ARM GAS  C:\Users\marce\AppData\Local\Temp\ccokOrk1.s 			page 4


  81:.\Generated_Source\PSoC4/UART_1_SPI_UART_INT.c ****                         * buffer, the RX Not Empty interrupt source is enabled to
  82:.\Generated_Source\PSoC4/UART_1_SPI_UART_INT.c ****                         * move the next data element in the software buffer.
  83:.\Generated_Source\PSoC4/UART_1_SPI_UART_INT.c ****                         */
  84:.\Generated_Source\PSoC4/UART_1_SPI_UART_INT.c ****                         UART_1_INTR_RX_MASK_REG &= ~UART_1_INTR_RX_NOT_EMPTY;
  85:.\Generated_Source\PSoC4/UART_1_SPI_UART_INT.c ****                         break;
  86:.\Generated_Source\PSoC4/UART_1_SPI_UART_INT.c ****                     }
  87:.\Generated_Source\PSoC4/UART_1_SPI_UART_INT.c ****                     else
  88:.\Generated_Source\PSoC4/UART_1_SPI_UART_INT.c ****                     {
  89:.\Generated_Source\PSoC4/UART_1_SPI_UART_INT.c ****                         /* Overflow: through away received data element */
  90:.\Generated_Source\PSoC4/UART_1_SPI_UART_INT.c ****                         (void) UART_1_RX_FIFO_RD_REG;
  89              		.loc 1 90 0
  90 0044 284B     		ldr	r3, .L20+32
  91 0046 1B68     		ldr	r3, [r3]
  91:.\Generated_Source\PSoC4/UART_1_SPI_UART_INT.c ****                         UART_1_rxBufferOverflow = (uint8) UART_1_INTR_RX_OVERFLOW;
  92              		.loc 1 91 0
  93 0048 2022     		mov	r2, #32
  94 004a 284B     		ldr	r3, .L20+36
  95 004c 1A70     		strb	r2, [r3]
  96 004e 06E0     		b	.L7
  97              	.L6:
  92:.\Generated_Source\PSoC4/UART_1_SPI_UART_INT.c ****                     }
  93:.\Generated_Source\PSoC4/UART_1_SPI_UART_INT.c ****                     
  94:.\Generated_Source\PSoC4/UART_1_SPI_UART_INT.c ****                 }
  95:.\Generated_Source\PSoC4/UART_1_SPI_UART_INT.c ****                 else
  96:.\Generated_Source\PSoC4/UART_1_SPI_UART_INT.c ****                 {
  97:.\Generated_Source\PSoC4/UART_1_SPI_UART_INT.c ****                     /* Store received data */
  98:.\Generated_Source\PSoC4/UART_1_SPI_UART_INT.c ****                     UART_1_PutWordInRxBuffer(locHead, UART_1_RX_FIFO_RD_REG);
  98              		.loc 1 98 0
  99 0050 254B     		ldr	r3, .L20+32
 100 0052 1968     		ldr	r1, [r3]
 101 0054 201C     		mov	r0, r4
 102 0056 FFF7FEFF 		bl	UART_1_PutWordInRxBuffer
 103              	.LVL3:
  99:.\Generated_Source\PSoC4/UART_1_SPI_UART_INT.c **** 
 100:.\Generated_Source\PSoC4/UART_1_SPI_UART_INT.c ****                     /* Move head index */
 101:.\Generated_Source\PSoC4/UART_1_SPI_UART_INT.c ****                     UART_1_rxBufferHead = locHead;
 104              		.loc 1 101 0
 105 005a 204B     		ldr	r3, .L20+20
 106 005c 1C60     		str	r4, [r3]
 107              	.L7:
 102:.\Generated_Source\PSoC4/UART_1_SPI_UART_INT.c ****                 }
 103:.\Generated_Source\PSoC4/UART_1_SPI_UART_INT.c ****             }
 104:.\Generated_Source\PSoC4/UART_1_SPI_UART_INT.c ****             while(0u != UART_1_GET_RX_FIFO_ENTRIES);
 108              		.loc 1 104 0
 109 005e 244B     		ldr	r3, .L20+40
 110 0060 1B68     		ldr	r3, [r3]
 111 0062 1A07     		lsl	r2, r3, #28
 112 0064 E4D1     		bne	.L17
 105:.\Generated_Source\PSoC4/UART_1_SPI_UART_INT.c **** 
 106:.\Generated_Source\PSoC4/UART_1_SPI_UART_INT.c ****             UART_1_ClearRxInterruptSource(UART_1_INTR_RX_NOT_EMPTY);
 113              		.loc 1 106 0
 114 0066 0422     		mov	r2, #4
 115 0068 224B     		ldr	r3, .L20+44
 116 006a 1A60     		str	r2, [r3]
 117              	.LVL4:
 118              	.L4:
 107:.\Generated_Source\PSoC4/UART_1_SPI_UART_INT.c ****         }
ARM GAS  C:\Users\marce\AppData\Local\Temp\ccokOrk1.s 			page 5


 108:.\Generated_Source\PSoC4/UART_1_SPI_UART_INT.c ****     }
 109:.\Generated_Source\PSoC4/UART_1_SPI_UART_INT.c ****     
 110:.\Generated_Source\PSoC4/UART_1_SPI_UART_INT.c **** 
 111:.\Generated_Source\PSoC4/UART_1_SPI_UART_INT.c **** 
 112:.\Generated_Source\PSoC4/UART_1_SPI_UART_INT.c ****     if (UART_1_CHECK_TX_SW_BUFFER)
 119              		.loc 1 112 0
 120 006c 224B     		ldr	r3, .L20+48
 121 006e 1B68     		ldr	r3, [r3]
 122 0070 002B     		cmp	r3, #0
 123 0072 27D0     		beq	.L1
 113:.\Generated_Source\PSoC4/UART_1_SPI_UART_INT.c ****     {
 114:.\Generated_Source\PSoC4/UART_1_SPI_UART_INT.c ****         if (UART_1_CHECK_INTR_TX_MASKED(UART_1_INTR_TX_NOT_FULL))
 124              		.loc 1 114 0
 125 0074 214B     		ldr	r3, .L20+52
 126 0076 1B68     		ldr	r3, [r3]
 127 0078 9A07     		lsl	r2, r3, #30
 128 007a 23D5     		bpl	.L1
 115:.\Generated_Source\PSoC4/UART_1_SPI_UART_INT.c ****         {
 116:.\Generated_Source\PSoC4/UART_1_SPI_UART_INT.c ****             do
 117:.\Generated_Source\PSoC4/UART_1_SPI_UART_INT.c ****             {
 118:.\Generated_Source\PSoC4/UART_1_SPI_UART_INT.c ****                 /* Check for room in TX software buffer */
 119:.\Generated_Source\PSoC4/UART_1_SPI_UART_INT.c ****                 if (UART_1_txBufferHead != UART_1_txBufferTail)
 129              		.loc 1 119 0
 130 007c 204E     		ldr	r6, .L20+56
 131 007e 214D     		ldr	r5, .L20+60
 120:.\Generated_Source\PSoC4/UART_1_SPI_UART_INT.c ****                 {
 121:.\Generated_Source\PSoC4/UART_1_SPI_UART_INT.c ****                     /* Move local tail index */
 122:.\Generated_Source\PSoC4/UART_1_SPI_UART_INT.c ****                     locTail = (UART_1_txBufferTail + 1u);
 132              		.loc 1 122 0
 133 0080 2F1C     		mov	r7, r5
 134              	.L16:
 119:.\Generated_Source\PSoC4/UART_1_SPI_UART_INT.c ****                 if (UART_1_txBufferHead != UART_1_txBufferTail)
 135              		.loc 1 119 0
 136 0082 3268     		ldr	r2, [r6]
 137 0084 2B68     		ldr	r3, [r5]
 138 0086 9A42     		cmp	r2, r3
 139 0088 14D0     		beq	.L10
 140              		.loc 1 122 0
 141 008a 3C68     		ldr	r4, [r7]
 142 008c 0134     		add	r4, r4, #1
 143              	.LVL5:
 123:.\Generated_Source\PSoC4/UART_1_SPI_UART_INT.c **** 
 124:.\Generated_Source\PSoC4/UART_1_SPI_UART_INT.c ****                     /* Adjust local tail index */
 125:.\Generated_Source\PSoC4/UART_1_SPI_UART_INT.c ****                     if (UART_1_TX_BUFFER_SIZE == locTail)
 144              		.loc 1 125 0
 145 008e 1E4B     		ldr	r3, .L20+64
 146 0090 1B68     		ldr	r3, [r3]
 147 0092 A342     		cmp	r3, r4
 148 0094 00D1     		bne	.L11
 126:.\Generated_Source\PSoC4/UART_1_SPI_UART_INT.c ****                     {
 127:.\Generated_Source\PSoC4/UART_1_SPI_UART_INT.c ****                         locTail = 0u;
 149              		.loc 1 127 0
 150 0096 0024     		mov	r4, #0
 151              	.LVL6:
 152              	.L11:
 128:.\Generated_Source\PSoC4/UART_1_SPI_UART_INT.c ****                     }
 129:.\Generated_Source\PSoC4/UART_1_SPI_UART_INT.c **** 
ARM GAS  C:\Users\marce\AppData\Local\Temp\ccokOrk1.s 			page 6


 130:.\Generated_Source\PSoC4/UART_1_SPI_UART_INT.c ****                     /* Put data into TX FIFO */
 131:.\Generated_Source\PSoC4/UART_1_SPI_UART_INT.c ****                     UART_1_TX_FIFO_WR_REG = UART_1_GetWordFromTxBuffer(locTail);
 153              		.loc 1 131 0
 154 0098 201C     		mov	r0, r4
 155 009a FFF7FEFF 		bl	UART_1_GetWordFromTxBuffer
 156              	.LVL7:
 157 009e 1B4B     		ldr	r3, .L20+68
 158 00a0 1860     		str	r0, [r3]
 132:.\Generated_Source\PSoC4/UART_1_SPI_UART_INT.c **** 
 133:.\Generated_Source\PSoC4/UART_1_SPI_UART_INT.c ****                     /* Move tail index */
 134:.\Generated_Source\PSoC4/UART_1_SPI_UART_INT.c ****                     UART_1_txBufferTail = locTail;
 159              		.loc 1 134 0
 160 00a2 184B     		ldr	r3, .L20+60
 161 00a4 1C60     		str	r4, [r3]
 135:.\Generated_Source\PSoC4/UART_1_SPI_UART_INT.c ****                 }
 136:.\Generated_Source\PSoC4/UART_1_SPI_UART_INT.c ****                 else
 137:.\Generated_Source\PSoC4/UART_1_SPI_UART_INT.c ****                 {
 138:.\Generated_Source\PSoC4/UART_1_SPI_UART_INT.c ****                     /* TX software buffer is empty: complete transfer */
 139:.\Generated_Source\PSoC4/UART_1_SPI_UART_INT.c ****                     UART_1_DISABLE_INTR_TX(UART_1_INTR_TX_NOT_FULL);
 140:.\Generated_Source\PSoC4/UART_1_SPI_UART_INT.c ****                     break;
 141:.\Generated_Source\PSoC4/UART_1_SPI_UART_INT.c ****                 }
 142:.\Generated_Source\PSoC4/UART_1_SPI_UART_INT.c ****             }
 143:.\Generated_Source\PSoC4/UART_1_SPI_UART_INT.c ****             while (UART_1_SPI_UART_FIFO_SIZE != UART_1_GET_TX_FIFO_ENTRIES);
 162              		.loc 1 143 0
 163 00a6 1A4B     		ldr	r3, .L20+72
 164 00a8 1B68     		ldr	r3, [r3]
 165 00aa 0F22     		mov	r2, #15
 166 00ac 1340     		and	r3, r2
 167 00ae 082B     		cmp	r3, #8
 168 00b0 E7D1     		bne	.L16
 169 00b2 04E0     		b	.L13
 170              	.LVL8:
 171              	.L10:
 139:.\Generated_Source\PSoC4/UART_1_SPI_UART_INT.c ****                     UART_1_DISABLE_INTR_TX(UART_1_INTR_TX_NOT_FULL);
 172              		.loc 1 139 0
 173 00b4 174B     		ldr	r3, .L20+76
 174 00b6 1A68     		ldr	r2, [r3]
 175 00b8 0221     		mov	r1, #2
 176 00ba 8A43     		bic	r2, r1
 177 00bc 1A60     		str	r2, [r3]
 178              	.L13:
 144:.\Generated_Source\PSoC4/UART_1_SPI_UART_INT.c **** 
 145:.\Generated_Source\PSoC4/UART_1_SPI_UART_INT.c ****             UART_1_ClearTxInterruptSource(UART_1_INTR_TX_NOT_FULL);
 179              		.loc 1 145 0
 180 00be 0222     		mov	r2, #2
 181 00c0 154B     		ldr	r3, .L20+80
 182 00c2 1A60     		str	r2, [r3]
 183              	.L1:
 146:.\Generated_Source\PSoC4/UART_1_SPI_UART_INT.c ****         }
 147:.\Generated_Source\PSoC4/UART_1_SPI_UART_INT.c ****     }
 148:.\Generated_Source\PSoC4/UART_1_SPI_UART_INT.c ****     
 149:.\Generated_Source\PSoC4/UART_1_SPI_UART_INT.c **** }
 184              		.loc 1 149 0
 185              		@ sp needed
 186 00c4 F8BD     		pop	{r3, r4, r5, r6, r7, pc}
 187              	.L21:
 188 00c6 C046     		.align	2
ARM GAS  C:\Users\marce\AppData\Local\Temp\ccokOrk1.s 			page 7


 189              	.L20:
 190 00c8 00000000 		.word	UART_1_customIntrHandler
 191 00cc 00000000 		.word	UART_1_scbEnableWake
 192 00d0 C00E0740 		.word	1074204352
 193 00d4 00000000 		.word	UART_1_rxBuffer
 194 00d8 CC0F0740 		.word	1074204620
 195 00dc 00000000 		.word	UART_1_rxBufferHead
 196 00e0 00000000 		.word	UART_1_rxBufferSize
 197 00e4 00000000 		.word	UART_1_rxBufferTail
 198 00e8 40030740 		.word	1074201408
 199 00ec 00000000 		.word	UART_1_rxBufferOverflow
 200 00f0 08030740 		.word	1074201352
 201 00f4 C00F0740 		.word	1074204608
 202 00f8 00000000 		.word	UART_1_txBuffer
 203 00fc 8C0F0740 		.word	1074204556
 204 0100 00000000 		.word	UART_1_txBufferHead
 205 0104 00000000 		.word	UART_1_txBufferTail
 206 0108 00000000 		.word	UART_1_txBufferSize
 207 010c 40020740 		.word	1074201152
 208 0110 08020740 		.word	1074201096
 209 0114 880F0740 		.word	1074204552
 210 0118 800F0740 		.word	1074204544
 211              		.cfi_endproc
 212              	.LFE0:
 213              		.size	UART_1_SPI_UART_ISR, .-UART_1_SPI_UART_ISR
 214              		.text
 215              	.Letext0:
 216              		.file 2 "Generated_Source\\PSoC4/cytypes.h"
 217              		.file 3 ".\\Generated_Source\\PSoC4\\UART_1_PVT.h"
 218              		.file 4 ".\\Generated_Source\\PSoC4\\UART_1_SPI_UART_PVT.h"
 219              		.file 5 ".\\Generated_Source\\PSoC4\\UART_1_SPI_UART.h"
 220              		.section	.debug_info,"",%progbits
 221              	.Ldebug_info0:
 222 0000 C3010000 		.4byte	0x1c3
 223 0004 0400     		.2byte	0x4
 224 0006 00000000 		.4byte	.Ldebug_abbrev0
 225 000a 04       		.byte	0x4
 226 000b 01       		.uleb128 0x1
 227 000c 98010000 		.4byte	.LASF32
 228 0010 01       		.byte	0x1
 229 0011 3E010000 		.4byte	.LASF33
 230 0015 4B000000 		.4byte	.LASF34
 231 0019 00000000 		.4byte	.Ldebug_ranges0+0
 232 001d 00000000 		.4byte	0
 233 0021 00000000 		.4byte	.Ldebug_line0
 234 0025 02       		.uleb128 0x2
 235 0026 01       		.byte	0x1
 236 0027 06       		.byte	0x6
 237 0028 BC020000 		.4byte	.LASF0
 238 002c 02       		.uleb128 0x2
 239 002d 01       		.byte	0x1
 240 002e 08       		.byte	0x8
 241 002f C4000000 		.4byte	.LASF1
 242 0033 02       		.uleb128 0x2
 243 0034 02       		.byte	0x2
 244 0035 05       		.byte	0x5
 245 0036 85020000 		.4byte	.LASF2
ARM GAS  C:\Users\marce\AppData\Local\Temp\ccokOrk1.s 			page 8


 246 003a 02       		.uleb128 0x2
 247 003b 02       		.byte	0x2
 248 003c 07       		.byte	0x7
 249 003d 38000000 		.4byte	.LASF3
 250 0041 02       		.uleb128 0x2
 251 0042 04       		.byte	0x4
 252 0043 05       		.byte	0x5
 253 0044 A3020000 		.4byte	.LASF4
 254 0048 02       		.uleb128 0x2
 255 0049 04       		.byte	0x4
 256 004a 07       		.byte	0x7
 257 004b E7000000 		.4byte	.LASF5
 258 004f 02       		.uleb128 0x2
 259 0050 08       		.byte	0x8
 260 0051 05       		.byte	0x5
 261 0052 5E020000 		.4byte	.LASF6
 262 0056 02       		.uleb128 0x2
 263 0057 08       		.byte	0x8
 264 0058 07       		.byte	0x7
 265 0059 81010000 		.4byte	.LASF7
 266 005d 03       		.uleb128 0x3
 267 005e 04       		.byte	0x4
 268 005f 05       		.byte	0x5
 269 0060 696E7400 		.ascii	"int\000"
 270 0064 02       		.uleb128 0x2
 271 0065 04       		.byte	0x4
 272 0066 07       		.byte	0x7
 273 0067 74010000 		.4byte	.LASF8
 274 006b 04       		.uleb128 0x4
 275 006c F9000000 		.4byte	.LASF9
 276 0070 02       		.byte	0x2
 277 0071 B3       		.byte	0xb3
 278 0072 2C000000 		.4byte	0x2c
 279 0076 04       		.uleb128 0x4
 280 0077 6D010000 		.4byte	.LASF10
 281 007b 02       		.byte	0x2
 282 007c B5       		.byte	0xb5
 283 007d 48000000 		.4byte	0x48
 284 0081 02       		.uleb128 0x2
 285 0082 04       		.byte	0x4
 286 0083 04       		.byte	0x4
 287 0084 BE000000 		.4byte	.LASF11
 288 0088 02       		.uleb128 0x2
 289 0089 08       		.byte	0x8
 290 008a 04       		.byte	0x4
 291 008b 37010000 		.4byte	.LASF12
 292 008f 02       		.uleb128 0x2
 293 0090 01       		.byte	0x1
 294 0091 08       		.byte	0x8
 295 0092 6C020000 		.4byte	.LASF13
 296 0096 05       		.uleb128 0x5
 297 0097 6B000000 		.4byte	0x6b
 298 009b 06       		.uleb128 0x6
 299 009c 19000000 		.4byte	.LASF14
 300 00a0 02       		.byte	0x2
 301 00a1 5F01     		.2byte	0x15f
 302 00a3 A7000000 		.4byte	0xa7
ARM GAS  C:\Users\marce\AppData\Local\Temp\ccokOrk1.s 			page 9


 303 00a7 05       		.uleb128 0x5
 304 00a8 76000000 		.4byte	0x76
 305 00ac 06       		.uleb128 0x6
 306 00ad 14020000 		.4byte	.LASF15
 307 00b1 02       		.byte	0x2
 308 00b2 6F01     		.2byte	0x16f
 309 00b4 B8000000 		.4byte	0xb8
 310 00b8 07       		.uleb128 0x7
 311 00b9 04       		.byte	0x4
 312 00ba BE000000 		.4byte	0xbe
 313 00be 08       		.uleb128 0x8
 314 00bf 02       		.uleb128 0x2
 315 00c0 04       		.byte	0x4
 316 00c1 07       		.byte	0x7
 317 00c2 41020000 		.4byte	.LASF16
 318 00c6 09       		.uleb128 0x9
 319 00c7 FF000000 		.4byte	.LASF35
 320 00cb 01       		.byte	0x1
 321 00cc 24       		.byte	0x24
 322 00cd 00000000 		.4byte	.LFB0
 323 00d1 1C010000 		.4byte	.LFE0-.LFB0
 324 00d5 01       		.uleb128 0x1
 325 00d6 9C       		.byte	0x9c
 326 00d7 1E010000 		.4byte	0x11e
 327 00db 0A       		.uleb128 0xa
 328 00dc B6000000 		.4byte	.LASF17
 329 00e0 01       		.byte	0x1
 330 00e1 27       		.byte	0x27
 331 00e2 76000000 		.4byte	0x76
 332 00e6 00000000 		.4byte	.LLST0
 333 00ea 0A       		.uleb128 0xa
 334 00eb 39020000 		.4byte	.LASF18
 335 00ef 01       		.byte	0x1
 336 00f0 2B       		.byte	0x2b
 337 00f1 76000000 		.4byte	0x76
 338 00f5 13000000 		.4byte	.LLST1
 339 00f9 0B       		.uleb128 0xb
 340 00fa 5A000000 		.4byte	.LVL3
 341 00fe 9D010000 		.4byte	0x19d
 342 0102 0D010000 		.4byte	0x10d
 343 0106 0C       		.uleb128 0xc
 344 0107 01       		.uleb128 0x1
 345 0108 50       		.byte	0x50
 346 0109 02       		.uleb128 0x2
 347 010a 74       		.byte	0x74
 348 010b 00       		.sleb128 0
 349 010c 00       		.byte	0
 350 010d 0D       		.uleb128 0xd
 351 010e 9E000000 		.4byte	.LVL7
 352 0112 B4010000 		.4byte	0x1b4
 353 0116 0C       		.uleb128 0xc
 354 0117 01       		.uleb128 0x1
 355 0118 50       		.byte	0x50
 356 0119 02       		.uleb128 0x2
 357 011a 74       		.byte	0x74
 358 011b 00       		.sleb128 0
 359 011c 00       		.byte	0
ARM GAS  C:\Users\marce\AppData\Local\Temp\ccokOrk1.s 			page 10


 360 011d 00       		.byte	0
 361 011e 0E       		.uleb128 0xe
 362 011f 00000000 		.4byte	.LASF19
 363 0123 03       		.byte	0x3
 364 0124 3A       		.byte	0x3a
 365 0125 AC000000 		.4byte	0xac
 366 0129 0E       		.uleb128 0xe
 367 012a D2000000 		.4byte	.LASF20
 368 012e 03       		.byte	0x3
 369 012f 43       		.byte	0x43
 370 0130 6B000000 		.4byte	0x6b
 371 0134 0E       		.uleb128 0xe
 372 0135 AC020000 		.4byte	.LASF21
 373 0139 03       		.byte	0x3
 374 013a 4B       		.byte	0x4b
 375 013b 3F010000 		.4byte	0x13f
 376 013f 07       		.uleb128 0x7
 377 0140 04       		.byte	0x4
 378 0141 96000000 		.4byte	0x96
 379 0145 0E       		.uleb128 0xe
 380 0146 8F020000 		.4byte	.LASF22
 381 014a 03       		.byte	0x3
 382 014b 4D       		.byte	0x4d
 383 014c 76000000 		.4byte	0x76
 384 0150 0E       		.uleb128 0xe
 385 0151 27010000 		.4byte	.LASF23
 386 0155 03       		.byte	0x3
 387 0156 4F       		.byte	0x4f
 388 0157 3F010000 		.4byte	0x13f
 389 015b 0E       		.uleb128 0xe
 390 015c 4A020000 		.4byte	.LASF24
 391 0160 03       		.byte	0x3
 392 0161 51       		.byte	0x51
 393 0162 76000000 		.4byte	0x76
 394 0166 0E       		.uleb128 0xe
 395 0167 E3020000 		.4byte	.LASF25
 396 016b 04       		.byte	0x4
 397 016c 1E       		.byte	0x1e
 398 016d A7000000 		.4byte	0xa7
 399 0171 0E       		.uleb128 0xe
 400 0172 13010000 		.4byte	.LASF26
 401 0176 04       		.byte	0x4
 402 0177 1F       		.byte	0x1f
 403 0178 A7000000 		.4byte	0xa7
 404 017c 0E       		.uleb128 0xe
 405 017d 21020000 		.4byte	.LASF27
 406 0181 04       		.byte	0x4
 407 0182 20       		.byte	0x20
 408 0183 96000000 		.4byte	0x96
 409 0187 0E       		.uleb128 0xe
 410 0188 71020000 		.4byte	.LASF28
 411 018c 04       		.byte	0x4
 412 018d 24       		.byte	0x24
 413 018e A7000000 		.4byte	0xa7
 414 0192 0E       		.uleb128 0xe
 415 0193 A2000000 		.4byte	.LASF29
 416 0197 04       		.byte	0x4
ARM GAS  C:\Users\marce\AppData\Local\Temp\ccokOrk1.s 			page 11


 417 0198 25       		.byte	0x25
 418 0199 A7000000 		.4byte	0xa7
 419 019d 0F       		.uleb128 0xf
 420 019e 1F000000 		.4byte	.LASF30
 421 01a2 05       		.byte	0x5
 422 01a3 9F01     		.2byte	0x19f
 423 01a5 B4010000 		.4byte	0x1b4
 424 01a9 10       		.uleb128 0x10
 425 01aa 76000000 		.4byte	0x76
 426 01ae 10       		.uleb128 0x10
 427 01af 76000000 		.4byte	0x76
 428 01b3 00       		.byte	0
 429 01b4 11       		.uleb128 0x11
 430 01b5 C8020000 		.4byte	.LASF31
 431 01b9 05       		.byte	0x5
 432 01ba A401     		.2byte	0x1a4
 433 01bc 76000000 		.4byte	0x76
 434 01c0 10       		.uleb128 0x10
 435 01c1 76000000 		.4byte	0x76
 436 01c5 00       		.byte	0
 437 01c6 00       		.byte	0
 438              		.section	.debug_abbrev,"",%progbits
 439              	.Ldebug_abbrev0:
 440 0000 01       		.uleb128 0x1
 441 0001 11       		.uleb128 0x11
 442 0002 01       		.byte	0x1
 443 0003 25       		.uleb128 0x25
 444 0004 0E       		.uleb128 0xe
 445 0005 13       		.uleb128 0x13
 446 0006 0B       		.uleb128 0xb
 447 0007 03       		.uleb128 0x3
 448 0008 0E       		.uleb128 0xe
 449 0009 1B       		.uleb128 0x1b
 450 000a 0E       		.uleb128 0xe
 451 000b 55       		.uleb128 0x55
 452 000c 17       		.uleb128 0x17
 453 000d 11       		.uleb128 0x11
 454 000e 01       		.uleb128 0x1
 455 000f 10       		.uleb128 0x10
 456 0010 17       		.uleb128 0x17
 457 0011 00       		.byte	0
 458 0012 00       		.byte	0
 459 0013 02       		.uleb128 0x2
 460 0014 24       		.uleb128 0x24
 461 0015 00       		.byte	0
 462 0016 0B       		.uleb128 0xb
 463 0017 0B       		.uleb128 0xb
 464 0018 3E       		.uleb128 0x3e
 465 0019 0B       		.uleb128 0xb
 466 001a 03       		.uleb128 0x3
 467 001b 0E       		.uleb128 0xe
 468 001c 00       		.byte	0
 469 001d 00       		.byte	0
 470 001e 03       		.uleb128 0x3
 471 001f 24       		.uleb128 0x24
 472 0020 00       		.byte	0
 473 0021 0B       		.uleb128 0xb
ARM GAS  C:\Users\marce\AppData\Local\Temp\ccokOrk1.s 			page 12


 474 0022 0B       		.uleb128 0xb
 475 0023 3E       		.uleb128 0x3e
 476 0024 0B       		.uleb128 0xb
 477 0025 03       		.uleb128 0x3
 478 0026 08       		.uleb128 0x8
 479 0027 00       		.byte	0
 480 0028 00       		.byte	0
 481 0029 04       		.uleb128 0x4
 482 002a 16       		.uleb128 0x16
 483 002b 00       		.byte	0
 484 002c 03       		.uleb128 0x3
 485 002d 0E       		.uleb128 0xe
 486 002e 3A       		.uleb128 0x3a
 487 002f 0B       		.uleb128 0xb
 488 0030 3B       		.uleb128 0x3b
 489 0031 0B       		.uleb128 0xb
 490 0032 49       		.uleb128 0x49
 491 0033 13       		.uleb128 0x13
 492 0034 00       		.byte	0
 493 0035 00       		.byte	0
 494 0036 05       		.uleb128 0x5
 495 0037 35       		.uleb128 0x35
 496 0038 00       		.byte	0
 497 0039 49       		.uleb128 0x49
 498 003a 13       		.uleb128 0x13
 499 003b 00       		.byte	0
 500 003c 00       		.byte	0
 501 003d 06       		.uleb128 0x6
 502 003e 16       		.uleb128 0x16
 503 003f 00       		.byte	0
 504 0040 03       		.uleb128 0x3
 505 0041 0E       		.uleb128 0xe
 506 0042 3A       		.uleb128 0x3a
 507 0043 0B       		.uleb128 0xb
 508 0044 3B       		.uleb128 0x3b
 509 0045 05       		.uleb128 0x5
 510 0046 49       		.uleb128 0x49
 511 0047 13       		.uleb128 0x13
 512 0048 00       		.byte	0
 513 0049 00       		.byte	0
 514 004a 07       		.uleb128 0x7
 515 004b 0F       		.uleb128 0xf
 516 004c 00       		.byte	0
 517 004d 0B       		.uleb128 0xb
 518 004e 0B       		.uleb128 0xb
 519 004f 49       		.uleb128 0x49
 520 0050 13       		.uleb128 0x13
 521 0051 00       		.byte	0
 522 0052 00       		.byte	0
 523 0053 08       		.uleb128 0x8
 524 0054 15       		.uleb128 0x15
 525 0055 00       		.byte	0
 526 0056 27       		.uleb128 0x27
 527 0057 19       		.uleb128 0x19
 528 0058 00       		.byte	0
 529 0059 00       		.byte	0
 530 005a 09       		.uleb128 0x9
ARM GAS  C:\Users\marce\AppData\Local\Temp\ccokOrk1.s 			page 13


 531 005b 2E       		.uleb128 0x2e
 532 005c 01       		.byte	0x1
 533 005d 3F       		.uleb128 0x3f
 534 005e 19       		.uleb128 0x19
 535 005f 03       		.uleb128 0x3
 536 0060 0E       		.uleb128 0xe
 537 0061 3A       		.uleb128 0x3a
 538 0062 0B       		.uleb128 0xb
 539 0063 3B       		.uleb128 0x3b
 540 0064 0B       		.uleb128 0xb
 541 0065 27       		.uleb128 0x27
 542 0066 19       		.uleb128 0x19
 543 0067 11       		.uleb128 0x11
 544 0068 01       		.uleb128 0x1
 545 0069 12       		.uleb128 0x12
 546 006a 06       		.uleb128 0x6
 547 006b 40       		.uleb128 0x40
 548 006c 18       		.uleb128 0x18
 549 006d 9642     		.uleb128 0x2116
 550 006f 19       		.uleb128 0x19
 551 0070 01       		.uleb128 0x1
 552 0071 13       		.uleb128 0x13
 553 0072 00       		.byte	0
 554 0073 00       		.byte	0
 555 0074 0A       		.uleb128 0xa
 556 0075 34       		.uleb128 0x34
 557 0076 00       		.byte	0
 558 0077 03       		.uleb128 0x3
 559 0078 0E       		.uleb128 0xe
 560 0079 3A       		.uleb128 0x3a
 561 007a 0B       		.uleb128 0xb
 562 007b 3B       		.uleb128 0x3b
 563 007c 0B       		.uleb128 0xb
 564 007d 49       		.uleb128 0x49
 565 007e 13       		.uleb128 0x13
 566 007f 02       		.uleb128 0x2
 567 0080 17       		.uleb128 0x17
 568 0081 00       		.byte	0
 569 0082 00       		.byte	0
 570 0083 0B       		.uleb128 0xb
 571 0084 898201   		.uleb128 0x4109
 572 0087 01       		.byte	0x1
 573 0088 11       		.uleb128 0x11
 574 0089 01       		.uleb128 0x1
 575 008a 31       		.uleb128 0x31
 576 008b 13       		.uleb128 0x13
 577 008c 01       		.uleb128 0x1
 578 008d 13       		.uleb128 0x13
 579 008e 00       		.byte	0
 580 008f 00       		.byte	0
 581 0090 0C       		.uleb128 0xc
 582 0091 8A8201   		.uleb128 0x410a
 583 0094 00       		.byte	0
 584 0095 02       		.uleb128 0x2
 585 0096 18       		.uleb128 0x18
 586 0097 9142     		.uleb128 0x2111
 587 0099 18       		.uleb128 0x18
ARM GAS  C:\Users\marce\AppData\Local\Temp\ccokOrk1.s 			page 14


 588 009a 00       		.byte	0
 589 009b 00       		.byte	0
 590 009c 0D       		.uleb128 0xd
 591 009d 898201   		.uleb128 0x4109
 592 00a0 01       		.byte	0x1
 593 00a1 11       		.uleb128 0x11
 594 00a2 01       		.uleb128 0x1
 595 00a3 31       		.uleb128 0x31
 596 00a4 13       		.uleb128 0x13
 597 00a5 00       		.byte	0
 598 00a6 00       		.byte	0
 599 00a7 0E       		.uleb128 0xe
 600 00a8 34       		.uleb128 0x34
 601 00a9 00       		.byte	0
 602 00aa 03       		.uleb128 0x3
 603 00ab 0E       		.uleb128 0xe
 604 00ac 3A       		.uleb128 0x3a
 605 00ad 0B       		.uleb128 0xb
 606 00ae 3B       		.uleb128 0x3b
 607 00af 0B       		.uleb128 0xb
 608 00b0 49       		.uleb128 0x49
 609 00b1 13       		.uleb128 0x13
 610 00b2 3F       		.uleb128 0x3f
 611 00b3 19       		.uleb128 0x19
 612 00b4 3C       		.uleb128 0x3c
 613 00b5 19       		.uleb128 0x19
 614 00b6 00       		.byte	0
 615 00b7 00       		.byte	0
 616 00b8 0F       		.uleb128 0xf
 617 00b9 2E       		.uleb128 0x2e
 618 00ba 01       		.byte	0x1
 619 00bb 3F       		.uleb128 0x3f
 620 00bc 19       		.uleb128 0x19
 621 00bd 03       		.uleb128 0x3
 622 00be 0E       		.uleb128 0xe
 623 00bf 3A       		.uleb128 0x3a
 624 00c0 0B       		.uleb128 0xb
 625 00c1 3B       		.uleb128 0x3b
 626 00c2 05       		.uleb128 0x5
 627 00c3 27       		.uleb128 0x27
 628 00c4 19       		.uleb128 0x19
 629 00c5 3C       		.uleb128 0x3c
 630 00c6 19       		.uleb128 0x19
 631 00c7 01       		.uleb128 0x1
 632 00c8 13       		.uleb128 0x13
 633 00c9 00       		.byte	0
 634 00ca 00       		.byte	0
 635 00cb 10       		.uleb128 0x10
 636 00cc 05       		.uleb128 0x5
 637 00cd 00       		.byte	0
 638 00ce 49       		.uleb128 0x49
 639 00cf 13       		.uleb128 0x13
 640 00d0 00       		.byte	0
 641 00d1 00       		.byte	0
 642 00d2 11       		.uleb128 0x11
 643 00d3 2E       		.uleb128 0x2e
 644 00d4 01       		.byte	0x1
ARM GAS  C:\Users\marce\AppData\Local\Temp\ccokOrk1.s 			page 15


 645 00d5 3F       		.uleb128 0x3f
 646 00d6 19       		.uleb128 0x19
 647 00d7 03       		.uleb128 0x3
 648 00d8 0E       		.uleb128 0xe
 649 00d9 3A       		.uleb128 0x3a
 650 00da 0B       		.uleb128 0xb
 651 00db 3B       		.uleb128 0x3b
 652 00dc 05       		.uleb128 0x5
 653 00dd 27       		.uleb128 0x27
 654 00de 19       		.uleb128 0x19
 655 00df 49       		.uleb128 0x49
 656 00e0 13       		.uleb128 0x13
 657 00e1 3C       		.uleb128 0x3c
 658 00e2 19       		.uleb128 0x19
 659 00e3 00       		.byte	0
 660 00e4 00       		.byte	0
 661 00e5 00       		.byte	0
 662              		.section	.debug_loc,"",%progbits
 663              	.Ldebug_loc0:
 664              	.LLST0:
 665 0000 34000000 		.4byte	.LVL1
 666 0004 6C000000 		.4byte	.LVL4
 667 0008 0100     		.2byte	0x1
 668 000a 54       		.byte	0x54
 669 000b 00000000 		.4byte	0
 670 000f 00000000 		.4byte	0
 671              	.LLST1:
 672 0013 8E000000 		.4byte	.LVL5
 673 0017 B4000000 		.4byte	.LVL8
 674 001b 0100     		.2byte	0x1
 675 001d 54       		.byte	0x54
 676 001e 00000000 		.4byte	0
 677 0022 00000000 		.4byte	0
 678              		.section	.debug_aranges,"",%progbits
 679 0000 1C000000 		.4byte	0x1c
 680 0004 0200     		.2byte	0x2
 681 0006 00000000 		.4byte	.Ldebug_info0
 682 000a 04       		.byte	0x4
 683 000b 00       		.byte	0
 684 000c 0000     		.2byte	0
 685 000e 0000     		.2byte	0
 686 0010 00000000 		.4byte	.LFB0
 687 0014 1C010000 		.4byte	.LFE0-.LFB0
 688 0018 00000000 		.4byte	0
 689 001c 00000000 		.4byte	0
 690              		.section	.debug_ranges,"",%progbits
 691              	.Ldebug_ranges0:
 692 0000 00000000 		.4byte	.LFB0
 693 0004 1C010000 		.4byte	.LFE0
 694 0008 00000000 		.4byte	0
 695 000c 00000000 		.4byte	0
 696              		.section	.debug_line,"",%progbits
 697              	.Ldebug_line0:
 698 0000 E5000000 		.section	.debug_str,"MS",%progbits,1
 698      0200A700 
 698      00000201 
 698      FB0E0D00 
ARM GAS  C:\Users\marce\AppData\Local\Temp\ccokOrk1.s 			page 16


 698      01010101 
 699              	.LASF19:
 700 0000 55415254 		.ascii	"UART_1_customIntrHandler\000"
 700      5F315F63 
 700      7573746F 
 700      6D496E74 
 700      7248616E 
 701              	.LASF14:
 702 0019 72656733 		.ascii	"reg32\000"
 702      3200
 703              	.LASF30:
 704 001f 55415254 		.ascii	"UART_1_PutWordInRxBuffer\000"
 704      5F315F50 
 704      7574576F 
 704      7264496E 
 704      52784275 
 705              	.LASF3:
 706 0038 73686F72 		.ascii	"short unsigned int\000"
 706      7420756E 
 706      7369676E 
 706      65642069 
 706      6E7400
 707              	.LASF34:
 708 004b 433A5C55 		.ascii	"C:\\Users\\marce\\Documents\\Tesis\\Psoc_Creator\\D"
 708      73657273 
 708      5C6D6172 
 708      63655C44 
 708      6F63756D 
 709 0078 61746120 		.ascii	"ata Exchange MT174\\Interface_driver.cydsn\000"
 709      45786368 
 709      616E6765 
 709      204D5431 
 709      37345C49 
 710              	.LASF29:
 711 00a2 55415254 		.ascii	"UART_1_txBufferTail\000"
 711      5F315F74 
 711      78427566 
 711      66657254 
 711      61696C00 
 712              	.LASF17:
 713 00b6 6C6F6348 		.ascii	"locHead\000"
 713      65616400 
 714              	.LASF11:
 715 00be 666C6F61 		.ascii	"float\000"
 715      7400
 716              	.LASF1:
 717 00c4 756E7369 		.ascii	"unsigned char\000"
 717      676E6564 
 717      20636861 
 717      7200
 718              	.LASF20:
 719 00d2 55415254 		.ascii	"UART_1_scbEnableWake\000"
 719      5F315F73 
 719      6362456E 
 719      61626C65 
 719      57616B65 
 720              	.LASF5:
ARM GAS  C:\Users\marce\AppData\Local\Temp\ccokOrk1.s 			page 17


 721 00e7 6C6F6E67 		.ascii	"long unsigned int\000"
 721      20756E73 
 721      69676E65 
 721      6420696E 
 721      7400
 722              	.LASF9:
 723 00f9 75696E74 		.ascii	"uint8\000"
 723      3800
 724              	.LASF35:
 725 00ff 55415254 		.ascii	"UART_1_SPI_UART_ISR\000"
 725      5F315F53 
 725      50495F55 
 725      4152545F 
 725      49535200 
 726              	.LASF26:
 727 0113 55415254 		.ascii	"UART_1_rxBufferTail\000"
 727      5F315F72 
 727      78427566 
 727      66657254 
 727      61696C00 
 728              	.LASF23:
 729 0127 55415254 		.ascii	"UART_1_txBuffer\000"
 729      5F315F74 
 729      78427566 
 729      66657200 
 730              	.LASF12:
 731 0137 646F7562 		.ascii	"double\000"
 731      6C6500
 732              	.LASF33:
 733 013e 2E5C4765 		.ascii	".\\Generated_Source\\PSoC4\\UART_1_SPI_UART_INT.c\000"
 733      6E657261 
 733      7465645F 
 733      536F7572 
 733      63655C50 
 734              	.LASF10:
 735 016d 75696E74 		.ascii	"uint32\000"
 735      333200
 736              	.LASF8:
 737 0174 756E7369 		.ascii	"unsigned int\000"
 737      676E6564 
 737      20696E74 
 737      00
 738              	.LASF7:
 739 0181 6C6F6E67 		.ascii	"long long unsigned int\000"
 739      206C6F6E 
 739      6720756E 
 739      7369676E 
 739      65642069 
 740              	.LASF32:
 741 0198 474E5520 		.ascii	"GNU C 4.8.4 20140526 (release) [ARM/embedded-4_8-br"
 741      4320342E 
 741      382E3420 
 741      32303134 
 741      30353236 
 742 01cb 616E6368 		.ascii	"anch revision 211358] -mcpu=cortex-m0 -mthumb -g -O"
 742      20726576 
 742      6973696F 
ARM GAS  C:\Users\marce\AppData\Local\Temp\ccokOrk1.s 			page 18


 742      6E203231 
 742      31333538 
 743 01fe 67202D66 		.ascii	"g -ffunction-sections\000"
 743      66756E63 
 743      74696F6E 
 743      2D736563 
 743      74696F6E 
 744              	.LASF15:
 745 0214 63796973 		.ascii	"cyisraddress\000"
 745      72616464 
 745      72657373 
 745      00
 746              	.LASF27:
 747 0221 55415254 		.ascii	"UART_1_rxBufferOverflow\000"
 747      5F315F72 
 747      78427566 
 747      6665724F 
 747      76657266 
 748              	.LASF18:
 749 0239 6C6F6354 		.ascii	"locTail\000"
 749      61696C00 
 750              	.LASF16:
 751 0241 73697A65 		.ascii	"sizetype\000"
 751      74797065 
 751      00
 752              	.LASF24:
 753 024a 55415254 		.ascii	"UART_1_txBufferSize\000"
 753      5F315F74 
 753      78427566 
 753      66657253 
 753      697A6500 
 754              	.LASF6:
 755 025e 6C6F6E67 		.ascii	"long long int\000"
 755      206C6F6E 
 755      6720696E 
 755      7400
 756              	.LASF13:
 757 026c 63686172 		.ascii	"char\000"
 757      00
 758              	.LASF28:
 759 0271 55415254 		.ascii	"UART_1_txBufferHead\000"
 759      5F315F74 
 759      78427566 
 759      66657248 
 759      65616400 
 760              	.LASF2:
 761 0285 73686F72 		.ascii	"short int\000"
 761      7420696E 
 761      7400
 762              	.LASF22:
 763 028f 55415254 		.ascii	"UART_1_rxBufferSize\000"
 763      5F315F72 
 763      78427566 
 763      66657253 
 763      697A6500 
 764              	.LASF4:
 765 02a3 6C6F6E67 		.ascii	"long int\000"
ARM GAS  C:\Users\marce\AppData\Local\Temp\ccokOrk1.s 			page 19


 765      20696E74 
 765      00
 766              	.LASF21:
 767 02ac 55415254 		.ascii	"UART_1_rxBuffer\000"
 767      5F315F72 
 767      78427566 
 767      66657200 
 768              	.LASF0:
 769 02bc 7369676E 		.ascii	"signed char\000"
 769      65642063 
 769      68617200 
 770              	.LASF31:
 771 02c8 55415254 		.ascii	"UART_1_GetWordFromTxBuffer\000"
 771      5F315F47 
 771      6574576F 
 771      72644672 
 771      6F6D5478 
 772              	.LASF25:
 773 02e3 55415254 		.ascii	"UART_1_rxBufferHead\000"
 773      5F315F72 
 773      78427566 
 773      66657248 
 773      65616400 
 774              		.ident	"GCC: (GNU Tools for ARM Embedded Processors) 4.8.4 20140526 (release) [ARM/embedded-4_8-br
